{"/home/runner/work/graph-editor/graph-editor/src/helpTopics.ts": {"path":"/home/runner/work/graph-editor/graph-editor/src/helpTopics.ts","statementMap":{"0":{"start":{"line":1,"column":15},"end":{"line":1,"column":null}}},"fnMap":{},"branchMap":{},"s":{"0":3},"f":{},"b":{}}
,"/home/runner/work/graph-editor/graph-editor/src/main.ts": {"path":"/home/runner/work/graph-editor/graph-editor/src/main.ts","statementMap":{"0":{"start":{"line":1,"column":0},"end":{"line":1,"column":null}},"1":{"start":{"line":2,"column":0},"end":{"line":2,"column":null}},"2":{"start":{"line":3,"column":0},"end":{"line":3,"column":null}},"3":{"start":{"line":4,"column":0},"end":{"line":4,"column":null}},"4":{"start":{"line":5,"column":0},"end":{"line":5,"column":null}},"5":{"start":{"line":6,"column":0},"end":{"line":6,"column":null}},"6":{"start":{"line":7,"column":0},"end":{"line":7,"column":null}},"7":{"start":{"line":8,"column":0},"end":{"line":8,"column":null}},"8":{"start":{"line":9,"column":0},"end":{"line":9,"column":null}},"9":{"start":{"line":11,"column":0},"end":{"line":11,"column":null}},"10":{"start":{"line":12,"column":0},"end":{"line":12,"column":4}},"11":{"start":{"line":13,"column":0},"end":{"line":13,"column":4}},"12":{"start":{"line":14,"column":0},"end":{"line":14,"column":4}},"13":{"start":{"line":15,"column":14},"end":{"line":15,"column":18}},"14":{"start":{"line":16,"column":0},"end":{"line":16,"column":5}},"15":{"start":{"line":21,"column":0},"end":{"line":21,"column":5}},"16":{"start":{"line":22,"column":0},"end":{"line":22,"column":5}},"17":{"start":{"line":22,"column":23},"end":{"line":22,"column":46}},"18":{"start":{"line":23,"column":4},"end":{"line":23,"column":9}},"19":{"start":{"line":25,"column":15},"end":{"line":25,"column":19}},"20":{"start":{"line":36,"column":16},"end":{"line":36,"column":23}},"21":{"start":{"line":43,"column":16},"end":{"line":43,"column":23}},"22":{"start":{"line":48,"column":0},"end":{"line":48,"column":5}},"23":{"start":{"line":49,"column":15},"end":{"line":49,"column":19}},"24":{"start":{"line":53,"column":17},"end":{"line":53,"column":19}}},"fnMap":{"0":{"name":"(anonymous_0)","decl":{"start":{"line":22,"column":13},"end":{"line":22,"column":23}},"loc":{"start":{"line":22,"column":23},"end":{"line":22,"column":46}}},"1":{"name":"(anonymous_1)","decl":{"start":{"line":22,"column":46},"end":{"line":22,"column":51}},"loc":{"start":{"line":22,"column":51},"end":{"line":24,"column":null}}},"2":{"name":"(anonymous_2)","decl":{"start":{"line":35,"column":19},"end":{"line":35,"column":29}},"loc":{"start":{"line":35,"column":34},"end":{"line":37,"column":null}}},"3":{"name":"(anonymous_3)","decl":{"start":{"line":42,"column":19},"end":{"line":42,"column":29}},"loc":{"start":{"line":42,"column":34},"end":{"line":44,"column":null}}},"4":{"name":"(anonymous_4)","decl":{"start":{"line":53,"column":12},"end":{"line":53,"column":13}},"loc":{"start":{"line":53,"column":17},"end":{"line":53,"column":19}}}},"branchMap":{},"s":{"0":1,"1":1,"2":1,"3":1,"4":1,"5":1,"6":1,"7":1,"8":1,"9":1,"10":1,"11":1,"12":1,"13":1,"14":1,"15":1,"16":1,"17":2,"18":0,"19":1,"20":0,"21":0,"22":1,"23":1,"24":1},"f":{"0":2,"1":0,"2":0,"3":0,"4":1},"b":{}}
,"/home/runner/work/graph-editor/graph-editor/src/components/ControlPanel.vue": {"path":"/home/runner/work/graph-editor/graph-editor/src/components/ControlPanel.vue","statementMap":{"0":{"start":{"line":168,"column":0},"end":{"line":168,"column":null}},"1":{"start":{"line":169,"column":0},"end":{"line":169,"column":null}},"2":{"start":{"line":170,"column":0},"end":{"line":170,"column":null}},"3":{"start":{"line":171,"column":0},"end":{"line":171,"column":null}},"4":{"start":{"line":172,"column":0},"end":{"line":172,"column":null}},"5":{"start":{"line":173,"column":0},"end":{"line":173,"column":null}},"6":{"start":{"line":174,"column":0},"end":{"line":174,"column":null}},"7":{"start":{"line":175,"column":0},"end":{"line":175,"column":null}},"8":{"start":{"line":176,"column":0},"end":{"line":176,"column":null}},"9":{"start":{"line":177,"column":0},"end":{"line":177,"column":null}},"10":{"start":{"line":193,"column":0},"end":{"line":193,"column":null}},"11":{"start":{"line":196,"column":0},"end":{"line":196,"column":null}},"12":{"start":{"line":200,"column":0},"end":{"line":200,"column":null}},"13":{"start":{"line":207,"column":0},"end":{"line":207,"column":null}},"14":{"start":{"line":208,"column":0},"end":{"line":208,"column":null}},"15":{"start":{"line":209,"column":0},"end":{"line":209,"column":null}},"16":{"start":{"line":210,"column":0},"end":{"line":210,"column":null}},"17":{"start":{"line":211,"column":0},"end":{"line":211,"column":null}},"18":{"start":{"line":212,"column":0},"end":{"line":212,"column":null}},"19":{"start":{"line":213,"column":0},"end":{"line":213,"column":null}},"20":{"start":{"line":214,"column":0},"end":{"line":214,"column":null}},"21":{"start":{"line":215,"column":0},"end":{"line":215,"column":null}},"22":{"start":{"line":216,"column":0},"end":{"line":216,"column":null}},"23":{"start":{"line":217,"column":0},"end":{"line":217,"column":null}},"24":{"start":{"line":218,"column":0},"end":{"line":218,"column":null}},"25":{"start":{"line":219,"column":0},"end":{"line":219,"column":null}},"26":{"start":{"line":220,"column":0},"end":{"line":220,"column":null}},"27":{"start":{"line":221,"column":0},"end":{"line":221,"column":null}},"28":{"start":{"line":224,"column":0},"end":{"line":224,"column":null}},"29":{"start":{"line":229,"column":0},"end":{"line":229,"column":null}},"30":{"start":{"line":230,"column":0},"end":{"line":232,"column":null}},"31":{"start":{"line":231,"column":0},"end":{"line":231,"column":null}},"32":{"start":{"line":233,"column":0},"end":{"line":233,"column":null}},"33":{"start":{"line":244,"column":0},"end":{"line":250,"column":null}},"34":{"start":{"line":245,"column":0},"end":{"line":245,"column":null}},"35":{"start":{"line":246,"column":0},"end":{"line":246,"column":null}},"36":{"start":{"line":249,"column":0},"end":{"line":249,"column":null}},"37":{"start":{"line":253,"column":0},"end":{"line":255,"column":null}},"38":{"start":{"line":254,"column":0},"end":{"line":254,"column":null}},"39":{"start":{"line":256,"column":0},"end":{"line":256,"column":null}},"40":{"start":{"line":261,"column":0},"end":{"line":264,"column":null}},"41":{"start":{"line":262,"column":0},"end":{"line":262,"column":null}},"42":{"start":{"line":263,"column":0},"end":{"line":263,"column":null}},"43":{"start":{"line":265,"column":0},"end":{"line":265,"column":null}},"44":{"start":{"line":268,"column":0},"end":{"line":271,"column":null}},"45":{"start":{"line":269,"column":0},"end":{"line":269,"column":null}},"46":{"start":{"line":270,"column":0},"end":{"line":270,"column":null}},"47":{"start":{"line":272,"column":0},"end":{"line":272,"column":null}},"48":{"start":{"line":273,"column":0},"end":{"line":273,"column":null}},"49":{"start":{"line":277,"column":0},"end":{"line":277,"column":null}},"50":{"start":{"line":280,"column":0},"end":{"line":280,"column":null}}},"fnMap":{"0":{"name":"(anonymous_1)","decl":{"start":{"line":192,"column":0},"end":{"line":192,"column":null}},"loc":{"start":{"line":192,"column":0},"end":{"line":194,"column":null}}},"1":{"name":"(anonymous_2)","decl":{"start":{"line":195,"column":0},"end":{"line":195,"column":null}},"loc":{"start":{"line":195,"column":0},"end":{"line":197,"column":null}}},"2":{"name":"(anonymous_3)","decl":{"start":{"line":199,"column":0},"end":{"line":199,"column":null}},"loc":{"start":{"line":199,"column":0},"end":{"line":201,"column":null}}},"3":{"name":"(anonymous_4)","decl":{"start":{"line":207,"column":0},"end":{"line":207,"column":null}},"loc":{"start":{"line":207,"column":0},"end":{"line":207,"column":null}}},"4":{"name":"(anonymous_5)","decl":{"start":{"line":208,"column":0},"end":{"line":208,"column":null}},"loc":{"start":{"line":208,"column":0},"end":{"line":208,"column":null}}},"5":{"name":"(anonymous_6)","decl":{"start":{"line":209,"column":0},"end":{"line":209,"column":null}},"loc":{"start":{"line":209,"column":0},"end":{"line":209,"column":null}}},"6":{"name":"(anonymous_7)","decl":{"start":{"line":210,"column":0},"end":{"line":210,"column":null}},"loc":{"start":{"line":210,"column":0},"end":{"line":210,"column":null}}},"7":{"name":"(anonymous_8)","decl":{"start":{"line":211,"column":0},"end":{"line":211,"column":null}},"loc":{"start":{"line":211,"column":0},"end":{"line":211,"column":null}}},"8":{"name":"(anonymous_9)","decl":{"start":{"line":212,"column":0},"end":{"line":212,"column":null}},"loc":{"start":{"line":212,"column":0},"end":{"line":212,"column":null}}},"9":{"name":"(anonymous_10)","decl":{"start":{"line":213,"column":0},"end":{"line":213,"column":null}},"loc":{"start":{"line":213,"column":0},"end":{"line":213,"column":null}}},"10":{"name":"(anonymous_11)","decl":{"start":{"line":214,"column":0},"end":{"line":214,"column":null}},"loc":{"start":{"line":214,"column":0},"end":{"line":214,"column":null}}},"11":{"name":"(anonymous_12)","decl":{"start":{"line":215,"column":0},"end":{"line":215,"column":null}},"loc":{"start":{"line":215,"column":0},"end":{"line":215,"column":null}}},"12":{"name":"(anonymous_13)","decl":{"start":{"line":216,"column":0},"end":{"line":216,"column":null}},"loc":{"start":{"line":216,"column":0},"end":{"line":216,"column":null}}},"13":{"name":"(anonymous_14)","decl":{"start":{"line":217,"column":0},"end":{"line":217,"column":null}},"loc":{"start":{"line":217,"column":0},"end":{"line":217,"column":null}}},"14":{"name":"(anonymous_15)","decl":{"start":{"line":218,"column":0},"end":{"line":218,"column":null}},"loc":{"start":{"line":218,"column":0},"end":{"line":218,"column":null}}},"15":{"name":"(anonymous_16)","decl":{"start":{"line":219,"column":0},"end":{"line":219,"column":null}},"loc":{"start":{"line":219,"column":0},"end":{"line":219,"column":null}}},"16":{"name":"(anonymous_17)","decl":{"start":{"line":220,"column":0},"end":{"line":220,"column":null}},"loc":{"start":{"line":220,"column":0},"end":{"line":220,"column":null}}},"17":{"name":"(anonymous_18)","decl":{"start":{"line":221,"column":0},"end":{"line":221,"column":null}},"loc":{"start":{"line":221,"column":0},"end":{"line":221,"column":null}}},"18":{"name":"(anonymous_19)","decl":{"start":{"line":223,"column":0},"end":{"line":223,"column":null}},"loc":{"start":{"line":223,"column":0},"end":{"line":227,"column":null}}},"19":{"name":"(anonymous_20)","decl":{"start":{"line":228,"column":0},"end":{"line":228,"column":null}},"loc":{"start":{"line":228,"column":0},"end":{"line":237,"column":null}}},"20":{"name":"(anonymous_21)","decl":{"start":{"line":243,"column":0},"end":{"line":243,"column":null}},"loc":{"start":{"line":243,"column":0},"end":{"line":251,"column":null}}},"21":{"name":"(anonymous_22)","decl":{"start":{"line":252,"column":0},"end":{"line":252,"column":null}},"loc":{"start":{"line":252,"column":0},"end":{"line":266,"column":null}}},"22":{"name":"(anonymous_23)","decl":{"start":{"line":261,"column":0},"end":{"line":261,"column":null}},"loc":{"start":{"line":261,"column":0},"end":{"line":264,"column":null}}},"23":{"name":"(anonymous_24)","decl":{"start":{"line":267,"column":0},"end":{"line":267,"column":null}},"loc":{"start":{"line":267,"column":0},"end":{"line":274,"column":null}}},"24":{"name":"(anonymous_25)","decl":{"start":{"line":276,"column":0},"end":{"line":276,"column":null}},"loc":{"start":{"line":276,"column":0},"end":{"line":278,"column":null}}},"25":{"name":"(anonymous_26)","decl":{"start":{"line":279,"column":0},"end":{"line":279,"column":null}},"loc":{"start":{"line":279,"column":0},"end":{"line":304,"column":null}}}},"branchMap":{"0":{"loc":{"start":{"line":230,"column":0},"end":{"line":232,"column":null}},"type":"if","locations":[{"start":{"line":230,"column":0},"end":{"line":232,"column":null}},{"start":{"line":230,"column":0},"end":{"line":232,"column":null}}]},"1":{"loc":{"start":{"line":234,"column":0},"end":{"line":234,"column":null}},"type":"cond-expr","locations":[{"start":{"line":234,"column":0},"end":{"line":234,"column":null}},{"start":{"line":234,"column":0},"end":{"line":234,"column":null}}]},"2":{"loc":{"start":{"line":235,"column":0},"end":{"line":235,"column":null}},"type":"cond-expr","locations":[{"start":{"line":235,"column":0},"end":{"line":235,"column":null}},{"start":{"line":235,"column":0},"end":{"line":235,"column":null}}]},"3":{"loc":{"start":{"line":244,"column":0},"end":{"line":250,"column":null}},"type":"if","locations":[{"start":{"line":244,"column":0},"end":{"line":250,"column":null}},{"start":{"line":244,"column":0},"end":{"line":250,"column":null}}]},"4":{"loc":{"start":{"line":253,"column":0},"end":{"line":255,"column":null}},"type":"if","locations":[{"start":{"line":253,"column":0},"end":{"line":255,"column":null}},{"start":{"line":253,"column":0},"end":{"line":255,"column":null}}]},"5":{"loc":{"start":{"line":268,"column":0},"end":{"line":271,"column":null}},"type":"if","locations":[{"start":{"line":268,"column":0},"end":{"line":271,"column":null}},{"start":{"line":268,"column":0},"end":{"line":271,"column":null}}]}},"s":{"0":3,"1":3,"2":3,"3":3,"4":3,"5":3,"6":3,"7":3,"8":3,"9":3,"10":0,"11":1,"12":0,"13":4,"14":0,"15":0,"16":0,"17":0,"18":4,"19":0,"20":0,"21":0,"22":0,"23":4,"24":0,"25":0,"26":0,"27":0,"28":0,"29":6,"30":6,"31":6,"32":6,"33":2,"34":2,"35":2,"36":2,"37":2,"38":0,"39":2,"40":2,"41":0,"42":0,"43":2,"44":1,"45":0,"46":0,"47":1,"48":1,"49":4,"50":4},"f":{"0":0,"1":1,"2":0,"3":4,"4":0,"5":0,"6":0,"7":0,"8":4,"9":0,"10":0,"11":0,"12":0,"13":4,"14":0,"15":0,"16":0,"17":0,"18":0,"19":6,"20":2,"21":2,"22":0,"23":1,"24":4,"25":4},"b":{"0":[6,0],"1":[0,6],"2":[1,5],"3":[2,0],"4":[0,2],"5":[0,1]}}
,"/home/runner/work/graph-editor/graph-editor/src/components/EdgeConnector.vue": {"path":"/home/runner/work/graph-editor/graph-editor/src/components/EdgeConnector.vue","statementMap":{"0":{"start":{"line":13,"column":0},"end":{"line":13,"column":null}},"1":{"start":{"line":14,"column":0},"end":{"line":14,"column":null}},"2":{"start":{"line":15,"column":0},"end":{"line":15,"column":null}},"3":{"start":{"line":16,"column":0},"end":{"line":16,"column":null}},"4":{"start":{"line":25,"column":0},"end":{"line":25,"column":null}},"5":{"start":{"line":46,"column":0},"end":{"line":46,"column":null}},"6":{"start":{"line":47,"column":0},"end":{"line":47,"column":null}},"7":{"start":{"line":48,"column":0},"end":{"line":48,"column":null}},"8":{"start":{"line":49,"column":0},"end":{"line":49,"column":null}},"9":{"start":{"line":50,"column":0},"end":{"line":50,"column":null}},"10":{"start":{"line":51,"column":0},"end":{"line":51,"column":null}},"11":{"start":{"line":52,"column":0},"end":{"line":52,"column":null}},"12":{"start":{"line":53,"column":0},"end":{"line":53,"column":null}},"13":{"start":{"line":54,"column":0},"end":{"line":54,"column":null}},"14":{"start":{"line":55,"column":0},"end":{"line":55,"column":null}},"15":{"start":{"line":56,"column":0},"end":{"line":56,"column":null}},"16":{"start":{"line":57,"column":0},"end":{"line":57,"column":null}},"17":{"start":{"line":58,"column":0},"end":{"line":58,"column":null}},"18":{"start":{"line":59,"column":0},"end":{"line":59,"column":null}},"19":{"start":{"line":60,"column":0},"end":{"line":60,"column":null}},"20":{"start":{"line":63,"column":0},"end":{"line":63,"column":null}},"21":{"start":{"line":66,"column":0},"end":{"line":66,"column":null}},"22":{"start":{"line":69,"column":0},"end":{"line":69,"column":null}},"23":{"start":{"line":72,"column":0},"end":{"line":72,"column":null}},"24":{"start":{"line":75,"column":0},"end":{"line":75,"column":null}},"25":{"start":{"line":78,"column":0},"end":{"line":80,"column":null}},"26":{"start":{"line":79,"column":0},"end":{"line":79,"column":null}},"27":{"start":{"line":81,"column":0},"end":{"line":81,"column":null}},"28":{"start":{"line":82,"column":0},"end":{"line":82,"column":null}},"29":{"start":{"line":89,"column":0},"end":{"line":91,"column":null}},"30":{"start":{"line":90,"column":0},"end":{"line":90,"column":null}},"31":{"start":{"line":92,"column":0},"end":{"line":94,"column":null}},"32":{"start":{"line":93,"column":0},"end":{"line":93,"column":null}},"33":{"start":{"line":95,"column":0},"end":{"line":95,"column":null}},"34":{"start":{"line":96,"column":0},"end":{"line":96,"column":null}},"35":{"start":{"line":103,"column":0},"end":{"line":105,"column":null}},"36":{"start":{"line":104,"column":0},"end":{"line":104,"column":null}},"37":{"start":{"line":106,"column":0},"end":{"line":106,"column":null}},"38":{"start":{"line":109,"column":0},"end":{"line":109,"column":null}},"39":{"start":{"line":117,"column":0},"end":{"line":117,"column":null}},"40":{"start":{"line":128,"column":0},"end":{"line":128,"column":null}},"41":{"start":{"line":132,"column":0},"end":{"line":132,"column":null}},"42":{"start":{"line":133,"column":0},"end":{"line":133,"column":null}},"43":{"start":{"line":134,"column":0},"end":{"line":140,"column":null}},"44":{"start":{"line":135,"column":0},"end":{"line":139,"column":null}},"45":{"start":{"line":136,"column":0},"end":{"line":136,"column":null}},"46":{"start":{"line":138,"column":0},"end":{"line":138,"column":null}},"47":{"start":{"line":146,"column":0},"end":{"line":146,"column":null}},"48":{"start":{"line":147,"column":0},"end":{"line":147,"column":null}},"49":{"start":{"line":153,"column":0},"end":{"line":153,"column":null}},"50":{"start":{"line":154,"column":0},"end":{"line":154,"column":null}},"51":{"start":{"line":160,"column":0},"end":{"line":160,"column":null}},"52":{"start":{"line":166,"column":0},"end":{"line":166,"column":null}},"53":{"start":{"line":172,"column":0},"end":{"line":174,"column":null}},"54":{"start":{"line":173,"column":0},"end":{"line":173,"column":null}},"55":{"start":{"line":180,"column":0},"end":{"line":180,"column":null}},"56":{"start":{"line":185,"column":0},"end":{"line":185,"column":null}},"57":{"start":{"line":190,"column":0},"end":{"line":190,"column":null}},"58":{"start":{"line":195,"column":0},"end":{"line":195,"column":null}},"59":{"start":{"line":199,"column":0},"end":{"line":202,"column":null}},"60":{"start":{"line":200,"column":0},"end":{"line":200,"column":null}},"61":{"start":{"line":201,"column":0},"end":{"line":201,"column":null}},"62":{"start":{"line":209,"column":0},"end":{"line":216,"column":null}},"63":{"start":{"line":210,"column":0},"end":{"line":212,"column":null}},"64":{"start":{"line":211,"column":0},"end":{"line":211,"column":null}},"65":{"start":{"line":213,"column":0},"end":{"line":213,"column":null}},"66":{"start":{"line":214,"column":0},"end":{"line":214,"column":null}},"67":{"start":{"line":215,"column":0},"end":{"line":215,"column":null}},"68":{"start":{"line":219,"column":0},"end":{"line":219,"column":null}},"69":{"start":{"line":220,"column":0},"end":{"line":220,"column":null}},"70":{"start":{"line":224,"column":0},"end":{"line":224,"column":null}},"71":{"start":{"line":227,"column":0},"end":{"line":227,"column":null}},"72":{"start":{"line":228,"column":0},"end":{"line":228,"column":null}},"73":{"start":{"line":232,"column":0},"end":{"line":232,"column":null}},"74":{"start":{"line":233,"column":0},"end":{"line":233,"column":null}}},"fnMap":{"0":{"name":"(anonymous_1)","decl":{"start":{"line":24,"column":0},"end":{"line":24,"column":null}},"loc":{"start":{"line":24,"column":0},"end":{"line":43,"column":null}}},"1":{"name":"(anonymous_2)","decl":{"start":{"line":46,"column":0},"end":{"line":46,"column":null}},"loc":{"start":{"line":46,"column":0},"end":{"line":46,"column":null}}},"2":{"name":"(anonymous_3)","decl":{"start":{"line":47,"column":0},"end":{"line":47,"column":null}},"loc":{"start":{"line":47,"column":0},"end":{"line":47,"column":null}}},"3":{"name":"(anonymous_4)","decl":{"start":{"line":48,"column":0},"end":{"line":48,"column":null}},"loc":{"start":{"line":48,"column":0},"end":{"line":48,"column":null}}},"4":{"name":"(anonymous_5)","decl":{"start":{"line":49,"column":0},"end":{"line":49,"column":null}},"loc":{"start":{"line":49,"column":0},"end":{"line":49,"column":null}}},"5":{"name":"(anonymous_6)","decl":{"start":{"line":50,"column":0},"end":{"line":50,"column":null}},"loc":{"start":{"line":50,"column":0},"end":{"line":50,"column":null}}},"6":{"name":"(anonymous_7)","decl":{"start":{"line":51,"column":0},"end":{"line":51,"column":null}},"loc":{"start":{"line":51,"column":0},"end":{"line":51,"column":null}}},"7":{"name":"(anonymous_8)","decl":{"start":{"line":52,"column":0},"end":{"line":52,"column":null}},"loc":{"start":{"line":52,"column":0},"end":{"line":52,"column":null}}},"8":{"name":"(anonymous_9)","decl":{"start":{"line":53,"column":0},"end":{"line":53,"column":null}},"loc":{"start":{"line":53,"column":0},"end":{"line":53,"column":null}}},"9":{"name":"(anonymous_10)","decl":{"start":{"line":54,"column":0},"end":{"line":54,"column":null}},"loc":{"start":{"line":54,"column":0},"end":{"line":54,"column":null}}},"10":{"name":"(anonymous_11)","decl":{"start":{"line":55,"column":0},"end":{"line":55,"column":null}},"loc":{"start":{"line":55,"column":0},"end":{"line":55,"column":null}}},"11":{"name":"(anonymous_12)","decl":{"start":{"line":56,"column":0},"end":{"line":56,"column":null}},"loc":{"start":{"line":56,"column":0},"end":{"line":56,"column":null}}},"12":{"name":"(anonymous_13)","decl":{"start":{"line":57,"column":0},"end":{"line":57,"column":null}},"loc":{"start":{"line":57,"column":0},"end":{"line":57,"column":null}}},"13":{"name":"(anonymous_14)","decl":{"start":{"line":58,"column":0},"end":{"line":58,"column":null}},"loc":{"start":{"line":58,"column":0},"end":{"line":58,"column":null}}},"14":{"name":"(anonymous_15)","decl":{"start":{"line":59,"column":0},"end":{"line":59,"column":null}},"loc":{"start":{"line":59,"column":0},"end":{"line":59,"column":null}}},"15":{"name":"(anonymous_16)","decl":{"start":{"line":60,"column":0},"end":{"line":60,"column":null}},"loc":{"start":{"line":60,"column":0},"end":{"line":60,"column":null}}},"16":{"name":"(anonymous_17)","decl":{"start":{"line":62,"column":0},"end":{"line":62,"column":null}},"loc":{"start":{"line":62,"column":0},"end":{"line":64,"column":null}}},"17":{"name":"(anonymous_18)","decl":{"start":{"line":65,"column":0},"end":{"line":65,"column":null}},"loc":{"start":{"line":65,"column":0},"end":{"line":67,"column":null}}},"18":{"name":"(anonymous_19)","decl":{"start":{"line":66,"column":0},"end":{"line":66,"column":null}},"loc":{"start":{"line":66,"column":0},"end":{"line":66,"column":null}}},"19":{"name":"(anonymous_20)","decl":{"start":{"line":68,"column":0},"end":{"line":68,"column":null}},"loc":{"start":{"line":68,"column":0},"end":{"line":70,"column":null}}},"20":{"name":"(anonymous_21)","decl":{"start":{"line":69,"column":0},"end":{"line":69,"column":null}},"loc":{"start":{"line":69,"column":0},"end":{"line":69,"column":null}}},"21":{"name":"(anonymous_22)","decl":{"start":{"line":71,"column":0},"end":{"line":71,"column":null}},"loc":{"start":{"line":71,"column":0},"end":{"line":73,"column":null}}},"22":{"name":"(anonymous_23)","decl":{"start":{"line":72,"column":0},"end":{"line":72,"column":null}},"loc":{"start":{"line":72,"column":0},"end":{"line":72,"column":null}}},"23":{"name":"(anonymous_24)","decl":{"start":{"line":74,"column":0},"end":{"line":74,"column":null}},"loc":{"start":{"line":74,"column":0},"end":{"line":76,"column":null}}},"24":{"name":"(anonymous_25)","decl":{"start":{"line":77,"column":0},"end":{"line":77,"column":null}},"loc":{"start":{"line":77,"column":0},"end":{"line":87,"column":null}}},"25":{"name":"(anonymous_26)","decl":{"start":{"line":78,"column":0},"end":{"line":78,"column":null}},"loc":{"start":{"line":78,"column":0},"end":{"line":80,"column":null}}},"26":{"name":"(anonymous_27)","decl":{"start":{"line":88,"column":0},"end":{"line":88,"column":null}},"loc":{"start":{"line":88,"column":0},"end":{"line":101,"column":null}}},"27":{"name":"(anonymous_28)","decl":{"start":{"line":89,"column":0},"end":{"line":89,"column":null}},"loc":{"start":{"line":89,"column":0},"end":{"line":91,"column":null}}},"28":{"name":"(anonymous_29)","decl":{"start":{"line":92,"column":0},"end":{"line":92,"column":null}},"loc":{"start":{"line":92,"column":0},"end":{"line":94,"column":null}}},"29":{"name":"(anonymous_30)","decl":{"start":{"line":102,"column":0},"end":{"line":102,"column":null}},"loc":{"start":{"line":102,"column":0},"end":{"line":107,"column":null}}},"30":{"name":"(anonymous_31)","decl":{"start":{"line":108,"column":0},"end":{"line":108,"column":null}},"loc":{"start":{"line":108,"column":0},"end":{"line":115,"column":null}}},"31":{"name":"(anonymous_32)","decl":{"start":{"line":116,"column":0},"end":{"line":116,"column":null}},"loc":{"start":{"line":116,"column":0},"end":{"line":124,"column":null}}},"32":{"name":"(anonymous_33)","decl":{"start":{"line":127,"column":0},"end":{"line":127,"column":null}},"loc":{"start":{"line":127,"column":0},"end":{"line":129,"column":null}}},"33":{"name":"(anonymous_34)","decl":{"start":{"line":131,"column":0},"end":{"line":131,"column":null}},"loc":{"start":{"line":131,"column":0},"end":{"line":141,"column":null}}},"34":{"name":"(anonymous_35)","decl":{"start":{"line":145,"column":0},"end":{"line":145,"column":null}},"loc":{"start":{"line":145,"column":0},"end":{"line":148,"column":null}}},"35":{"name":"(anonymous_36)","decl":{"start":{"line":152,"column":0},"end":{"line":152,"column":null}},"loc":{"start":{"line":152,"column":0},"end":{"line":155,"column":null}}},"36":{"name":"(anonymous_37)","decl":{"start":{"line":159,"column":0},"end":{"line":159,"column":null}},"loc":{"start":{"line":159,"column":0},"end":{"line":161,"column":null}}},"37":{"name":"(anonymous_38)","decl":{"start":{"line":165,"column":0},"end":{"line":165,"column":null}},"loc":{"start":{"line":165,"column":0},"end":{"line":167,"column":null}}},"38":{"name":"(anonymous_39)","decl":{"start":{"line":171,"column":0},"end":{"line":171,"column":null}},"loc":{"start":{"line":171,"column":0},"end":{"line":175,"column":null}}},"39":{"name":"(anonymous_40)","decl":{"start":{"line":179,"column":0},"end":{"line":179,"column":null}},"loc":{"start":{"line":179,"column":0},"end":{"line":181,"column":null}}},"40":{"name":"(anonymous_41)","decl":{"start":{"line":184,"column":0},"end":{"line":184,"column":null}},"loc":{"start":{"line":184,"column":0},"end":{"line":186,"column":null}}},"41":{"name":"(anonymous_42)","decl":{"start":{"line":189,"column":0},"end":{"line":189,"column":null}},"loc":{"start":{"line":189,"column":0},"end":{"line":191,"column":null}}},"42":{"name":"(anonymous_43)","decl":{"start":{"line":194,"column":0},"end":{"line":194,"column":null}},"loc":{"start":{"line":194,"column":0},"end":{"line":203,"column":null}}},"43":{"name":"(anonymous_44)","decl":{"start":{"line":208,"column":0},"end":{"line":208,"column":null}},"loc":{"start":{"line":208,"column":0},"end":{"line":217,"column":null}}},"44":{"name":"(anonymous_45)","decl":{"start":{"line":209,"column":0},"end":{"line":209,"column":null}},"loc":{"start":{"line":209,"column":0},"end":{"line":216,"column":null}}},"45":{"name":"(anonymous_46)","decl":{"start":{"line":218,"column":0},"end":{"line":218,"column":null}},"loc":{"start":{"line":218,"column":0},"end":{"line":221,"column":null}}},"46":{"name":"(anonymous_47)","decl":{"start":{"line":223,"column":0},"end":{"line":223,"column":null}},"loc":{"start":{"line":223,"column":0},"end":{"line":225,"column":null}}},"47":{"name":"(anonymous_48)","decl":{"start":{"line":226,"column":0},"end":{"line":226,"column":null}},"loc":{"start":{"line":226,"column":0},"end":{"line":234,"column":null}}}},"branchMap":{"0":{"loc":{"start":{"line":75,"column":0},"end":{"line":75,"column":null}},"type":"binary-expr","locations":[{"start":{"line":75,"column":0},"end":{"line":75,"column":null}},{"start":{"line":75,"column":0},"end":{"line":75,"column":null}}]},"1":{"loc":{"start":{"line":89,"column":0},"end":{"line":89,"column":null}},"type":"binary-expr","locations":[{"start":{"line":89,"column":0},"end":{"line":89,"column":null}},{"start":{"line":89,"column":0},"end":{"line":89,"column":null}}]},"2":{"loc":{"start":{"line":92,"column":0},"end":{"line":94,"column":null}},"type":"cond-expr","locations":[{"start":{"line":92,"column":0},"end":{"line":94,"column":null}},{"start":{"line":94,"column":0},"end":{"line":94,"column":null}}]},"3":{"loc":{"start":{"line":95,"column":0},"end":{"line":95,"column":null}},"type":"cond-expr","locations":[{"start":{"line":95,"column":0},"end":{"line":95,"column":null}},{"start":{"line":95,"column":0},"end":{"line":95,"column":null}}]},"4":{"loc":{"start":{"line":103,"column":0},"end":{"line":105,"column":null}},"type":"if","locations":[{"start":{"line":103,"column":0},"end":{"line":105,"column":null}},{"start":{"line":103,"column":0},"end":{"line":105,"column":null}}]},"5":{"loc":{"start":{"line":106,"column":0},"end":{"line":106,"column":null}},"type":"cond-expr","locations":[{"start":{"line":106,"column":0},"end":{"line":106,"column":null}},{"start":{"line":106,"column":0},"end":{"line":106,"column":null}}]},"6":{"loc":{"start":{"line":118,"column":0},"end":{"line":118,"column":null}},"type":"cond-expr","locations":[{"start":{"line":118,"column":0},"end":{"line":118,"column":null}},{"start":{"line":118,"column":0},"end":{"line":118,"column":null}}]},"7":{"loc":{"start":{"line":134,"column":0},"end":{"line":140,"column":null}},"type":"if","locations":[{"start":{"line":134,"column":0},"end":{"line":140,"column":null}},{"start":{"line":134,"column":0},"end":{"line":140,"column":null}}]},"8":{"loc":{"start":{"line":135,"column":0},"end":{"line":139,"column":null}},"type":"if","locations":[{"start":{"line":135,"column":0},"end":{"line":139,"column":null}},{"start":{"line":135,"column":0},"end":{"line":139,"column":null}}]},"9":{"loc":{"start":{"line":172,"column":0},"end":{"line":174,"column":null}},"type":"if","locations":[{"start":{"line":172,"column":0},"end":{"line":174,"column":null}},{"start":{"line":172,"column":0},"end":{"line":174,"column":null}}]},"10":{"loc":{"start":{"line":172,"column":0},"end":{"line":172,"column":null}},"type":"binary-expr","locations":[{"start":{"line":172,"column":0},"end":{"line":172,"column":null}},{"start":{"line":172,"column":0},"end":{"line":172,"column":null}}]},"11":{"loc":{"start":{"line":199,"column":0},"end":{"line":202,"column":null}},"type":"if","locations":[{"start":{"line":199,"column":0},"end":{"line":202,"column":null}},{"start":{"line":199,"column":0},"end":{"line":202,"column":null}}]},"12":{"loc":{"start":{"line":210,"column":0},"end":{"line":212,"column":null}},"type":"if","locations":[{"start":{"line":210,"column":0},"end":{"line":212,"column":null}},{"start":{"line":210,"column":0},"end":{"line":212,"column":null}}]}},"s":{"0":4,"1":4,"2":4,"3":4,"4":2,"5":2,"6":2,"7":0,"8":2,"9":2,"10":0,"11":2,"12":2,"13":2,"14":2,"15":2,"16":2,"17":2,"18":2,"19":2,"20":0,"21":0,"22":0,"23":0,"24":0,"25":2,"26":2,"27":2,"28":2,"29":2,"30":4,"31":2,"32":2,"33":2,"34":2,"35":2,"36":2,"37":0,"38":0,"39":2,"40":0,"41":0,"42":0,"43":0,"44":0,"45":0,"46":0,"47":0,"48":0,"49":0,"50":0,"51":0,"52":0,"53":0,"54":0,"55":0,"56":0,"57":0,"58":0,"59":0,"60":0,"61":0,"62":3,"63":3,"64":0,"65":3,"66":3,"67":3,"68":5,"69":5,"70":0,"71":2,"72":2,"73":2,"74":2},"f":{"0":2,"1":2,"2":2,"3":0,"4":2,"5":2,"6":0,"7":2,"8":2,"9":2,"10":2,"11":2,"12":2,"13":2,"14":2,"15":2,"16":0,"17":0,"18":0,"19":0,"20":0,"21":0,"22":0,"23":0,"24":2,"25":2,"26":2,"27":4,"28":2,"29":2,"30":0,"31":2,"32":0,"33":0,"34":0,"35":0,"36":0,"37":0,"38":0,"39":0,"40":0,"41":0,"42":0,"43":3,"44":3,"45":5,"46":0,"47":2},"b":{"0":[0,0],"1":[2,0],"2":[2,0],"3":[2,0],"4":[2,0],"5":[0,0],"6":[0,2],"7":[0,0],"8":[0,0],"9":[0,0],"10":[0,0],"11":[0,0],"12":[0,3]}}
,"/home/runner/work/graph-editor/graph-editor/src/components/EdgeProperties.vue": {"path":"/home/runner/work/graph-editor/graph-editor/src/components/EdgeProperties.vue","statementMap":{"0":{"start":{"line":161,"column":0},"end":{"line":161,"column":null}},"1":{"start":{"line":162,"column":0},"end":{"line":162,"column":null}},"2":{"start":{"line":174,"column":0},"end":{"line":176,"column":null}},"3":{"start":{"line":175,"column":0},"end":{"line":175,"column":null}},"4":{"start":{"line":177,"column":0},"end":{"line":177,"column":null}},"5":{"start":{"line":178,"column":0},"end":{"line":178,"column":null}},"6":{"start":{"line":185,"column":0},"end":{"line":187,"column":null}},"7":{"start":{"line":186,"column":0},"end":{"line":186,"column":null}},"8":{"start":{"line":188,"column":0},"end":{"line":190,"column":null}},"9":{"start":{"line":189,"column":0},"end":{"line":189,"column":null}},"10":{"start":{"line":191,"column":0},"end":{"line":191,"column":null}},"11":{"start":{"line":192,"column":0},"end":{"line":192,"column":null}},"12":{"start":{"line":199,"column":0},"end":{"line":199,"column":null}},"13":{"start":{"line":206,"column":0},"end":{"line":206,"column":null}},"14":{"start":{"line":213,"column":0},"end":{"line":213,"column":null}},"15":{"start":{"line":216,"column":0},"end":{"line":216,"column":null}},"16":{"start":{"line":219,"column":0},"end":{"line":219,"column":null}},"17":{"start":{"line":227,"column":0},"end":{"line":227,"column":null}},"18":{"start":{"line":228,"column":0},"end":{"line":248,"column":null}},"19":{"start":{"line":229,"column":0},"end":{"line":240,"column":null}},"20":{"start":{"line":230,"column":0},"end":{"line":239,"column":null}},"21":{"start":{"line":231,"column":0},"end":{"line":238,"column":null}},"22":{"start":{"line":232,"column":0},"end":{"line":232,"column":null}},"23":{"start":{"line":234,"column":0},"end":{"line":234,"column":null}},"24":{"start":{"line":242,"column":0},"end":{"line":247,"column":null}},"25":{"start":{"line":242,"column":0},"end":{"line":242,"column":null}},"26":{"start":{"line":243,"column":0},"end":{"line":243,"column":null}},"27":{"start":{"line":249,"column":0},"end":{"line":249,"column":null}},"28":{"start":{"line":252,"column":0},"end":{"line":254,"column":null}},"29":{"start":{"line":253,"column":0},"end":{"line":253,"column":null}},"30":{"start":{"line":257,"column":0},"end":{"line":257,"column":null}},"31":{"start":{"line":264,"column":0},"end":{"line":264,"column":null}},"32":{"start":{"line":272,"column":0},"end":{"line":272,"column":null}},"33":{"start":{"line":273,"column":0},"end":{"line":273,"column":null}},"34":{"start":{"line":274,"column":0},"end":{"line":276,"column":null}},"35":{"start":{"line":274,"column":0},"end":{"line":274,"column":null}},"36":{"start":{"line":275,"column":0},"end":{"line":275,"column":null}},"37":{"start":{"line":277,"column":0},"end":{"line":279,"column":null}},"38":{"start":{"line":277,"column":0},"end":{"line":277,"column":null}},"39":{"start":{"line":278,"column":0},"end":{"line":278,"column":null}},"40":{"start":{"line":280,"column":0},"end":{"line":280,"column":null}},"41":{"start":{"line":285,"column":0},"end":{"line":287,"column":null}},"42":{"start":{"line":286,"column":0},"end":{"line":286,"column":null}},"43":{"start":{"line":291,"column":0},"end":{"line":291,"column":null}},"44":{"start":{"line":292,"column":0},"end":{"line":325,"column":null}},"45":{"start":{"line":293,"column":0},"end":{"line":308,"column":null}},"46":{"start":{"line":293,"column":0},"end":{"line":293,"column":null}},"47":{"start":{"line":294,"column":0},"end":{"line":307,"column":null}},"48":{"start":{"line":294,"column":0},"end":{"line":294,"column":null}},"49":{"start":{"line":295,"column":0},"end":{"line":295,"column":null}},"50":{"start":{"line":296,"column":0},"end":{"line":306,"column":null}},"51":{"start":{"line":297,"column":0},"end":{"line":297,"column":null}},"52":{"start":{"line":298,"column":0},"end":{"line":298,"column":null}},"53":{"start":{"line":299,"column":0},"end":{"line":304,"column":null}},"54":{"start":{"line":300,"column":0},"end":{"line":300,"column":null}},"55":{"start":{"line":301,"column":0},"end":{"line":301,"column":null}},"56":{"start":{"line":302,"column":0},"end":{"line":302,"column":null}},"57":{"start":{"line":303,"column":0},"end":{"line":303,"column":null}},"58":{"start":{"line":305,"column":0},"end":{"line":305,"column":null}},"59":{"start":{"line":310,"column":0},"end":{"line":310,"column":null}},"60":{"start":{"line":311,"column":0},"end":{"line":313,"column":null}},"61":{"start":{"line":312,"column":0},"end":{"line":312,"column":null}},"62":{"start":{"line":314,"column":0},"end":{"line":324,"column":null}},"63":{"start":{"line":315,"column":0},"end":{"line":315,"column":null}},"64":{"start":{"line":316,"column":0},"end":{"line":316,"column":null}},"65":{"start":{"line":317,"column":0},"end":{"line":322,"column":null}},"66":{"start":{"line":318,"column":0},"end":{"line":318,"column":null}},"67":{"start":{"line":319,"column":0},"end":{"line":319,"column":null}},"68":{"start":{"line":320,"column":0},"end":{"line":320,"column":null}},"69":{"start":{"line":321,"column":0},"end":{"line":321,"column":null}},"70":{"start":{"line":323,"column":0},"end":{"line":323,"column":null}},"71":{"start":{"line":326,"column":0},"end":{"line":326,"column":null}},"72":{"start":{"line":332,"column":0},"end":{"line":332,"column":null}},"73":{"start":{"line":333,"column":0},"end":{"line":335,"column":null}},"74":{"start":{"line":334,"column":0},"end":{"line":334,"column":null}},"75":{"start":{"line":336,"column":0},"end":{"line":336,"column":null}},"76":{"start":{"line":339,"column":0},"end":{"line":339,"column":null}},"77":{"start":{"line":343,"column":0},"end":{"line":343,"column":null}},"78":{"start":{"line":355,"column":0},"end":{"line":357,"column":null}},"79":{"start":{"line":356,"column":0},"end":{"line":356,"column":null}},"80":{"start":{"line":362,"column":0},"end":{"line":362,"column":null}},"81":{"start":{"line":369,"column":0},"end":{"line":371,"column":null}},"82":{"start":{"line":370,"column":0},"end":{"line":370,"column":null}},"83":{"start":{"line":372,"column":0},"end":{"line":372,"column":null}},"84":{"start":{"line":373,"column":0},"end":{"line":373,"column":null}},"85":{"start":{"line":377,"column":0},"end":{"line":380,"column":null}},"86":{"start":{"line":378,"column":0},"end":{"line":378,"column":null}},"87":{"start":{"line":379,"column":0},"end":{"line":379,"column":null}},"88":{"start":{"line":384,"column":0},"end":{"line":384,"column":null}},"89":{"start":{"line":387,"column":0},"end":{"line":387,"column":null}},"90":{"start":{"line":388,"column":0},"end":{"line":388,"column":null}},"91":{"start":{"line":389,"column":0},"end":{"line":389,"column":null}}},"fnMap":{"0":{"name":"(anonymous_1)","decl":{"start":{"line":173,"column":0},"end":{"line":173,"column":null}},"loc":{"start":{"line":173,"column":0},"end":{"line":183,"column":null}}},"1":{"name":"(anonymous_2)","decl":{"start":{"line":174,"column":0},"end":{"line":174,"column":null}},"loc":{"start":{"line":174,"column":0},"end":{"line":176,"column":null}}},"2":{"name":"(anonymous_3)","decl":{"start":{"line":184,"column":0},"end":{"line":184,"column":null}},"loc":{"start":{"line":184,"column":0},"end":{"line":197,"column":null}}},"3":{"name":"(anonymous_4)","decl":{"start":{"line":185,"column":0},"end":{"line":185,"column":null}},"loc":{"start":{"line":185,"column":0},"end":{"line":187,"column":null}}},"4":{"name":"(anonymous_5)","decl":{"start":{"line":188,"column":0},"end":{"line":188,"column":null}},"loc":{"start":{"line":188,"column":0},"end":{"line":190,"column":null}}},"5":{"name":"(anonymous_6)","decl":{"start":{"line":198,"column":0},"end":{"line":198,"column":null}},"loc":{"start":{"line":198,"column":0},"end":{"line":204,"column":null}}},"6":{"name":"(anonymous_7)","decl":{"start":{"line":205,"column":0},"end":{"line":205,"column":null}},"loc":{"start":{"line":205,"column":0},"end":{"line":211,"column":null}}},"7":{"name":"(anonymous_8)","decl":{"start":{"line":212,"column":0},"end":{"line":212,"column":null}},"loc":{"start":{"line":212,"column":0},"end":{"line":214,"column":null}}},"8":{"name":"(anonymous_9)","decl":{"start":{"line":215,"column":0},"end":{"line":215,"column":null}},"loc":{"start":{"line":215,"column":0},"end":{"line":217,"column":null}}},"9":{"name":"(anonymous_10)","decl":{"start":{"line":218,"column":0},"end":{"line":218,"column":null}},"loc":{"start":{"line":218,"column":0},"end":{"line":225,"column":null}}},"10":{"name":"(anonymous_11)","decl":{"start":{"line":226,"column":0},"end":{"line":226,"column":null}},"loc":{"start":{"line":226,"column":0},"end":{"line":250,"column":null}}},"11":{"name":"(anonymous_12)","decl":{"start":{"line":229,"column":0},"end":{"line":229,"column":null}},"loc":{"start":{"line":229,"column":0},"end":{"line":240,"column":null}}},"12":{"name":"(anonymous_13)","decl":{"start":{"line":230,"column":0},"end":{"line":230,"column":null}},"loc":{"start":{"line":230,"column":0},"end":{"line":239,"column":null}}},"13":{"name":"(anonymous_14)","decl":{"start":{"line":231,"column":0},"end":{"line":231,"column":null}},"loc":{"start":{"line":231,"column":0},"end":{"line":233,"column":null}}},"14":{"name":"(anonymous_15)","decl":{"start":{"line":233,"column":0},"end":{"line":233,"column":null}},"loc":{"start":{"line":233,"column":0},"end":{"line":238,"column":null}}},"15":{"name":"(anonymous_16)","decl":{"start":{"line":242,"column":0},"end":{"line":242,"column":null}},"loc":{"start":{"line":242,"column":0},"end":{"line":242,"column":null}}},"16":{"name":"(anonymous_18)","decl":{"start":{"line":251,"column":0},"end":{"line":251,"column":null}},"loc":{"start":{"line":251,"column":0},"end":{"line":255,"column":null}}},"17":{"name":"(anonymous_19)","decl":{"start":{"line":256,"column":0},"end":{"line":256,"column":null}},"loc":{"start":{"line":256,"column":0},"end":{"line":262,"column":null}}},"18":{"name":"(anonymous_20)","decl":{"start":{"line":263,"column":0},"end":{"line":263,"column":null}},"loc":{"start":{"line":263,"column":0},"end":{"line":269,"column":null}}},"19":{"name":"(anonymous_21)","decl":{"start":{"line":270,"column":0},"end":{"line":270,"column":null}},"loc":{"start":{"line":270,"column":0},"end":{"line":288,"column":null}}},"20":{"name":"(anonymous_22)","decl":{"start":{"line":274,"column":0},"end":{"line":274,"column":null}},"loc":{"start":{"line":274,"column":0},"end":{"line":274,"column":null}}},"21":{"name":"(anonymous_23)","decl":{"start":{"line":277,"column":0},"end":{"line":277,"column":null}},"loc":{"start":{"line":277,"column":0},"end":{"line":277,"column":null}}},"22":{"name":"(anonymous_24)","decl":{"start":{"line":285,"column":0},"end":{"line":285,"column":null}},"loc":{"start":{"line":285,"column":0},"end":{"line":287,"column":null}}},"23":{"name":"(anonymous_25)","decl":{"start":{"line":289,"column":0},"end":{"line":289,"column":null}},"loc":{"start":{"line":289,"column":0},"end":{"line":330,"column":null}}},"24":{"name":"(anonymous_26)","decl":{"start":{"line":295,"column":0},"end":{"line":295,"column":null}},"loc":{"start":{"line":295,"column":0},"end":{"line":295,"column":null}}},"25":{"name":"(anonymous_27)","decl":{"start":{"line":299,"column":0},"end":{"line":299,"column":null}},"loc":{"start":{"line":299,"column":0},"end":{"line":304,"column":null}}},"26":{"name":"(anonymous_28)","decl":{"start":{"line":310,"column":0},"end":{"line":310,"column":null}},"loc":{"start":{"line":310,"column":0},"end":{"line":310,"column":null}}},"27":{"name":"(anonymous_29)","decl":{"start":{"line":317,"column":0},"end":{"line":317,"column":null}},"loc":{"start":{"line":317,"column":0},"end":{"line":322,"column":null}}},"28":{"name":"(anonymous_30)","decl":{"start":{"line":331,"column":0},"end":{"line":331,"column":null}},"loc":{"start":{"line":331,"column":0},"end":{"line":337,"column":null}}},"29":{"name":"(anonymous_31)","decl":{"start":{"line":338,"column":0},"end":{"line":338,"column":null}},"loc":{"start":{"line":338,"column":0},"end":{"line":340,"column":null}}},"30":{"name":"(anonymous_32)","decl":{"start":{"line":339,"column":0},"end":{"line":339,"column":null}},"loc":{"start":{"line":339,"column":0},"end":{"line":339,"column":null}}},"31":{"name":"(anonymous_33)","decl":{"start":{"line":342,"column":0},"end":{"line":342,"column":null}},"loc":{"start":{"line":342,"column":0},"end":{"line":351,"column":null}}},"32":{"name":"(anonymous_34)","decl":{"start":{"line":354,"column":0},"end":{"line":354,"column":null}},"loc":{"start":{"line":354,"column":0},"end":{"line":358,"column":null}}},"33":{"name":"(anonymous_35)","decl":{"start":{"line":361,"column":0},"end":{"line":361,"column":null}},"loc":{"start":{"line":361,"column":0},"end":{"line":365,"column":null}}},"34":{"name":"(anonymous_36)","decl":{"start":{"line":368,"column":0},"end":{"line":368,"column":null}},"loc":{"start":{"line":368,"column":0},"end":{"line":374,"column":null}}},"35":{"name":"(anonymous_37)","decl":{"start":{"line":376,"column":0},"end":{"line":376,"column":null}},"loc":{"start":{"line":376,"column":0},"end":{"line":381,"column":null}}},"36":{"name":"(anonymous_38)","decl":{"start":{"line":383,"column":0},"end":{"line":383,"column":null}},"loc":{"start":{"line":383,"column":0},"end":{"line":385,"column":null}}},"37":{"name":"(anonymous_39)","decl":{"start":{"line":387,"column":0},"end":{"line":387,"column":null}},"loc":{"start":{"line":387,"column":0},"end":{"line":387,"column":null}}},"38":{"name":"(anonymous_40)","decl":{"start":{"line":388,"column":0},"end":{"line":388,"column":null}},"loc":{"start":{"line":388,"column":0},"end":{"line":388,"column":null}}},"39":{"name":"(anonymous_41)","decl":{"start":{"line":389,"column":0},"end":{"line":389,"column":null}},"loc":{"start":{"line":389,"column":0},"end":{"line":389,"column":null}}}},"branchMap":{"0":{"loc":{"start":{"line":188,"column":0},"end":{"line":190,"column":null}},"type":"cond-expr","locations":[{"start":{"line":188,"column":0},"end":{"line":190,"column":null}},{"start":{"line":190,"column":0},"end":{"line":190,"column":null}}]},"1":{"loc":{"start":{"line":191,"column":0},"end":{"line":191,"column":null}},"type":"cond-expr","locations":[{"start":{"line":191,"column":0},"end":{"line":191,"column":null}},{"start":{"line":191,"column":0},"end":{"line":191,"column":null}}]},"2":{"loc":{"start":{"line":228,"column":0},"end":{"line":248,"column":null}},"type":"if","locations":[{"start":{"line":228,"column":0},"end":{"line":248,"column":null}},{"start":{"line":228,"column":0},"end":{"line":248,"column":null}}]},"3":{"loc":{"start":{"line":232,"column":0},"end":{"line":232,"column":null}},"type":"binary-expr","locations":[{"start":{"line":232,"column":0},"end":{"line":232,"column":null}},{"start":{"line":232,"column":0},"end":{"line":232,"column":null}}]},"4":{"loc":{"start":{"line":252,"column":0},"end":{"line":254,"column":null}},"type":"if","locations":[{"start":{"line":252,"column":0},"end":{"line":254,"column":null}},{"start":{"line":252,"column":0},"end":{"line":254,"column":null}}]},"5":{"loc":{"start":{"line":257,"column":0},"end":{"line":257,"column":null}},"type":"cond-expr","locations":[{"start":{"line":257,"column":0},"end":{"line":257,"column":null}},{"start":{"line":257,"column":0},"end":{"line":257,"column":null}}]},"6":{"loc":{"start":{"line":264,"column":0},"end":{"line":264,"column":null}},"type":"cond-expr","locations":[{"start":{"line":264,"column":0},"end":{"line":264,"column":null}},{"start":{"line":264,"column":0},"end":{"line":264,"column":null}}]},"7":{"loc":{"start":{"line":273,"column":0},"end":{"line":273,"column":null}},"type":"cond-expr","locations":[{"start":{"line":273,"column":0},"end":{"line":273,"column":null}},{"start":{"line":273,"column":0},"end":{"line":273,"column":null}}]},"8":{"loc":{"start":{"line":274,"column":0},"end":{"line":276,"column":null}},"type":"if","locations":[{"start":{"line":274,"column":0},"end":{"line":276,"column":null}},{"start":{"line":274,"column":0},"end":{"line":276,"column":null}}]},"9":{"loc":{"start":{"line":274,"column":0},"end":{"line":274,"column":null}},"type":"binary-expr","locations":[{"start":{"line":274,"column":0},"end":{"line":274,"column":null}},{"start":{"line":274,"column":0},"end":{"line":274,"column":null}}]},"10":{"loc":{"start":{"line":277,"column":0},"end":{"line":279,"column":null}},"type":"if","locations":[{"start":{"line":277,"column":0},"end":{"line":279,"column":null}},{"start":{"line":277,"column":0},"end":{"line":279,"column":null}}]},"11":{"loc":{"start":{"line":277,"column":0},"end":{"line":277,"column":null}},"type":"binary-expr","locations":[{"start":{"line":277,"column":0},"end":{"line":277,"column":null}},{"start":{"line":277,"column":0},"end":{"line":277,"column":null}}]},"12":{"loc":{"start":{"line":280,"column":0},"end":{"line":280,"column":null}},"type":"cond-expr","locations":[{"start":{"line":280,"column":0},"end":{"line":280,"column":null}},{"start":{"line":280,"column":0},"end":{"line":280,"column":null}}]},"13":{"loc":{"start":{"line":292,"column":0},"end":{"line":325,"column":null}},"type":"if","locations":[{"start":{"line":292,"column":0},"end":{"line":325,"column":null}},{"start":{"line":292,"column":0},"end":{"line":325,"column":null}}]},"14":{"loc":{"start":{"line":295,"column":0},"end":{"line":295,"column":null}},"type":"binary-expr","locations":[{"start":{"line":295,"column":0},"end":{"line":295,"column":null}},{"start":{"line":295,"column":0},"end":{"line":295,"column":null}}]},"15":{"loc":{"start":{"line":296,"column":0},"end":{"line":306,"column":null}},"type":"if","locations":[{"start":{"line":296,"column":0},"end":{"line":306,"column":null}},{"start":{"line":296,"column":0},"end":{"line":306,"column":null}}]},"16":{"loc":{"start":{"line":296,"column":0},"end":{"line":296,"column":null}},"type":"binary-expr","locations":[{"start":{"line":296,"column":0},"end":{"line":296,"column":null}},{"start":{"line":296,"column":0},"end":{"line":296,"column":null}}]},"17":{"loc":{"start":{"line":311,"column":0},"end":{"line":313,"column":null}},"type":"if","locations":[{"start":{"line":311,"column":0},"end":{"line":313,"column":null}},{"start":{"line":311,"column":0},"end":{"line":313,"column":null}}]},"18":{"loc":{"start":{"line":314,"column":0},"end":{"line":324,"column":null}},"type":"if","locations":[{"start":{"line":314,"column":0},"end":{"line":324,"column":null}},{"start":{"line":314,"column":0},"end":{"line":324,"column":null}}]},"19":{"loc":{"start":{"line":314,"column":0},"end":{"line":314,"column":null}},"type":"binary-expr","locations":[{"start":{"line":314,"column":0},"end":{"line":314,"column":null}},{"start":{"line":314,"column":0},"end":{"line":314,"column":null}}]},"20":{"loc":{"start":{"line":326,"column":0},"end":{"line":326,"column":null}},"type":"cond-expr","locations":[{"start":{"line":326,"column":0},"end":{"line":326,"column":null}},{"start":{"line":326,"column":0},"end":{"line":326,"column":null}}]},"21":{"loc":{"start":{"line":333,"column":0},"end":{"line":335,"column":null}},"type":"if","locations":[{"start":{"line":333,"column":0},"end":{"line":335,"column":null}},{"start":{"line":333,"column":0},"end":{"line":335,"column":null}}]},"22":{"loc":{"start":{"line":355,"column":0},"end":{"line":357,"column":null}},"type":"if","locations":[{"start":{"line":355,"column":0},"end":{"line":357,"column":null}},{"start":{"line":355,"column":0},"end":{"line":357,"column":null}}]},"23":{"loc":{"start":{"line":369,"column":0},"end":{"line":371,"column":null}},"type":"if","locations":[{"start":{"line":369,"column":0},"end":{"line":371,"column":null}},{"start":{"line":369,"column":0},"end":{"line":371,"column":null}}]},"24":{"loc":{"start":{"line":377,"column":0},"end":{"line":380,"column":null}},"type":"if","locations":[{"start":{"line":377,"column":0},"end":{"line":380,"column":null}},{"start":{"line":377,"column":0},"end":{"line":380,"column":null}}]}},"s":{"0":4,"1":4,"2":1,"3":1,"4":1,"5":1,"6":1,"7":3,"8":1,"9":1,"10":1,"11":1,"12":1,"13":1,"14":1,"15":1,"16":0,"17":90,"18":90,"19":45,"20":450,"21":810,"22":495,"23":45,"24":45,"25":45,"26":45,"27":90,"28":0,"29":0,"30":2,"31":2,"32":2,"33":2,"34":2,"35":1,"36":0,"37":2,"38":1,"39":0,"40":2,"41":2,"42":2,"43":3,"44":3,"45":1,"46":1,"47":10,"48":10,"49":22,"50":18,"51":0,"52":0,"53":0,"54":0,"55":0,"56":0,"57":0,"58":0,"59":4,"60":2,"61":0,"62":2,"63":1,"64":1,"65":1,"66":0,"67":0,"68":0,"69":0,"70":1,"71":2,"72":18,"73":18,"74":0,"75":18,"76":36,"77":18,"78":0,"79":0,"80":18,"81":0,"82":0,"83":0,"84":0,"85":18,"86":18,"87":18,"88":18,"89":18,"90":18,"91":18},"f":{"0":1,"1":1,"2":1,"3":3,"4":1,"5":1,"6":1,"7":1,"8":1,"9":0,"10":90,"11":450,"12":810,"13":495,"14":45,"15":90,"16":0,"17":2,"18":2,"19":2,"20":1,"21":1,"22":2,"23":3,"24":4,"25":0,"26":2,"27":0,"28":18,"29":18,"30":18,"31":18,"32":0,"33":18,"34":0,"35":18,"36":18,"37":18,"38":18,"39":18},"b":{"0":[1,0],"1":[1,0],"2":[45,45],"3":[495,45],"4":[0,0],"5":[1,1],"6":[1,1],"7":[1,1],"8":[0,2],"9":[2,1],"10":[0,2],"11":[2,1],"12":[1,1],"13":[1,2],"14":[4,1],"15":[0,18],"16":[18,0],"17":[0,2],"18":[1,1],"19":[2,2],"20":[1,1],"21":[0,18],"22":[0,0],"23":[0,0],"24":[18,0]}}
,"/home/runner/work/graph-editor/graph-editor/src/components/EditorSettings.vue": {"path":"/home/runner/work/graph-editor/graph-editor/src/components/EditorSettings.vue","statementMap":{"0":{"start":{"line":90,"column":0},"end":{"line":90,"column":null}},"1":{"start":{"line":91,"column":0},"end":{"line":91,"column":null}},"2":{"start":{"line":92,"column":0},"end":{"line":92,"column":null}},"3":{"start":{"line":97,"column":0},"end":{"line":97,"column":null}},"4":{"start":{"line":101,"column":0},"end":{"line":101,"column":null}},"5":{"start":{"line":108,"column":0},"end":{"line":108,"column":null}},"6":{"start":{"line":109,"column":0},"end":{"line":109,"column":null}},"7":{"start":{"line":117,"column":0},"end":{"line":117,"column":null}},"8":{"start":{"line":123,"column":0},"end":{"line":123,"column":null}},"9":{"start":{"line":147,"column":0},"end":{"line":147,"column":null}}},"fnMap":{"0":{"name":"(anonymous_1)","decl":{"start":{"line":96,"column":0},"end":{"line":96,"column":null}},"loc":{"start":{"line":96,"column":0},"end":{"line":98,"column":null}}},"1":{"name":"(anonymous_2)","decl":{"start":{"line":100,"column":0},"end":{"line":100,"column":null}},"loc":{"start":{"line":100,"column":0},"end":{"line":102,"column":null}}},"2":{"name":"(anonymous_3)","decl":{"start":{"line":107,"column":0},"end":{"line":107,"column":null}},"loc":{"start":{"line":107,"column":0},"end":{"line":110,"column":null}}},"3":{"name":"(anonymous_4)","decl":{"start":{"line":116,"column":0},"end":{"line":116,"column":null}},"loc":{"start":{"line":116,"column":0},"end":{"line":120,"column":null}}},"4":{"name":"(anonymous_5)","decl":{"start":{"line":123,"column":0},"end":{"line":123,"column":null}},"loc":{"start":{"line":123,"column":0},"end":{"line":123,"column":null}}},"5":{"name":"(anonymous_6)","decl":{"start":{"line":146,"column":0},"end":{"line":146,"column":null}},"loc":{"start":{"line":146,"column":0},"end":{"line":148,"column":null}}}},"branchMap":{},"s":{"0":4,"1":4,"2":4,"3":0,"4":0,"5":0,"6":0,"7":1,"8":1,"9":1},"f":{"0":0,"1":0,"2":0,"3":1,"4":1,"5":1},"b":{}}
,"/home/runner/work/graph-editor/graph-editor/src/components/GraphCanvas.vue": {"path":"/home/runner/work/graph-editor/graph-editor/src/components/GraphCanvas.vue","statementMap":{"0":{"start":{"line":24,"column":0},"end":{"line":24,"column":null}},"1":{"start":{"line":25,"column":0},"end":{"line":25,"column":null}},"2":{"start":{"line":26,"column":0},"end":{"line":26,"column":null}},"3":{"start":{"line":27,"column":0},"end":{"line":27,"column":null}},"4":{"start":{"line":28,"column":0},"end":{"line":28,"column":null}},"5":{"start":{"line":36,"column":0},"end":{"line":36,"column":null}},"6":{"start":{"line":43,"column":0},"end":{"line":43,"column":null}},"7":{"start":{"line":44,"column":0},"end":{"line":44,"column":null}},"8":{"start":{"line":45,"column":0},"end":{"line":45,"column":null}},"9":{"start":{"line":54,"column":0},"end":{"line":56,"column":null}},"10":{"start":{"line":55,"column":0},"end":{"line":55,"column":null}},"11":{"start":{"line":57,"column":0},"end":{"line":62,"column":null}},"12":{"start":{"line":58,"column":0},"end":{"line":60,"column":null}},"13":{"start":{"line":59,"column":0},"end":{"line":59,"column":null}},"14":{"start":{"line":61,"column":0},"end":{"line":61,"column":null}},"15":{"start":{"line":65,"column":0},"end":{"line":65,"column":null}},"16":{"start":{"line":66,"column":0},"end":{"line":66,"column":null}},"17":{"start":{"line":69,"column":0},"end":{"line":69,"column":null}},"18":{"start":{"line":70,"column":0},"end":{"line":70,"column":null}},"19":{"start":{"line":71,"column":0},"end":{"line":90,"column":null}},"20":{"start":{"line":72,"column":0},"end":{"line":72,"column":null}},"21":{"start":{"line":73,"column":0},"end":{"line":79,"column":null}},"22":{"start":{"line":74,"column":0},"end":{"line":74,"column":null}},"23":{"start":{"line":78,"column":0},"end":{"line":78,"column":null}},"24":{"start":{"line":80,"column":0},"end":{"line":80,"column":null}},"25":{"start":{"line":85,"column":0},"end":{"line":90,"column":null}},"26":{"start":{"line":86,"column":0},"end":{"line":86,"column":null}},"27":{"start":{"line":87,"column":0},"end":{"line":87,"column":null}},"28":{"start":{"line":97,"column":0},"end":{"line":97,"column":null}},"29":{"start":{"line":98,"column":0},"end":{"line":101,"column":null}},"30":{"start":{"line":99,"column":0},"end":{"line":99,"column":null}},"31":{"start":{"line":100,"column":0},"end":{"line":100,"column":null}},"32":{"start":{"line":111,"column":0},"end":{"line":111,"column":null}},"33":{"start":{"line":112,"column":0},"end":{"line":112,"column":null}},"34":{"start":{"line":113,"column":0},"end":{"line":113,"column":null}},"35":{"start":{"line":114,"column":0},"end":{"line":114,"column":null}},"36":{"start":{"line":115,"column":0},"end":{"line":115,"column":null}},"37":{"start":{"line":116,"column":0},"end":{"line":116,"column":null}},"38":{"start":{"line":117,"column":0},"end":{"line":117,"column":null}},"39":{"start":{"line":118,"column":0},"end":{"line":118,"column":null}},"40":{"start":{"line":119,"column":0},"end":{"line":119,"column":null}},"41":{"start":{"line":120,"column":0},"end":{"line":120,"column":null}},"42":{"start":{"line":121,"column":0},"end":{"line":121,"column":null}},"43":{"start":{"line":122,"column":0},"end":{"line":122,"column":null}},"44":{"start":{"line":125,"column":0},"end":{"line":125,"column":null}},"45":{"start":{"line":135,"column":0},"end":{"line":135,"column":null}},"46":{"start":{"line":145,"column":0},"end":{"line":145,"column":null}},"47":{"start":{"line":146,"column":0},"end":{"line":156,"column":null}},"48":{"start":{"line":147,"column":0},"end":{"line":155,"column":null}},"49":{"start":{"line":148,"column":0},"end":{"line":154,"column":null}},"50":{"start":{"line":149,"column":0},"end":{"line":149,"column":null}},"51":{"start":{"line":157,"column":0},"end":{"line":163,"column":null}},"52":{"start":{"line":158,"column":0},"end":{"line":158,"column":null}},"53":{"start":{"line":164,"column":0},"end":{"line":164,"column":null}},"54":{"start":{"line":167,"column":0},"end":{"line":169,"column":null}},"55":{"start":{"line":168,"column":0},"end":{"line":168,"column":null}},"56":{"start":{"line":170,"column":0},"end":{"line":170,"column":null}},"57":{"start":{"line":175,"column":0},"end":{"line":175,"column":null}},"58":{"start":{"line":176,"column":0},"end":{"line":181,"column":null}},"59":{"start":{"line":177,"column":0},"end":{"line":177,"column":null}},"60":{"start":{"line":178,"column":0},"end":{"line":180,"column":null}},"61":{"start":{"line":179,"column":0},"end":{"line":179,"column":null}},"62":{"start":{"line":182,"column":0},"end":{"line":182,"column":null}}},"fnMap":{"0":{"name":"(anonymous_1)","decl":{"start":{"line":35,"column":0},"end":{"line":35,"column":null}},"loc":{"start":{"line":35,"column":0},"end":{"line":41,"column":null}}},"1":{"name":"(anonymous_2)","decl":{"start":{"line":42,"column":0},"end":{"line":42,"column":null}},"loc":{"start":{"line":42,"column":0},"end":{"line":46,"column":null}}},"2":{"name":"(anonymous_3)","decl":{"start":{"line":53,"column":0},"end":{"line":53,"column":null}},"loc":{"start":{"line":53,"column":0},"end":{"line":63,"column":null}}},"3":{"name":"(anonymous_4)","decl":{"start":{"line":57,"column":0},"end":{"line":57,"column":null}},"loc":{"start":{"line":57,"column":0},"end":{"line":62,"column":null}}},"4":{"name":"(anonymous_5)","decl":{"start":{"line":64,"column":0},"end":{"line":64,"column":null}},"loc":{"start":{"line":64,"column":0},"end":{"line":67,"column":null}}},"5":{"name":"(anonymous_6)","decl":{"start":{"line":68,"column":0},"end":{"line":68,"column":null}},"loc":{"start":{"line":68,"column":0},"end":{"line":91,"column":null}}},"6":{"name":"(anonymous_7)","decl":{"start":{"line":95,"column":0},"end":{"line":95,"column":null}},"loc":{"start":{"line":95,"column":0},"end":{"line":102,"column":null}}},"7":{"name":"(anonymous_8)","decl":{"start":{"line":111,"column":0},"end":{"line":111,"column":null}},"loc":{"start":{"line":111,"column":0},"end":{"line":111,"column":null}}},"8":{"name":"(anonymous_9)","decl":{"start":{"line":112,"column":0},"end":{"line":112,"column":null}},"loc":{"start":{"line":112,"column":0},"end":{"line":112,"column":null}}},"9":{"name":"(anonymous_10)","decl":{"start":{"line":113,"column":0},"end":{"line":113,"column":null}},"loc":{"start":{"line":113,"column":0},"end":{"line":113,"column":null}}},"10":{"name":"(anonymous_11)","decl":{"start":{"line":114,"column":0},"end":{"line":114,"column":null}},"loc":{"start":{"line":114,"column":0},"end":{"line":114,"column":null}}},"11":{"name":"(anonymous_12)","decl":{"start":{"line":115,"column":0},"end":{"line":115,"column":null}},"loc":{"start":{"line":115,"column":0},"end":{"line":115,"column":null}}},"12":{"name":"(anonymous_13)","decl":{"start":{"line":116,"column":0},"end":{"line":116,"column":null}},"loc":{"start":{"line":116,"column":0},"end":{"line":116,"column":null}}},"13":{"name":"(anonymous_14)","decl":{"start":{"line":117,"column":0},"end":{"line":117,"column":null}},"loc":{"start":{"line":117,"column":0},"end":{"line":117,"column":null}}},"14":{"name":"(anonymous_15)","decl":{"start":{"line":118,"column":0},"end":{"line":118,"column":null}},"loc":{"start":{"line":118,"column":0},"end":{"line":118,"column":null}}},"15":{"name":"(anonymous_16)","decl":{"start":{"line":119,"column":0},"end":{"line":119,"column":null}},"loc":{"start":{"line":119,"column":0},"end":{"line":119,"column":null}}},"16":{"name":"(anonymous_17)","decl":{"start":{"line":120,"column":0},"end":{"line":120,"column":null}},"loc":{"start":{"line":120,"column":0},"end":{"line":120,"column":null}}},"17":{"name":"(anonymous_18)","decl":{"start":{"line":121,"column":0},"end":{"line":121,"column":null}},"loc":{"start":{"line":121,"column":0},"end":{"line":121,"column":null}}},"18":{"name":"(anonymous_19)","decl":{"start":{"line":122,"column":0},"end":{"line":122,"column":null}},"loc":{"start":{"line":122,"column":0},"end":{"line":122,"column":null}}},"19":{"name":"(anonymous_20)","decl":{"start":{"line":124,"column":0},"end":{"line":124,"column":null}},"loc":{"start":{"line":124,"column":0},"end":{"line":133,"column":null}}},"20":{"name":"(anonymous_21)","decl":{"start":{"line":134,"column":0},"end":{"line":134,"column":null}},"loc":{"start":{"line":134,"column":0},"end":{"line":143,"column":null}}},"21":{"name":"(anonymous_22)","decl":{"start":{"line":144,"column":0},"end":{"line":144,"column":null}},"loc":{"start":{"line":144,"column":0},"end":{"line":165,"column":null}}},"22":{"name":"(anonymous_23)","decl":{"start":{"line":146,"column":0},"end":{"line":146,"column":null}},"loc":{"start":{"line":146,"column":0},"end":{"line":156,"column":null}}},"23":{"name":"(anonymous_24)","decl":{"start":{"line":147,"column":0},"end":{"line":147,"column":null}},"loc":{"start":{"line":147,"column":0},"end":{"line":155,"column":null}}},"24":{"name":"(anonymous_25)","decl":{"start":{"line":148,"column":0},"end":{"line":148,"column":null}},"loc":{"start":{"line":148,"column":0},"end":{"line":154,"column":null}}},"25":{"name":"(anonymous_26)","decl":{"start":{"line":166,"column":0},"end":{"line":166,"column":null}},"loc":{"start":{"line":166,"column":0},"end":{"line":173,"column":null}}},"26":{"name":"(anonymous_27)","decl":{"start":{"line":174,"column":0},"end":{"line":174,"column":null}},"loc":{"start":{"line":174,"column":0},"end":{"line":183,"column":null}}}},"branchMap":{"0":{"loc":{"start":{"line":54,"column":0},"end":{"line":56,"column":null}},"type":"if","locations":[{"start":{"line":54,"column":0},"end":{"line":56,"column":null}},{"start":{"line":54,"column":0},"end":{"line":56,"column":null}}]},"1":{"loc":{"start":{"line":58,"column":0},"end":{"line":60,"column":null}},"type":"if","locations":[{"start":{"line":58,"column":0},"end":{"line":60,"column":null}},{"start":{"line":58,"column":0},"end":{"line":60,"column":null}}]},"2":{"loc":{"start":{"line":61,"column":0},"end":{"line":61,"column":null}},"type":"cond-expr","locations":[{"start":{"line":61,"column":0},"end":{"line":61,"column":null}},{"start":{"line":61,"column":0},"end":{"line":61,"column":null}}]},"3":{"loc":{"start":{"line":71,"column":0},"end":{"line":90,"column":null}},"type":"if","locations":[{"start":{"line":71,"column":0},"end":{"line":90,"column":null}},{"start":{"line":71,"column":0},"end":{"line":90,"column":null}}]},"4":{"loc":{"start":{"line":73,"column":0},"end":{"line":79,"column":null}},"type":"if","locations":[{"start":{"line":73,"column":0},"end":{"line":79,"column":null}},{"start":{"line":73,"column":0},"end":{"line":79,"column":null}}]},"5":{"loc":{"start":{"line":85,"column":0},"end":{"line":90,"column":null}},"type":"if","locations":[{"start":{"line":85,"column":0},"end":{"line":90,"column":null}},{"start":{"line":85,"column":0},"end":{"line":90,"column":null}}]},"6":{"loc":{"start":{"line":98,"column":0},"end":{"line":101,"column":null}},"type":"if","locations":[{"start":{"line":98,"column":0},"end":{"line":101,"column":null}},{"start":{"line":98,"column":0},"end":{"line":101,"column":null}}]},"7":{"loc":{"start":{"line":157,"column":0},"end":{"line":163,"column":null}},"type":"if","locations":[{"start":{"line":157,"column":0},"end":{"line":163,"column":null}},{"start":{"line":157,"column":0},"end":{"line":163,"column":null}}]},"8":{"loc":{"start":{"line":167,"column":0},"end":{"line":169,"column":null}},"type":"if","locations":[{"start":{"line":167,"column":0},"end":{"line":169,"column":null}},{"start":{"line":167,"column":0},"end":{"line":169,"column":null}}]},"9":{"loc":{"start":{"line":176,"column":0},"end":{"line":181,"column":null}},"type":"if","locations":[{"start":{"line":176,"column":0},"end":{"line":181,"column":null}},{"start":{"line":176,"column":0},"end":{"line":181,"column":null}}]},"10":{"loc":{"start":{"line":178,"column":0},"end":{"line":180,"column":null}},"type":"if","locations":[{"start":{"line":178,"column":0},"end":{"line":180,"column":null}},{"start":{"line":178,"column":0},"end":{"line":180,"column":null}}]}},"s":{"0":3,"1":3,"2":3,"3":3,"4":3,"5":23,"6":23,"7":23,"8":23,"9":23,"10":18,"11":5,"12":45,"13":45,"14":0,"15":1,"16":1,"17":3,"18":3,"19":3,"20":2,"21":2,"22":1,"23":1,"24":1,"25":1,"26":1,"27":1,"28":5,"29":5,"30":0,"31":0,"32":0,"33":5,"34":3,"35":3,"36":0,"37":5,"38":5,"39":0,"40":5,"41":23,"42":5,"43":23,"44":0,"45":0,"46":9,"47":9,"48":90,"49":162,"50":99,"51":9,"52":0,"53":9,"54":5,"55":0,"56":5,"57":5,"58":5,"59":5,"60":5,"61":0,"62":5},"f":{"0":23,"1":23,"2":23,"3":45,"4":1,"5":3,"6":5,"7":0,"8":5,"9":3,"10":3,"11":0,"12":5,"13":5,"14":0,"15":5,"16":23,"17":5,"18":23,"19":0,"20":0,"21":9,"22":90,"23":162,"24":99,"25":5,"26":5},"b":{"0":[18,5],"1":[45,0],"2":[0,0],"3":[2,1],"4":[1,1],"5":[1,0],"6":[0,5],"7":[0,9],"8":[0,5],"9":[5,0],"10":[0,5]}}
,"/home/runner/work/graph-editor/graph-editor/src/components/GraphEditor.vue": {"path":"/home/runner/work/graph-editor/graph-editor/src/components/GraphEditor.vue","statementMap":{"0":{"start":{"line":200,"column":0},"end":{"line":200,"column":null}},"1":{"start":{"line":201,"column":0},"end":{"line":201,"column":null}},"2":{"start":{"line":202,"column":0},"end":{"line":202,"column":null}},"3":{"start":{"line":203,"column":0},"end":{"line":203,"column":null}},"4":{"start":{"line":216,"column":0},"end":{"line":216,"column":null}},"5":{"start":{"line":217,"column":0},"end":{"line":219,"column":null}},"6":{"start":{"line":218,"column":0},"end":{"line":218,"column":null}},"7":{"start":{"line":222,"column":0},"end":{"line":222,"column":null}},"8":{"start":{"line":226,"column":0},"end":{"line":232,"column":null}},"9":{"start":{"line":227,"column":0},"end":{"line":230,"column":null}},"10":{"start":{"line":228,"column":0},"end":{"line":228,"column":null}},"11":{"start":{"line":229,"column":0},"end":{"line":229,"column":null}},"12":{"start":{"line":231,"column":0},"end":{"line":231,"column":null}},"13":{"start":{"line":237,"column":0},"end":{"line":237,"column":null}},"14":{"start":{"line":238,"column":0},"end":{"line":240,"column":null}},"15":{"start":{"line":239,"column":0},"end":{"line":239,"column":null}},"16":{"start":{"line":243,"column":0},"end":{"line":243,"column":null}},"17":{"start":{"line":248,"column":0},"end":{"line":248,"column":null}},"18":{"start":{"line":249,"column":0},"end":{"line":249,"column":null}},"19":{"start":{"line":250,"column":0},"end":{"line":250,"column":null}},"20":{"start":{"line":251,"column":0},"end":{"line":251,"column":null}},"21":{"start":{"line":252,"column":0},"end":{"line":252,"column":null}},"22":{"start":{"line":253,"column":0},"end":{"line":253,"column":null}},"23":{"start":{"line":254,"column":0},"end":{"line":254,"column":null}},"24":{"start":{"line":255,"column":0},"end":{"line":255,"column":null}},"25":{"start":{"line":256,"column":0},"end":{"line":256,"column":null}},"26":{"start":{"line":257,"column":0},"end":{"line":257,"column":null}},"27":{"start":{"line":258,"column":0},"end":{"line":258,"column":null}},"28":{"start":{"line":259,"column":0},"end":{"line":259,"column":null}},"29":{"start":{"line":260,"column":0},"end":{"line":260,"column":null}},"30":{"start":{"line":261,"column":0},"end":{"line":261,"column":null}},"31":{"start":{"line":262,"column":0},"end":{"line":262,"column":null}},"32":{"start":{"line":263,"column":0},"end":{"line":263,"column":null}},"33":{"start":{"line":264,"column":0},"end":{"line":264,"column":null}},"34":{"start":{"line":265,"column":0},"end":{"line":265,"column":null}},"35":{"start":{"line":266,"column":0},"end":{"line":266,"column":null}},"36":{"start":{"line":267,"column":0},"end":{"line":267,"column":null}},"37":{"start":{"line":268,"column":0},"end":{"line":268,"column":null}},"38":{"start":{"line":269,"column":0},"end":{"line":269,"column":null}},"39":{"start":{"line":270,"column":0},"end":{"line":270,"column":null}},"40":{"start":{"line":271,"column":0},"end":{"line":271,"column":null}},"41":{"start":{"line":272,"column":0},"end":{"line":272,"column":null}},"42":{"start":{"line":273,"column":0},"end":{"line":273,"column":null}},"43":{"start":{"line":274,"column":0},"end":{"line":274,"column":null}},"44":{"start":{"line":277,"column":0},"end":{"line":282,"column":null}},"45":{"start":{"line":281,"column":0},"end":{"line":281,"column":null}},"46":{"start":{"line":283,"column":0},"end":{"line":283,"column":null}},"47":{"start":{"line":285,"column":0},"end":{"line":285,"column":null}},"48":{"start":{"line":288,"column":0},"end":{"line":288,"column":null}},"49":{"start":{"line":289,"column":0},"end":{"line":295,"column":null}},"50":{"start":{"line":290,"column":0},"end":{"line":290,"column":null}},"51":{"start":{"line":291,"column":0},"end":{"line":295,"column":null}},"52":{"start":{"line":292,"column":0},"end":{"line":292,"column":null}},"53":{"start":{"line":293,"column":0},"end":{"line":295,"column":null}},"54":{"start":{"line":294,"column":0},"end":{"line":294,"column":null}},"55":{"start":{"line":296,"column":0},"end":{"line":296,"column":null}},"56":{"start":{"line":327,"column":0},"end":{"line":327,"column":null}},"57":{"start":{"line":333,"column":0},"end":{"line":333,"column":null}},"58":{"start":{"line":344,"column":0},"end":{"line":344,"column":null}},"59":{"start":{"line":350,"column":0},"end":{"line":350,"column":null}},"60":{"start":{"line":356,"column":0},"end":{"line":356,"column":null}},"61":{"start":{"line":363,"column":0},"end":{"line":363,"column":null}},"62":{"start":{"line":369,"column":0},"end":{"line":369,"column":null}},"63":{"start":{"line":370,"column":0},"end":{"line":377,"column":null}},"64":{"start":{"line":371,"column":0},"end":{"line":376,"column":null}},"65":{"start":{"line":372,"column":0},"end":{"line":374,"column":null}},"66":{"start":{"line":373,"column":0},"end":{"line":373,"column":null}},"67":{"start":{"line":375,"column":0},"end":{"line":375,"column":null}},"68":{"start":{"line":378,"column":0},"end":{"line":378,"column":null}},"69":{"start":{"line":384,"column":0},"end":{"line":397,"column":null}},"70":{"start":{"line":385,"column":0},"end":{"line":387,"column":null}},"71":{"start":{"line":386,"column":0},"end":{"line":386,"column":null}},"72":{"start":{"line":388,"column":0},"end":{"line":395,"column":null}},"73":{"start":{"line":389,"column":0},"end":{"line":389,"column":null}},"74":{"start":{"line":390,"column":0},"end":{"line":390,"column":null}},"75":{"start":{"line":392,"column":0},"end":{"line":392,"column":null}},"76":{"start":{"line":396,"column":0},"end":{"line":396,"column":null}},"77":{"start":{"line":398,"column":0},"end":{"line":398,"column":null}},"78":{"start":{"line":401,"column":0},"end":{"line":403,"column":null}},"79":{"start":{"line":402,"column":0},"end":{"line":402,"column":null}},"80":{"start":{"line":404,"column":0},"end":{"line":404,"column":null}},"81":{"start":{"line":405,"column":0},"end":{"line":405,"column":null}},"82":{"start":{"line":406,"column":0},"end":{"line":410,"column":null}},"83":{"start":{"line":407,"column":0},"end":{"line":407,"column":null}},"84":{"start":{"line":409,"column":0},"end":{"line":409,"column":null}},"85":{"start":{"line":411,"column":0},"end":{"line":413,"column":null}},"86":{"start":{"line":412,"column":0},"end":{"line":412,"column":null}},"87":{"start":{"line":414,"column":0},"end":{"line":414,"column":null}},"88":{"start":{"line":422,"column":0},"end":{"line":424,"column":null}},"89":{"start":{"line":423,"column":0},"end":{"line":423,"column":null}},"90":{"start":{"line":425,"column":0},"end":{"line":425,"column":null}},"91":{"start":{"line":431,"column":0},"end":{"line":433,"column":null}},"92":{"start":{"line":432,"column":0},"end":{"line":432,"column":null}},"93":{"start":{"line":435,"column":0},"end":{"line":437,"column":null}},"94":{"start":{"line":436,"column":0},"end":{"line":436,"column":null}},"95":{"start":{"line":438,"column":0},"end":{"line":438,"column":null}},"96":{"start":{"line":449,"column":0},"end":{"line":449,"column":null}},"97":{"start":{"line":464,"column":0},"end":{"line":464,"column":null}},"98":{"start":{"line":465,"column":0},"end":{"line":465,"column":null}},"99":{"start":{"line":472,"column":0},"end":{"line":472,"column":null}},"100":{"start":{"line":479,"column":0},"end":{"line":484,"column":null}},"101":{"start":{"line":480,"column":0},"end":{"line":480,"column":null}},"102":{"start":{"line":485,"column":0},"end":{"line":485,"column":null}},"103":{"start":{"line":486,"column":0},"end":{"line":486,"column":null}},"104":{"start":{"line":493,"column":0},"end":{"line":495,"column":null}},"105":{"start":{"line":494,"column":0},"end":{"line":494,"column":null}},"106":{"start":{"line":496,"column":0},"end":{"line":496,"column":null}},"107":{"start":{"line":497,"column":0},"end":{"line":497,"column":null}},"108":{"start":{"line":498,"column":0},"end":{"line":498,"column":null}},"109":{"start":{"line":500,"column":0},"end":{"line":500,"column":null}},"110":{"start":{"line":501,"column":0},"end":{"line":501,"column":null}},"111":{"start":{"line":502,"column":0},"end":{"line":502,"column":null}},"112":{"start":{"line":503,"column":0},"end":{"line":503,"column":null}},"113":{"start":{"line":504,"column":0},"end":{"line":504,"column":null}},"114":{"start":{"line":505,"column":0},"end":{"line":505,"column":null}},"115":{"start":{"line":509,"column":0},"end":{"line":509,"column":null}},"116":{"start":{"line":510,"column":0},"end":{"line":510,"column":null}},"117":{"start":{"line":511,"column":0},"end":{"line":511,"column":null}},"118":{"start":{"line":516,"column":0},"end":{"line":516,"column":null}},"119":{"start":{"line":519,"column":0},"end":{"line":519,"column":null}},"120":{"start":{"line":520,"column":0},"end":{"line":520,"column":null}},"121":{"start":{"line":522,"column":0},"end":{"line":534,"column":null}},"122":{"start":{"line":523,"column":0},"end":{"line":533,"column":null}},"123":{"start":{"line":524,"column":0},"end":{"line":524,"column":null}},"124":{"start":{"line":525,"column":0},"end":{"line":529,"column":null}},"125":{"start":{"line":526,"column":0},"end":{"line":528,"column":null}},"126":{"start":{"line":527,"column":0},"end":{"line":527,"column":null}},"127":{"start":{"line":530,"column":0},"end":{"line":532,"column":null}},"128":{"start":{"line":531,"column":0},"end":{"line":531,"column":null}},"129":{"start":{"line":535,"column":0},"end":{"line":535,"column":null}},"130":{"start":{"line":538,"column":0},"end":{"line":540,"column":null}},"131":{"start":{"line":539,"column":0},"end":{"line":539,"column":null}},"132":{"start":{"line":541,"column":0},"end":{"line":541,"column":null}},"133":{"start":{"line":542,"column":0},"end":{"line":542,"column":null}},"134":{"start":{"line":543,"column":0},"end":{"line":543,"column":null}},"135":{"start":{"line":546,"column":0},"end":{"line":548,"column":null}},"136":{"start":{"line":547,"column":0},"end":{"line":547,"column":null}},"137":{"start":{"line":549,"column":0},"end":{"line":549,"column":null}},"138":{"start":{"line":550,"column":0},"end":{"line":550,"column":null}},"139":{"start":{"line":553,"column":0},"end":{"line":555,"column":null}},"140":{"start":{"line":554,"column":0},"end":{"line":554,"column":null}},"141":{"start":{"line":556,"column":0},"end":{"line":556,"column":null}},"142":{"start":{"line":557,"column":0},"end":{"line":557,"column":null}},"143":{"start":{"line":558,"column":0},"end":{"line":558,"column":null}},"144":{"start":{"line":561,"column":0},"end":{"line":561,"column":null}},"145":{"start":{"line":563,"column":0},"end":{"line":566,"column":null}},"146":{"start":{"line":564,"column":0},"end":{"line":564,"column":null}},"147":{"start":{"line":565,"column":0},"end":{"line":565,"column":null}},"148":{"start":{"line":567,"column":0},"end":{"line":572,"column":null}},"149":{"start":{"line":568,"column":0},"end":{"line":568,"column":null}},"150":{"start":{"line":570,"column":0},"end":{"line":570,"column":null}},"151":{"start":{"line":571,"column":0},"end":{"line":571,"column":null}},"152":{"start":{"line":573,"column":0},"end":{"line":575,"column":null}},"153":{"start":{"line":574,"column":0},"end":{"line":574,"column":null}},"154":{"start":{"line":576,"column":0},"end":{"line":580,"column":null}},"155":{"start":{"line":576,"column":0},"end":{"line":576,"column":null}},"156":{"start":{"line":577,"column":0},"end":{"line":579,"column":null}},"157":{"start":{"line":578,"column":0},"end":{"line":578,"column":null}},"158":{"start":{"line":581,"column":0},"end":{"line":581,"column":null}},"159":{"start":{"line":584,"column":0},"end":{"line":597,"column":null}},"160":{"start":{"line":596,"column":0},"end":{"line":596,"column":null}},"161":{"start":{"line":598,"column":0},"end":{"line":598,"column":null}},"162":{"start":{"line":601,"column":0},"end":{"line":603,"column":null}},"163":{"start":{"line":602,"column":0},"end":{"line":602,"column":null}},"164":{"start
[...]
umn":127}},{"start":{"line":70,"column":127},"end":{"line":70,"column":136}}]},"12":{"loc":{"start":{"line":81,"column":4},"end":{"line":83,"column":null}},"type":"if","locations":[{"start":{"line":81,"column":4},"end":{"line":83,"column":null}},{"start":{"line":81,"column":4},"end":{"line":83,"column":null}}]},"13":{"loc":{"start":{"line":81,"column":8},"end":{"line":81,"column":34}},"type":"binary-expr","locations":[{"start":{"line":81,"column":8},"end":{"line":81,"column":34}},{"start":{"line":81,"column":34},"end":{"line":81,"column":54}},{"start":{"line":81,"column":54},"end":{"line":81,"column":67}},{"start":{"line":81,"column":67},"end":{"line":81,"column":83}},{"start":{"line":81,"column":83},"end":{"line":81,"column":92}}]},"14":{"loc":{"start":{"line":85,"column":4},"end":{"line":110,"column":null}},"type":"if","locations":[{"start":{"line":85,"column":4},"end":{"line":110,"column":null}},{"start":{"line":85,"column":4},"end":{"line":110,"column":null}}]},"15":{"loc":{"start":{"line":85,"column":8},"end":{"line":85,"column":null}},"type":"binary-expr","locations":[{"start":{"line":85,"column":8},"end":{"line":85,"column":null}},{"start":{"line":86,"column":15},"end":{"line":86,"column":null}},{"start":{"line":87,"column":15},"end":{"line":87,"column":null}},{"start":{"line":88,"column":15},"end":{"line":88,"column":null}},{"start":{"line":89,"column":15},"end":{"line":89,"column":null}},{"start":{"line":90,"column":15},"end":{"line":90,"column":null}},{"start":{"line":91,"column":15},"end":{"line":91,"column":null}},{"start":{"line":92,"column":15},"end":{"line":92,"column":21}},{"start":{"line":93,"column":15},"end":{"line":93,"column":null}}]},"16":{"loc":{"start":{"line":95,"column":8},"end":{"line":109,"column":null}},"type":"if","locations":[{"start":{"line":95,"column":8},"end":{"line":109,"column":null}},{"start":{"line":95,"column":8},"end":{"line":109,"column":null}}]},"17":{"loc":{"start":{"line":95,"column":12},"end":{"line":95,"column":25}},"type":"binary-expr","locations":[{"start":{"line":95,"column":12},"end":{"line":95,"column":25}},{"start":{"line":95,"column":25},"end":{"line":95,"column":50}}]},"18":{"loc":{"start":{"line":107,"column":15},"end":{"line":109,"column":null}},"type":"if","locations":[{"start":{"line":107,"column":15},"end":{"line":109,"column":null}},{"start":{"line":107,"column":15},"end":{"line":109,"column":null}}]},"19":{"loc":{"start":{"line":112,"column":4},"end":{"line":115,"column":null}},"type":"if","locations":[{"start":{"line":112,"column":4},"end":{"line":115,"column":null}},{"start":{"line":112,"column":4},"end":{"line":115,"column":null}}]},"20":{"loc":{"start":{"line":112,"column":8},"end":{"line":112,"column":39}},"type":"binary-expr","locations":[{"start":{"line":112,"column":8},"end":{"line":112,"column":39}},{"start":{"line":112,"column":39},"end":{"line":112,"column":50}},{"start":{"line":112,"column":50},"end":{"line":112,"column":67}}]},"21":{"loc":{"start":{"line":126,"column":12},"end":{"line":145,"column":null}},"type":"if","locations":[{"start":{"line":126,"column":12},"end":{"line":145,"column":null}},{"start":{"line":126,"column":12},"end":{"line":145,"column":null}}]},"22":{"loc":{"start":{"line":126,"column":17},"end":{"line":126,"column":31}},"type":"binary-expr","locations":[{"start":{"line":126,"column":17},"end":{"line":126,"column":31}},{"start":{"line":126,"column":31},"end":{"line":126,"column":49}},{"start":{"line":126,"column":49},"end":{"line":126,"column":63}},{"start":{"line":126,"column":63},"end":{"line":126,"column":null}},{"start":{"line":127,"column":20},"end":{"line":127,"column":55}},{"start":{"line":127,"column":55},"end":{"line":127,"column":null}},{"start":{"line":128,"column":19},"end":{"line":128,"column":54}},{"start":{"line":128,"column":54},"end":{"line":128,"column":117}}]},"23":{"loc":{"start":{"line":130,"column":16},"end":{"line":139,"column":null}},"type":"if","locations":[{"start":{"line":130,"column":16},"end":{"line":139,"column":null}},{"start":{"line":130,"column":16},"end":{"line":139,"column":null}}]},"24":{"loc":{"start":{"line":130,"column":21},"end":{"line":130,"column":34}},"type":"binary-expr","locations":[{"start":{"line":130,"column":21},"end":{"line":130,"column":34}},{"start":{"line":130,"column":34},"end":{"line":130,"column":55}},{"start":{"line":130,"column":55},"end":{"line":130,"column":84}}]},"25":{"loc":{"start":{"line":132,"column":20},"end":{"line":135,"column":null}},"type":"if","locations":[{"start":{"line":132,"column":20},"end":{"line":135,"column":null}},{"start":{"line":132,"column":20},"end":{"line":135,"column":null}}]},"26":{"loc":{"start":{"line":132,"column":24},"end":{"line":132,"column":26}},"type":"binary-expr","locations":[{"start":{"line":132,"column":24},"end":{"line":132,"column":26}},{"start":{"line":133,"column":27},"end":{"line":133,"column":57}}]},"27":{"loc":{"start":{"line":132,"column":26},"end":{"line":132,"column":31}},"type":"binary-expr","locations":[{"start":{"line":132,"column":26},"end":{"line":132,"column":31}},{"start":{"line":132,"column":54},"end":{"line":132,"column":59}},{"start":{"line":132,"column":81},"end":{"line":132,"column":86}}]},"28":{"loc":{"start":{"line":136,"column":20},"end":{"line":138,"column":null}},"type":"if","locations":[{"start":{"line":136,"column":20},"end":{"line":138,"column":null}},{"start":{"line":136,"column":20},"end":{"line":138,"column":null}}]},"29":{"loc":{"start":{"line":141,"column":16},"end":{"line":143,"column":null}},"type":"if","locations":[{"start":{"line":141,"column":16},"end":{"line":143,"column":null}},{"start":{"line":141,"column":16},"end":{"line":143,"column":null}}]},"30":{"loc":{"start":{"line":141,"column":20},"end":{"line":141,"column":46}},"type":"binary-expr","locations":[{"start":{"line":141,"column":20},"end":{"line":141,"column":46}},{"start":{"line":141,"column":46},"end":{"line":141,"column":76}}]},"31":{"loc":{"start":{"line":149,"column":4},"end":{"line":171,"column":null}},"type":"if","locations":[{"start":{"line":149,"column":4},"end":{"line":171,"column":null}},{"start":{"line":149,"column":4},"end":{"line":171,"column":null}}]},"32":{"loc":{"start":{"line":149,"column":8},"end":{"line":149,"column":29}},"type":"binary-expr","locations":[{"start":{"line":149,"column":8},"end":{"line":149,"column":29}},{"start":{"line":149,"column":29},"end":{"line":149,"column":54}},{"start":{"line":149,"column":54},"end":{"line":149,"column":80}},{"start":{"line":149,"column":80},"end":{"line":149,"column":116}}]},"33":{"loc":{"start":{"line":155,"column":22},"end":{"line":155,"column":42}},"type":"binary-expr","locations":[{"start":{"line":155,"column":22},"end":{"line":155,"column":42}},{"start":{"line":155,"column":42},"end":{"line":155,"column":64}},{"start":{"line":155,"column":64},"end":{"line":155,"column":null}}]},"34":{"loc":{"start":{"line":157,"column":8},"end":{"line":159,"column":null}},"type":"if","locations":[{"start":{"line":157,"column":8},"end":{"line":159,"column":null}},{"start":{"line":157,"column":8},"end":{"line":159,"column":null}}]},"35":{"loc":{"start":{"line":160,"column":8},"end":{"line":170,"column":null}},"type":"if","locations":[{"start":{"line":160,"column":8},"end":{"line":170,"column":null}},{"start":{"line":160,"column":8},"end":{"line":170,"column":null}}]},"36":{"loc":{"start":{"line":160,"column":12},"end":{"line":160,"column":26}},"type":"binary-expr","locations":[{"start":{"line":160,"column":12},"end":{"line":160,"column":26}},{"start":{"line":160,"column":26},"end":{"line":160,"column":43}}]},"37":{"loc":{"start":{"line":161,"column":12},"end":{"line":169,"column":null}},"type":"if","locations":[{"start":{"line":161,"column":12},"end":{"line":169,"column":null}},{"start":{"line":161,"column":12},"end":{"line":169,"column":null}}]},"38":{"loc":{"start":{"line":173,"column":4},"end":{"line":198,"column":null}},"type":"if","locations":[{"start":{"line":173,"column":4},"end":{"line":198,"column":null}},{"start":{"line":173,"column":4},"end":{"line":198,"column":null}}]},"39":{"loc":{"start":{"line":173,"column":8},"end":{"line":173,"column":29}},"type":"binary-expr","locations":[{"start":{"line":173,"column":8},"end":{"line":173,"column":29}},{"start":{"line":173,"column":29},"end":{"line":173,"column":54}},{"start":{"line":173,"column":54},"end":{"line":173,"column":90}}]},"40":{"loc":{"start":{"line":179,"column":22},"end":{"line":179,"column":42}},"type":"binary-expr","locations":[{"start":{"line":179,"column":22},"end":{"line":179,"column":42}},{"start":{"line":179,"column":42},"end":{"line":179,"column":64}},{"start":{"line":179,"column":64},"end":{"line":179,"column":null}}]},"41":{"loc":{"start":{"line":181,"column":8},"end":{"line":183,"column":null}},"type":"if","locations":[{"start":{"line":181,"column":8},"end":{"line":183,"column":null}},{"start":{"line":181,"column":8},"end":{"line":183,"column":null}}]},"42":{"loc":{"start":{"line":184,"column":8},"end":{"line":197,"column":null}},"type":"if","locations":[{"start":{"line":184,"column":8},"end":{"line":197,"column":null}},{"start":{"line":184,"column":8},"end":{"line":197,"column":null}}]},"43":{"loc":{"start":{"line":184,"column":12},"end":{"line":184,"column":26}},"type":"binary-expr","locations":[{"start":{"line":184,"column":12},"end":{"line":184,"column":26}},{"start":{"line":184,"column":26},"end":{"line":184,"column":43}}]},"44":{"loc":{"start":{"line":185,"column":12},"end":{"line":196,"column":null}},"type":"if","locations":[{"start":{"line":185,"column":12},"end":{"line":196,"column":null}},{"start":{"line":185,"column":12},"end":{"line":196,"column":null}}]},"45":{"loc":{"start":{"line":200,"column":4},"end":{"line":206,"column":null}},"type":"if","locations":[{"start":{"line":200,"column":4},"end":{"line":206,"column":null}},{"start":{"line":200,"column":4},"end":{"line":206,"column":null}}]},"46":{"loc":{"start":{"line":200,"column":8},"end":{"line":200,"column":22}},"type":"binary-expr","locations":[{"start":{"line":200,"column":8},"end":{"line":200,"column":22}},{"start":{"line":200,"column":22},"end":{"line":200,"column":39}}]},"47":{"loc":{"start":{"line":208,"column":4},"end":{"line":214,"column":null}},"type":"if","locations":[{"start":{"line":208,"column":4},"end":{"line":214,"column":null}},{"start":{"line":208,"column":4},"end":{"line":214,"column":null}}]},"48":{"loc":{"start":{"line":208,"column":8},"end":{"line":208,"column":22}},"type":"binary-expr","locations":[{"start":{"line":208,"column":8},"end":{"line":208,"column":22}},{"start":{"line":208,"column":22},"end":{"line":208,"column":41}},{"start":{"line":208,"column":41},"end":{"line":208,"column":null}},{"start":{"line":209,"column":11},"end":{"line":209,"column":28}},{"start":{"line":209,"column":28},"end":{"line":209,"column":55}},{"start":{"line":209,"column":55},"end":{"line":209,"column":64}}]},"49":{"loc":{"start":{"line":216,"column":4},"end":{"line":253,"column":null}},"type":"if","locations":[{"start":{"line":216,"column":4},"end":{"line":253,"column":null}},{"start":{"line":216,"column":4},"end":{"line":253,"column":null}}]},"50":{"loc":{"start":{"line":216,"column":8},"end":{"line":216,"column":28}},"type":"binary-expr","locations":[{"start":{"line":216,"column":8},"end":{"line":216,"column":28}},{"start":{"line":216,"column":28},"end":{"line":216,"column":41}},{"start":{"line":216,"column":41},"end":{"line":216,"column":64}},{"start":{"line":216,"column":64},"end":{"line":216,"column":100}},{"start":{"line":216,"column":100},"end":{"line":216,"column":109}}]},"51":{"loc":{"start":{"line":218,"column":8},"end":{"line":227,"column":null}},"type":"if","locations":[{"start":{"line":218,"column":8},"end":{"line":227,"column":null}},{"start":{"line":218,"column":8},"end":{"line":227,"column":null}}]},"52":{"loc":{"start":{"line":234,"column":8},"end":{"line":252,"column":null}},"type":"if","locations":[{"start":{"line":234,"column":8},"end":{"line":252,"column":null}},{"start":{"line":234,"column":8},"end":{"line":252,"column":null}}]},"53":{"loc":{"start":{"line":234,"column":12},"end":{"line":234,"column":26}},"type":"binary-expr","locations":[{"start":{"line":234,"column":12},"end":{"line":234,"column":26}},{"start":{"line":234,"column":26},"end":{"line":234,"column":45}},{"start":{"line":234,"column":45},"end":{"line":234,"column":62}},{"start":{"line":234,"column":62},"end":{"line":234,"column":96}}]},"54":{"loc":{"start":{"line":235,"column":12},"end":{"line":238,"column":null}},"type":"if","locations":[{"start":{"line":235,"column":12},"end":{"line":238,"column":null}},{"start":{"line":235,"column":12},"end":{"line":238,"column":null}}]},"55":{"loc":{"start":{"line":235,"column":16},"end":{"line":235,"column":27}},"type":"binary-expr","locations":[{"start":{"line":235,"column":16},"end":{"line":235,"column":27}},{"start":{"line":235,"column":27},"end":{"line":235,"column":49}}]},"56":{"loc":{"start":{"line":239,"column":12},"end":{"line":245,"column":null}},"type":"if","locations":[{"start":{"line":239,"column":12},"end":{"line":245,"column":null}},{"start":{"line":239,"column":12},"end":{"line":245,"column":null}}]},"57":{"loc":{"start":{"line":241,"column":16},"end":{"line":243,"column":null}},"type":"if","locations":[{"start":{"line":241,"column":16},"end":{"line":243,"column":null}},{"start":{"line":241,"column":16},"end":{"line":243,"column":null}}]},"58":{"loc":{"start":{"line":246,"column":12},"end":{"line":251,"column":null}},"type":"if","locations":[{"start":{"line":246,"column":12},"end":{"line":251,"column":null}},{"start":{"line":246,"column":12},"end":{"line":251,"column":null}}]},"59":{"loc":{"start":{"line":255,"column":4},"end":{"line":280,"column":null}},"type":"if","locations":[{"start":{"line":255,"column":4},"end":{"line":280,"column":null}},{"start":{"line":255,"column":4},"end":{"line":280,"column":null}}]},"60":{"loc":{"start":{"line":258,"column":12},"end":{"line":260,"column":null}},"type":"if","locations":[{"start":{"line":258,"column":12},"end":{"line":260,"column":null}},{"start":{"line":258,"column":12},"end":{"line":260,"column":null}}]},"61":{"loc":{"start":{"line":269,"column":12},"end":{"line":277,"column":null}},"type":"if","locations":[{"start":{"line":269,"column":12},"end":{"line":277,"column":null}},{"start":{"line":269,"column":12},"end":{"line":277,"column":null}}]},"62":{"loc":{"start":{"line":269,"column":16},"end":{"line":269,"column":null}},"type":"binary-expr","locations":[{"start":{"line":269,"column":16},"end":{"line":269,"column":null}},{"start":{"line":270,"column":19},"end":{"line":270,"column":null}},{"start":{"line":271,"column":19},"end":{"line":271,"column":null}},{"start":{"line":272,"column":19},"end":{"line":272,"column":40}}]},"63":{"loc":{"start":{"line":273,"column":16},"end":{"line":275,"column":null}},"type":"if","locations":[{"start":{"line":273,"column":16},"end":{"line":275,"column":null}},{"start":{"line":273,"column":16},"end":{"line":275,"column":null}}]},"64":{"loc":{"start":{"line":282,"column":4},"end":{"line":288,"column":null}},"type":"if","locations":[{"start":{"line":282,"column":4},"end":{"line":288,"column":null}},{"start":{"line":282,"column":4},"end":{"line":288,"column":null}}]},"65":{"loc":{"start":{"line":285,"column":8},"end":{"line":287,"column":null}},"type":"if","locations":[{"start":{"line":285,"column":8},"end":{"line":287,"column":null}},{"start":{"line":285,"column":8},"end":{"line":287,"column":null}}]},"66":{"loc":{"start":{"line":290,"column":4},"end":{"line":294,"column":null}},"type":"if","locations":[{"start":{"line":290,"column":4},"end":{"line":294,"column":null}},{"start":{"line":290,"column":4},"end":{"line":294,"column":null}}]},"67":{"loc":{"start":{"line":290,"column":9},"end":{"line":290,"column":14}},"type":"binary-expr","locations":[{"start":{"line":290,"column":9},"end":{"line":290,"column":14}},{"start":{"line":290,"column":37},"end":{"line":290,"column":51}},{"start":{"line":290,"column":51},"end":{"line":290,"column":62}}]},"68":{"loc":{"start":{"line":296,"column":4},"end":{"line":305,"column":null}},"type":"if","locations":[{"start":{"line":296,"column":4},"end":{"line":305,"column":null}},{"start":{"line":296,"column":4},"end":{"line":305,"column":null}}]},"69":{"loc":{"start":{"line":296,"column":8},"end":{"line":296,"column":42}},"type":"binary-expr","locations":[{"start":{"line":296,"column":8},"end":{"line":296,"column":42}},{"start":{"line":296,"column":42},"end":{"line":296,"column":51}}]},"70":{"loc":{"start":{"line":308,"column":4},"end":{"line":348,"column":null}},"type":"if","locations":[{"start":{"line":308,"column":4},"end":{"line":348,"column":null}},{"start":{"line":308,"column":4},"end":{"line":348,"column":null}}]},"71":{"loc":{"start":{"line":316,"column":16},"end":{"line":318,"column":null}},"type":"if","locations":[{"start":{"line":316,"column":16},"end":{"line":318,"column":null}},{"start":{"line":316,"column":16},"end":{"line":318,"column":null}}]},"72":{"loc":{"start":{"line":326,"column":16},"end":{"line":328,"column":null}},"type":"if","locations":[{"start":{"line":326,"column":16},"end":{"line":328,"column":null}},{"start":{"line":326,"column":16},"end":{"line":328,"column":null}}]}},"s":{"0":9,"1":9,"2":9,"3":9,"4":9,"5":21,"6":21,"7":21,"8":21,"9":21,"10":21,"11":14,"12":14,"13":14,"14":38,"15":38,"16":14,"17":112,"18":8,"19":2,"20":2,"21":14,"22":2,"23":9,"24":72,"25":176,"26":1,"27":1,"28":21,"29":21,"30":21,"31":21,"32":1,"33":21,"34":1,"35":1,"36":21,"37":3,"38":21,"39":5,"40":4,"41":4,"42":4,"43":4,"44":4,"45":4,"46":4,"47":4,"48":4,"49":1,"50":1,"51":21,"52":2,"53":2,"54":21,"55":21,"56":21,"57":21,"58":1,"59":1,"60":1,"61":1,"62":1,"63":1,"64":1,"65":1,"66":1,"67":1,"68":0,"69":1,"70":1,"71":1,"72":0,"73":1,"74":21,"75":2,"76":2,"77":2,"78":4,"79":2,"80":2,"81":2,"82":2,"83":2,"84":2,"85":2,"86":1,"87":2,"88":2,"89":1,"90":1,"91":1,"92":1,"93":1,"94":1,"95":21,"96":1,"97":1,"98":1,"99":2,"100":1,"101":1,"102":1,"103":1,"104":1,"105":1,"106":0,"107":1,"108":1,"109":1,"110":1,"111":1,"112":1,"113":1,"114":1,"115":1,"116":0,"117":0,"118":21,"119":7,"120":7,"121":7,"122":7,"123":7,"124":21,"125":4,"126":4,"127":4,"128":4,"129":21,"130":2,"131":2,"132":1,"133":1,"134":1,"135":2,"136":2,"137":19,"138":7,"139":6,"140":6,"141":7,"142":3,"143":3,"144":3,"145":1,"146":3,"147":3,"148":7,"149":3,"150":3,"151":21,"152":4,"153":32,"154":32,"155":0,"156":32,"157":32,"158":32,"159":32,"160":24,"161":84,"162":24,"163":24,"164":4,"165":21,"166":3,"167":3,"168":3,"169":1,"170":21,"171":2,"172":2,"173":2,"174":21,"175":2,"176":3,"177":4,"178":3,"179":4,"180":3,"181":3,"182":3,"183":3,"184":21,"185":7,"186":7,"187":31,"188":7,"189":31,"190":31,"191":0,"192":31,"193":7,"194":31,"195":7,"196":31,"197":31,"198":0,"199":31,"200":7,"201":7,"202":14,"203":21},"f":{"0":21,"1":14,"2":38,"3":38,"4":112,"5":8,"6":9,"7":72,"8":176,"9":1,"10":1,"11":1,"12":2,"13":4,"14":2,"15":1,"16":2,"17":1,"18":3,"19":1,"20":32,"21":84,"22":3,"23":4,"24":4,"25":31,"26":31,"27":31,"28":31},"b":{"0":[21,21],"1":[21,21],"2":[0,21],"3":[21,0],"4":[21,20],"5":[12,9],"6":[12,7],"7":[2,110],"8":[112,8],"9":[2,12],"10":[1,20],"11":[21,4,1,1,1,1],"12":[3,18],"13":[21,4,3,3,3],"14":[5,16],"15":[21,16,15,13,0,0,0,0,0],"16":[4,1],"17":[5,4],"18":[1,0],"19":[2,19],"20":[21,4,4],"21":[1,0],"22":[1,1,0,0,1,1,1,1],"23":[1,0],"24":[1,1,1],"25":[0,1],"26":[1,1],"27":[1,1,1],"28":[1,0],"29":[0,1],"30":[1,1],"31":[2,19],"32":[21,4,2,2],"33":[2,1,1],"34":[1,1],"35":[2,0],"36":[2,2],"37":[1,1],"38":[1,20],"39":[21,4,2],"40":[1,0,0],"41":[0,1],"42":[1,0],"43":[1,1],"44":[1,0],"45":[7,14],"46":[21,12],"47":[4,17],"48":[21,12,7,4,4,4],"49":[2,19],"50":[21,12,7,2,2],"51":[1,1],"52":[7,12],"53":[19,12,7,7],"54":[6,1],"55":[7,1],"56":[3,4],"57":[3,0],"58":[3,4],"59":[4,17],"60":[0,32],"61":[24,8],"62":[32,24,24,24],"63":[24,0],"64":[3,18],"65":[1,2],"66":[2,19],"67":[21,0,21],"68":[2,19],"69":[21,2],"70":[7,14],"71":[0,31],"72":[0,31]}}
}
