TN:
SF:/home/runner/work/graph-editor/graph-editor/src/helpTopics.ts
FNF:0
FNH:0
DA:1,3
LF:1
LH:1
BRF:0
BRH:0
end_of_record
TN:
SF:/home/runner/work/graph-editor/graph-editor/src/main.ts
FN:18,(anonymous_0)
FN:18,(anonymous_1)
FN:31,(anonymous_2)
FN:38,(anonymous_3)
FN:49,(anonymous_4)
FNF:5
FNH:2
FNDA:2,(anonymous_0)
FNDA:0,(anonymous_1)
FNDA:0,(anonymous_2)
FNDA:0,(anonymous_3)
FNDA:1,(anonymous_4)
DA:1,1
DA:2,1
DA:3,1
DA:4,1
DA:5,1
DA:6,1
DA:7,1
DA:8,1
DA:9,1
DA:11,1
DA:12,1
DA:13,1
DA:14,1
DA:15,1
DA:16,1
DA:17,1
DA:18,2
DA:19,0
DA:21,1
DA:32,0
DA:39,0
DA:44,1
DA:45,1
DA:49,1
LF:24
LH:21
BRF:0
BRH:0
end_of_record
TN:
SF:/home/runner/work/graph-editor/graph-editor/src/names.ts
FN:396,getRandomInt
FN:402,getName
FNF:2
FNH:2
FNDA:4,getRandomInt
FNDA:2,getName
DA:1,3
DA:242,3
DA:397,4
DA:398,4
DA:400,4
DA:403,2
DA:404,2
DA:405,2
LF:8
LH:8
BRF:0
BRH:0
end_of_record
TN:
SF:/home/runner/work/graph-editor/graph-editor/src/components/ControlPanel.vue
FN:192,(anonymous_1)
FN:195,(anonymous_2)
FN:199,(anonymous_3)
FN:207,(anonymous_4)
FN:208,(anonymous_5)
FN:209,(anonymous_6)
FN:210,(anonymous_7)
FN:211,(anonymous_8)
FN:212,(anonymous_9)
FN:213,(anonymous_10)
FN:214,(anonymous_11)
FN:215,(anonymous_12)
FN:216,(anonymous_13)
FN:217,(anonymous_14)
FN:218,(anonymous_15)
FN:219,(anonymous_16)
FN:220,(anonymous_17)
FN:221,(anonymous_18)
FN:223,(anonymous_19)
FN:228,(anonymous_20)
FN:243,(anonymous_21)
FN:252,(anonymous_22)
FN:261,(anonymous_23)
FN:267,(anonymous_24)
FN:276,(anonymous_25)
FN:279,(anonymous_26)
FNF:26
FNH:10
FNDA:0,(anonymous_1)
FNDA:1,(anonymous_2)
FNDA:0,(anonymous_3)
FNDA:4,(anonymous_4)
FNDA:0,(anonymous_5)
FNDA:0,(anonymous_6)
FNDA:0,(anonymous_7)
FNDA:0,(anonymous_8)
FNDA:4,(anonymous_9)
FNDA:0,(anonymous_10)
FNDA:0,(anonymous_11)
FNDA:0,(anonymous_12)
FNDA:0,(anonymous_13)
FNDA:4,(anonymous_14)
FNDA:0,(anonymous_15)
FNDA:0,(anonymous_16)
FNDA:0,(anonymous_17)
FNDA:0,(anonymous_18)
FNDA:0,(anonymous_19)
FNDA:6,(anonymous_20)
FNDA:2,(anonymous_21)
FNDA:2,(anonymous_22)
FNDA:0,(anonymous_23)
FNDA:1,(anonymous_24)
FNDA:4,(anonymous_25)
FNDA:4,(anonymous_26)
DA:168,3
DA:169,3
DA:170,3
DA:171,3
DA:172,3
DA:173,3
DA:174,3
DA:175,3
DA:176,3
DA:177,3
DA:193,0
DA:196,1
DA:200,0
DA:207,4
DA:208,0
DA:209,0
DA:210,0
DA:211,0
DA:212,4
DA:213,0
DA:214,0
DA:215,0
DA:216,0
DA:217,4
DA:218,0
DA:219,0
DA:220,0
DA:221,0
DA:224,0
DA:229,6
DA:230,6
DA:231,6
DA:233,6
DA:244,2
DA:245,2
DA:246,2
DA:249,2
DA:253,2
DA:254,0
DA:256,2
DA:261,2
DA:262,0
DA:263,0
DA:265,2
DA:268,1
DA:269,0
DA:270,0
DA:272,1
DA:273,1
DA:277,4
DA:280,4
LF:51
LH:31
BRDA:230,0,0,6
BRDA:230,0,1,0
BRDA:234,1,0,0
BRDA:234,1,1,6
BRDA:235,2,0,1
BRDA:235,2,1,5
BRDA:244,3,0,2
BRDA:244,3,1,0
BRDA:253,4,0,0
BRDA:253,4,1,2
BRDA:268,5,0,0
BRDA:268,5,1,1
BRF:12
BRH:7
end_of_record
TN:
SF:/home/runner/work/graph-editor/graph-editor/src/components/EdgeConnector.vue
FN:24,(anonymous_1)
FN:46,(anonymous_2)
FN:47,(anonymous_3)
FN:48,(anonymous_4)
FN:49,(anonymous_5)
FN:50,(anonymous_6)
FN:51,(anonymous_7)
FN:52,(anonymous_8)
FN:53,(anonymous_9)
FN:54,(anonymous_10)
FN:55,(anonymous_11)
FN:56,(anonymous_12)
FN:57,(anonymous_13)
FN:58,(anonymous_14)
FN:59,(anonymous_15)
FN:60,(anonymous_16)
FN:62,(anonymous_17)
FN:65,(anonymous_18)
FN:66,(anonymous_19)
FN:68,(anonymous_20)
FN:69,(anonymous_21)
FN:71,(anonymous_22)
FN:72,(anonymous_23)
FN:74,(anonymous_24)
FN:77,(anonymous_25)
FN:78,(anonymous_26)
FN:88,(anonymous_27)
FN:89,(anonymous_28)
FN:92,(anonymous_29)
FN:102,(anonymous_30)
FN:108,(anonymous_31)
FN:116,(anonymous_32)
FN:127,(anonymous_33)
FN:131,(anonymous_34)
FN:145,(anonymous_35)
FN:152,(anonymous_36)
FN:159,(anonymous_37)
FN:165,(anonymous_38)
FN:171,(anonymous_39)
FN:179,(anonymous_40)
FN:184,(anonymous_41)
FN:189,(anonymous_42)
FN:194,(anonymous_43)
FN:208,(anonymous_44)
FN:209,(anonymous_45)
FN:218,(anonymous_46)
FN:223,(anonymous_47)
FN:226,(anonymous_48)
FNF:48
FNH:25
FNDA:2,(anonymous_1)
FNDA:2,(anonymous_2)
FNDA:2,(anonymous_3)
FNDA:0,(anonymous_4)
FNDA:2,(anonymous_5)
FNDA:2,(anonymous_6)
FNDA:0,(anonymous_7)
FNDA:2,(anonymous_8)
FNDA:2,(anonymous_9)
FNDA:2,(anonymous_10)
FNDA:2,(anonymous_11)
FNDA:2,(anonymous_12)
FNDA:2,(anonymous_13)
FNDA:2,(anonymous_14)
FNDA:2,(anonymous_15)
FNDA:2,(anonymous_16)
FNDA:0,(anonymous_17)
FNDA:0,(anonymous_18)
FNDA:0,(anonymous_19)
FNDA:0,(anonymous_20)
FNDA:0,(anonymous_21)
FNDA:0,(anonymous_22)
FNDA:0,(anonymous_23)
FNDA:0,(anonymous_24)
FNDA:2,(anonymous_25)
FNDA:2,(anonymous_26)
FNDA:2,(anonymous_27)
FNDA:4,(anonymous_28)
FNDA:2,(anonymous_29)
FNDA:2,(anonymous_30)
FNDA:0,(anonymous_31)
FNDA:2,(anonymous_32)
FNDA:0,(anonymous_33)
FNDA:0,(anonymous_34)
FNDA:0,(anonymous_35)
FNDA:0,(anonymous_36)
FNDA:0,(anonymous_37)
FNDA:0,(anonymous_38)
FNDA:0,(anonymous_39)
FNDA:0,(anonymous_40)
FNDA:0,(anonymous_41)
FNDA:0,(anonymous_42)
FNDA:0,(anonymous_43)
FNDA:3,(anonymous_44)
FNDA:3,(anonymous_45)
FNDA:5,(anonymous_46)
FNDA:0,(anonymous_47)
FNDA:2,(anonymous_48)
DA:13,4
DA:14,4
DA:15,4
DA:16,4
DA:25,2
DA:46,2
DA:47,2
DA:48,0
DA:49,2
DA:50,2
DA:51,0
DA:52,2
DA:53,2
DA:54,2
DA:55,2
DA:56,2
DA:57,2
DA:58,2
DA:59,2
DA:60,2
DA:63,0
DA:66,0
DA:69,0
DA:72,0
DA:75,0
DA:78,2
DA:79,2
DA:81,2
DA:82,2
DA:89,2
DA:90,4
DA:92,2
DA:93,2
DA:95,2
DA:96,2
DA:103,2
DA:104,2
DA:106,0
DA:109,0
DA:117,2
DA:128,0
DA:132,0
DA:133,0
DA:134,0
DA:135,0
DA:136,0
DA:138,0
DA:146,0
DA:147,0
DA:153,0
DA:154,0
DA:160,0
DA:166,0
DA:172,0
DA:173,0
DA:180,0
DA:185,0
DA:190,0
DA:195,0
DA:199,0
DA:200,0
DA:201,0
DA:209,3
DA:210,3
DA:211,0
DA:213,3
DA:214,3
DA:215,3
DA:219,5
DA:220,5
DA:224,0
DA:227,2
DA:228,2
DA:232,2
DA:233,2
LF:75
LH:42
BRDA:75,0,0,0
BRDA:75,0,1,0
BRDA:89,1,0,2
BRDA:89,1,1,0
BRDA:92,2,0,2
BRDA:92,2,1,0
BRDA:95,3,0,2
BRDA:95,3,1,0
BRDA:103,4,0,2
BRDA:103,4,1,0
BRDA:106,5,0,0
BRDA:106,5,1,0
BRDA:118,6,0,0
BRDA:118,6,1,2
BRDA:134,7,0,0
BRDA:134,7,1,0
BRDA:135,8,0,0
BRDA:135,8,1,0
BRDA:172,9,0,0
BRDA:172,9,1,0
BRDA:172,10,0,0
BRDA:172,10,1,0
BRDA:199,11,0,0
BRDA:199,11,1,0
BRDA:210,12,0,0
BRDA:210,12,1,3
BRF:26
BRH:6
end_of_record
TN:
SF:/home/runner/work/graph-editor/graph-editor/src/components/EdgeProperties.vue
FN:173,(anonymous_1)
FN:174,(anonymous_2)
FN:184,(anonymous_3)
FN:185,(anonymous_4)
FN:188,(anonymous_5)
FN:198,(anonymous_6)
FN:205,(anonymous_7)
FN:212,(anonymous_8)
FN:215,(anonymous_9)
FN:218,(anonymous_10)
FN:226,(anonymous_11)
FN:229,(anonymous_12)
FN:230,(anonymous_13)
FN:231,(anonymous_14)
FN:233,(anonymous_15)
FN:242,(anonymous_16)
FN:251,(anonymous_18)
FN:256,(anonymous_19)
FN:263,(anonymous_20)
FN:270,(anonymous_21)
FN:274,(anonymous_22)
FN:277,(anonymous_23)
FN:285,(anonymous_24)
FN:289,(anonymous_25)
FN:295,(anonymous_26)
FN:299,(anonymous_27)
FN:310,(anonymous_28)
FN:317,(anonymous_29)
FN:331,(anonymous_30)
FN:338,(anonymous_31)
FN:339,(anonymous_32)
FN:342,(anonymous_33)
FN:354,(anonymous_34)
FN:361,(anonymous_35)
FN:368,(anonymous_36)
FN:376,(anonymous_37)
FN:383,(anonymous_38)
FN:387,(anonymous_39)
FN:388,(anonymous_40)
FN:389,(anonymous_41)
FNF:40
FNH:34
FNDA:1,(anonymous_1)
FNDA:1,(anonymous_2)
FNDA:1,(anonymous_3)
FNDA:3,(anonymous_4)
FNDA:1,(anonymous_5)
FNDA:1,(anonymous_6)
FNDA:1,(anonymous_7)
FNDA:1,(anonymous_8)
FNDA:1,(anonymous_9)
FNDA:0,(anonymous_10)
FNDA:90,(anonymous_11)
FNDA:450,(anonymous_12)
FNDA:810,(anonymous_13)
FNDA:495,(anonymous_14)
FNDA:45,(anonymous_15)
FNDA:90,(anonymous_16)
FNDA:0,(anonymous_18)
FNDA:2,(anonymous_19)
FNDA:2,(anonymous_20)
FNDA:2,(anonymous_21)
FNDA:1,(anonymous_22)
FNDA:1,(anonymous_23)
FNDA:2,(anonymous_24)
FNDA:3,(anonymous_25)
FNDA:4,(anonymous_26)
FNDA:0,(anonymous_27)
FNDA:2,(anonymous_28)
FNDA:0,(anonymous_29)
FNDA:18,(anonymous_30)
FNDA:18,(anonymous_31)
FNDA:18,(anonymous_32)
FNDA:18,(anonymous_33)
FNDA:0,(anonymous_34)
FNDA:18,(anonymous_35)
FNDA:0,(anonymous_36)
FNDA:18,(anonymous_37)
FNDA:18,(anonymous_38)
FNDA:18,(anonymous_39)
FNDA:18,(anonymous_40)
FNDA:18,(anonymous_41)
DA:161,4
DA:162,4
DA:174,1
DA:175,1
DA:177,1
DA:178,1
DA:185,1
DA:186,3
DA:188,1
DA:189,1
DA:191,1
DA:192,1
DA:199,1
DA:206,1
DA:213,1
DA:216,1
DA:219,0
DA:227,90
DA:228,90
DA:229,45
DA:230,450
DA:231,810
DA:232,495
DA:234,45
DA:242,45
DA:243,45
DA:249,90
DA:252,0
DA:253,0
DA:257,2
DA:264,2
DA:272,2
DA:273,2
DA:274,2
DA:275,0
DA:277,2
DA:278,0
DA:280,2
DA:285,2
DA:286,2
DA:291,3
DA:292,3
DA:293,1
DA:294,10
DA:295,22
DA:296,18
DA:297,0
DA:298,0
DA:299,0
DA:300,0
DA:301,0
DA:302,0
DA:303,0
DA:305,0
DA:310,4
DA:311,2
DA:312,0
DA:314,2
DA:315,1
DA:316,1
DA:317,1
DA:318,0
DA:319,0
DA:320,0
DA:321,0
DA:323,1
DA:326,2
DA:332,18
DA:333,18
DA:334,0
DA:336,18
DA:339,36
DA:343,18
DA:355,0
DA:356,0
DA:362,18
DA:369,0
DA:370,0
DA:372,0
DA:373,0
DA:377,18
DA:378,18
DA:379,18
DA:384,18
DA:387,18
DA:388,18
DA:389,18
LF:87
LH:62
BRDA:188,0,0,1
BRDA:188,0,1,0
BRDA:191,1,0,1
BRDA:191,1,1,0
BRDA:228,2,0,45
BRDA:228,2,1,45
BRDA:232,3,0,495
BRDA:232,3,1,45
BRDA:252,4,0,0
BRDA:252,4,1,0
BRDA:257,5,0,1
BRDA:257,5,1,1
BRDA:264,6,0,1
BRDA:264,6,1,1
BRDA:273,7,0,1
BRDA:273,7,1,1
BRDA:274,8,0,0
BRDA:274,8,1,2
BRDA:274,9,0,2
BRDA:274,9,1,1
BRDA:277,10,0,0
BRDA:277,10,1,2
BRDA:277,11,0,2
BRDA:277,11,1,1
BRDA:280,12,0,1
BRDA:280,12,1,1
BRDA:292,13,0,1
BRDA:292,13,1,2
BRDA:295,14,0,4
BRDA:295,14,1,1
BRDA:296,15,0,0
BRDA:296,15,1,18
BRDA:296,16,0,18
BRDA:296,16,1,0
BRDA:311,17,0,0
BRDA:311,17,1,2
BRDA:314,18,0,1
BRDA:314,18,1,1
BRDA:314,19,0,2
BRDA:314,19,1,2
BRDA:326,20,0,1
BRDA:326,20,1,1
BRDA:333,21,0,0
BRDA:333,21,1,18
BRDA:355,22,0,0
BRDA:355,22,1,0
BRDA:369,23,0,0
BRDA:369,23,1,0
BRDA:377,24,0,18
BRDA:377,24,1,0
BRF:50
BRH:35
end_of_record
TN:
SF:/home/runner/work/graph-editor/graph-editor/src/components/EditorSettings.vue
FN:125,(anonymous_1)
FN:129,(anonymous_2)
FN:136,(anonymous_3)
FN:145,(anonymous_4)
FN:152,(anonymous_5)
FN:181,(anonymous_6)
FNF:6
FNH:3
FNDA:0,(anonymous_1)
FNDA:0,(anonymous_2)
FNDA:0,(anonymous_3)
FNDA:1,(anonymous_4)
FNDA:1,(anonymous_5)
FNDA:1,(anonymous_6)
DA:119,4
DA:120,4
DA:121,4
DA:126,0
DA:130,0
DA:137,0
DA:138,0
DA:146,1
DA:152,1
DA:182,1
LF:10
LH:6
BRF:0
BRH:0
end_of_record
TN:
SF:/home/runner/work/graph-editor/graph-editor/src/components/GraphCanvas.vue
FN:38,(anonymous_1)
FN:45,(anonymous_2)
FN:58,(anonymous_3)
FN:62,(anonymous_4)
FN:71,(anonymous_5)
FN:119,(anonymous_6)
FN:135,(anonymous_7)
FN:136,(anonymous_8)
FN:137,(anonymous_9)
FN:138,(anonymous_10)
FN:139,(anonymous_11)
FN:140,(anonymous_12)
FN:141,(anonymous_13)
FN:142,(anonymous_14)
FN:143,(anonymous_15)
FN:144,(anonymous_16)
FN:145,(anonymous_17)
FN:146,(anonymous_18)
FN:148,(anonymous_19)
FN:158,(anonymous_20)
FN:168,(anonymous_21)
FN:170,(anonymous_22)
FN:171,(anonymous_23)
FN:172,(anonymous_24)
FN:190,(anonymous_25)
FN:200,(anonymous_26)
FNF:26
FNH:19
FNDA:23,(anonymous_1)
FNDA:23,(anonymous_2)
FNDA:1,(anonymous_3)
FNDA:3,(anonymous_4)
FNDA:0,(anonymous_5)
FNDA:0,(anonymous_6)
FNDA:0,(anonymous_7)
FNDA:5,(anonymous_8)
FNDA:3,(anonymous_9)
FNDA:3,(anonymous_10)
FNDA:0,(anonymous_11)
FNDA:5,(anonymous_12)
FNDA:5,(anonymous_13)
FNDA:0,(anonymous_14)
FNDA:5,(anonymous_15)
FNDA:23,(anonymous_16)
FNDA:5,(anonymous_17)
FNDA:23,(anonymous_18)
FNDA:0,(anonymous_19)
FNDA:0,(anonymous_20)
FNDA:5,(anonymous_21)
FNDA:50,(anonymous_22)
FNDA:90,(anonymous_23)
FNDA:55,(anonymous_24)
FNDA:5,(anonymous_25)
FNDA:5,(anonymous_26)
DA:26,3
DA:27,3
DA:28,3
DA:29,3
DA:30,3
DA:31,3
DA:39,23
DA:46,23
DA:47,23
DA:59,1
DA:60,1
DA:63,3
DA:64,0
DA:65,0
DA:66,0
DA:67,0
DA:68,0
DA:70,0
DA:71,0
DA:72,0
DA:74,0
DA:89,0
DA:91,0
DA:93,3
DA:94,3
DA:95,3
DA:96,2
DA:97,2
DA:98,1
DA:102,1
DA:104,1
DA:109,1
DA:110,1
DA:111,1
DA:121,0
DA:122,0
DA:123,0
DA:124,0
DA:135,0
DA:136,5
DA:137,3
DA:138,3
DA:139,0
DA:140,5
DA:141,5
DA:142,0
DA:143,5
DA:144,23
DA:145,5
DA:146,23
DA:149,0
DA:159,0
DA:169,5
DA:170,5
DA:171,50
DA:172,90
DA:173,55
DA:181,5
DA:182,0
DA:188,5
DA:191,5
DA:192,0
DA:196,5
DA:201,5
DA:202,5
DA:203,5
DA:204,5
DA:205,0
DA:208,5
LF:69
LH:46
BRDA:63,0,0,0
BRDA:63,0,1,3
BRDA:67,1,0,0
BRDA:67,1,1,0
BRDA:95,2,0,2
BRDA:95,2,1,1
BRDA:97,3,0,1
BRDA:97,3,1,1
BRDA:109,4,0,1
BRDA:109,4,1,0
BRDA:122,5,0,0
BRDA:122,5,1,0
BRDA:181,6,0,0
BRDA:181,6,1,5
BRDA:191,7,0,0
BRDA:191,7,1,5
BRDA:202,8,0,5
BRDA:202,8,1,0
BRDA:204,9,0,0
BRDA:204,9,1,5
BRF:20
BRH:10
end_of_record
TN:
SF:/home/runner/work/graph-editor/graph-editor/src/components/GraphEditor.vue
FN:220,(anonymous_1)
FN:222,(anonymous_2)
FN:226,(anonymous_3)
FN:230,(anonymous_4)
FN:241,(anonymous_5)
FN:247,(anonymous_6)
FN:253,(anonymous_7)
FN:254,(anonymous_8)
FN:255,(anonymous_9)
FN:256,(anonymous_10)
FN:257,(anonymous_11)
FN:258,(anonymous_12)
FN:259,(anonymous_13)
FN:260,(anonymous_14)
FN:261,(anonymous_15)
FN:262,(anonymous_16)
FN:263,(anonymous_17)
FN:264,(anonymous_18)
FN:265,(anonymous_19)
FN:266,(anonymous_20)
FN:267,(anonymous_21)
FN:268,(anonymous_22)
FN:269,(anonymous_23)
FN:270,(anonymous_24)
FN:271,(anonymous_25)
FN:272,(anonymous_26)
FN:273,(anonymous_27)
FN:274,(anonymous_28)
FN:275,(anonymous_29)
FN:276,(anonymous_30)
FN:277,(anonymous_31)
FN:278,(anonymous_32)
FN:279,(anonymous_33)
FN:280,(anonymous_34)
FN:282,(anonymous_35)
FN:289,(anonymous_36)
FN:328,(anonymous_37)
FN:334,(anonymous_38)
FN:345,(anonymous_39)
FN:351,(anonymous_40)
FN:357,(anonymous_41)
FN:364,(anonymous_42)
FN:370,(anonymous_43)
FN:385,(anonymous_44)
FN:393,(anonymous_45)
FN:402,(anonymous_46)
FN:423,(anonymous_47)
FN:432,(anonymous_48)
FN:450,(anonymous_49)
FN:473,(anonymous_50)
FN:480,(anonymous_51)
FN:493,(anonymous_52)
FN:520,(anonymous_53)
FN:522,(anonymous_54)
FN:524,(anonymous_55)
FN:525,(anonymous_56)
FN:527,(anonymous_57)
FN:532,(anonymous_58)
FN:539,(anonymous_59)
FN:547,(anonymous_60)
FN:554,(anonymous_61)
FN:562,(anonymous_62)
FN:565,(anonymous_63)
FN:585,(anonymous_64)
FN:602,(anonymous_65)
FN:608,(anonymous_66)
FN:615,(anonymous_67)
FN:616,(anonymous_68)
FN:639,(anonymous_69)
FNF:69
FNH:34
FNDA:0,(anonymous_1)
FNDA:0,(anonymous_2)
FNDA:0,(anonymous_3)
FNDA:0,(anonymous_4)
FNDA:0,(anonymous_5)
FNDA:0,(anonymous_6)
FNDA:0,(anonymous_7)
FNDA:0,(anonymous_8)
FNDA:1,(anonymous_9)
FNDA:18,(anonymous_10)
FNDA:18,(anonymous_11)
FNDA:0,(anonymous_12)
FNDA:18,(anonymous_13)
FNDA:0,(anonymous_14)
FNDA:18,(anonymous_15)
FNDA:8,(anonymous_16)
FNDA:0,(anonymous_17)
FNDA:0,(anonymous_18)
FNDA:0,(anonymous_19)
FNDA:0,(anonymous_20)
FNDA:0,(anonymous_21)
FNDA:0,(anonymous_22)
FNDA:0,(anonymous_23)
FNDA:0,(anonymous_24)
FNDA:18,(anonymous_25)
FNDA:0,(anonymous_26)
FNDA:0,(anonymous_27)
FNDA:0,(anonymous_28)
FNDA:18,(anonymous_29)
FNDA:18,(anonymous_30)
FNDA:18,(anonymous_31)
FNDA:18,(anonymous_32)
FNDA:5,(anonymous_33)
FNDA:18,(anonymous_34)
FNDA:0,(anonymous_35)
FNDA:18,(anonymous_36)
FNDA:1,(anonymous_37)
FNDA:1,(anonymous_38)
FNDA:1,(anonymous_39)
FNDA:1,(anonymous_40)
FNDA:0,(anonymous_41)
FNDA:1,(anonymous_42)
FNDA:8,(anonymous_43)
FNDA:0,(anonymous_44)
FNDA:0,(anonymous_45)
FNDA:0,(anonymous_46)
FNDA:0,(anonymous_47)
FNDA:1,(anonymous_48)
FNDA:0,(anonymous_49)
FNDA:1,(anonymous_50)
FNDA:1,(anonymous_51)
FNDA:1,(anonymous_52)
FNDA:1,(anonymous_53)
FNDA:1,(anonymous_54)
FNDA:1,(anonymous_55)
FNDA:1,(anonymous_56)
FNDA:1,(anonymous_57)
FNDA:1,(anonymous_58)
FNDA:0,(anonymous_59)
FNDA:0,(anonymous_60)
FNDA:0,(anonymous_61)
FNDA:0,(anonymous_62)
FNDA:0,(anonymous_63)
FNDA:0,(anonymous_64)
FNDA:1,(anonymous_65)
FNDA:1,(anonymous_66)
FNDA:18,(anonymous_67)
FNDA:0,(anonymous_68)
FNDA:18,(anonymous_69)
DA:199,2
DA:200,2
DA:201,2
DA:202,2
DA:203,2
DA:204,2
DA:205,2
DA:221,0
DA:222,0
DA:223,0
DA:227,0
DA:231,0
DA:232,0
DA:233,0
DA:234,0
DA:236,0
DA:242,0
DA:243,0
DA:244,0
DA:248,0
DA:253,0
DA:254,0
DA:255,1
DA:256,18
DA:257,18
DA:258,0
DA:259,18
DA:260,0
DA:261,18
DA:262,8
DA:263,0
DA:264,0
DA:265,0
DA:266,0
DA:267,0
DA:268,0
DA:269,0
DA:270,0
DA:271,18
DA:272,0
DA:273,0
DA:274,0
DA:275,18
DA:276,18
DA:277,18
DA:278,18
DA:279,5
DA:280,18
DA:283,0
DA:284,0
DA:286,0
DA:287,0
DA:290,18
DA:291,18
DA:292,0
DA:293,18
DA:294,0
DA:295,18
DA:296,0
DA:298,18
DA:329,1
DA:335,1
DA:346,1
DA:352,1
DA:358,0
DA:365,1
DA:371,8
DA:372,8
DA:373,2
DA:374,3
DA:375,2
DA:377,1
DA:380,6
DA:386,0
DA:387,0
DA:388,0
DA:390,0
DA:391,0
DA:392,0
DA:394,0
DA:398,0
DA:400,0
DA:403,0
DA:404,0
DA:406,0
DA:407,0
DA:408,0
DA:409,0
DA:411,0
DA:413,0
DA:414,0
DA:416,0
DA:424,0
DA:425,0
DA:427,0
DA:433,1
DA:434,0
DA:437,1
DA:438,0
DA:440,1
DA:451,0
DA:466,1
DA:467,1
DA:474,1
DA:481,1
DA:482,0
DA:487,1
DA:488,1
DA:495,1
DA:496,0
DA:498,1
DA:499,1
DA:500,1
DA:502,1
DA:503,1
DA:504,1
DA:505,1
DA:506,1
DA:507,1
DA:511,1
DA:512,1
DA:513,1
DA:518,1
DA:521,1
DA:522,2
DA:524,1
DA:525,1
DA:526,1
DA:527,1
DA:528,1
DA:529,1
DA:532,1
DA:533,1
DA:537,1
DA:540,0
DA:541,0
DA:543,0
DA:544,0
DA:545,0
DA:548,0
DA:549,0
DA:551,0
DA:552,0
DA:555,0
DA:556,0
DA:558,0
DA:559,0
DA:560,0
DA:563,0
DA:565,0
DA:566,0
DA:567,0
DA:569,0
DA:570,0
DA:572,0
DA:573,0
DA:575,0
DA:576,0
DA:578,0
DA:579,0
DA:580,0
DA:583,0
DA:586,0
DA:598,0
DA:600,0
DA:603,1
DA:604,0
DA:606,1
DA:609,1
DA:610,0
DA:612,1
DA:616,18
DA:617,0
DA:619,18
DA:620,18
DA:621,18
DA:622,18
DA:623,18
DA:624,18
DA:625,18
DA:626,18
DA:627,18
DA:628,18
DA:629,18
DA:630,18
DA:631,18
DA:633,18
DA:636,18
DA:637,18
DA:640,18
LF:190
LH:93
BRDA:231,0,0,0
BRDA:231,0,1,0
BRDA:232,1,0,0
BRDA:232,1,1,0
BRDA:232,2,0,0
BRDA:232,2,1,0
BRDA:243,3,0,0
BRDA:243,3,1,0
BRDA:283,4,0,0
BRDA:283,4,1,0
BRDA:283,5,0,0
BRDA:283,5,1,0
BRDA:286,6,0,0
BRDA:286,6,1,0
BRDA:291,7,0,0
BRDA:291,7,1,18
BRDA:291,8,0,18
BRDA:291,8,1,0
BRDA:291,8,2,18
BRDA:293,9,0,0
BRDA:293,9,1,18
BRDA:295,10,0,0
BRDA:295,10,1,18
BRDA:299,11,0,0
BRDA:299,11,1,18
BRDA:372,12,0,2
BRDA:372,12,1,6
BRDA:374,13,0,2
BRDA:374,13,1,1
BRDA:380,14,0,6
BRDA:380,14,1,3
BRDA:380,15,0,3
BRDA:380,15,1,0
BRDA:380,15,2,3
BRDA:380,15,3,0
BRDA:380,15,4,3
BRDA:380,15,5,0
BRDA:387,16,0,0
BRDA:387,16,1,0
BRDA:387,17,0,0
BRDA:387,17,1,0
BRDA:390,18,0,0
BRDA:390,18,1,0
BRDA:403,19,0,0
BRDA:403,19,1,0
BRDA:408,20,0,0
BRDA:408,20,1,0
BRDA:413,21,0,0
BRDA:413,21,1,0
BRDA:424,22,0,0
BRDA:424,22,1,0
BRDA:433,23,0,0
BRDA:433,23,1,1
BRDA:433,24,0,1
BRDA:433,24,1,1
BRDA:437,25,0,0
BRDA:437,25,1,1
BRDA:481,26,0,0
BRDA:481,26,1,1
BRDA:495,27,0,0
BRDA:495,27,1,1
BRDA:495,28,0,1
BRDA:495,28,1,1
BRDA:495,28,2,1
BRDA:500,29,0,1
BRDA:500,29,1,0
BRDA:505,30,0,1
BRDA:505,30,1,0
BRDA:528,31,0,1
BRDA:528,31,1,0
BRDA:540,32,0,0
BRDA:540,32,1,0
BRDA:540,33,0,0
BRDA:540,33,1,0
BRDA:548,34,0,0
BRDA:548,34,1,0
BRDA:548,35,0,0
BRDA:548,35,1,0
BRDA:555,36,0,0
BRDA:555,36,1,0
BRDA:555,37,0,0
BRDA:555,37,1,0
BRDA:575,38,0,0
BRDA:575,38,1,0
BRDA:579,39,0,0
BRDA:579,39,1,0
BRDA:586,40,0,0
BRDA:586,40,1,0
BRDA:586,41,0,0
BRDA:586,41,1,0
BRDA:586,41,2,0
BRDA:586,41,3,0
BRDA:586,41,4,0
BRDA:586,41,5,0
BRDA:586,41,6,0
BRDA:586,41,7,0
BRDA:586,41,8,0
BRDA:586,41,9,0
BRDA:603,42,0,0
BRDA:603,42,1,1
BRDA:609,43,0,0
BRDA:609,43,1,1
BRDA:630,44,0,18
BRDA:630,44,1,0
BRF:104
BRH:30
end_of_record
TN:
SF:/home/runner/work/graph-editor/graph-editor/src/components/GraphLog.vue
FN:143,(anonymous_1)
FN:153,(anonymous_2)
FN:154,(anonymous_3)
FN:155,(anonymous_4)
FN:157,(anonymous_5)
FN:158,(anonymous_6)
FN:159,(anonymous_7)
FNF:7
FNH:7
FNDA:1,(anonymous_1)
FNDA:1,(anonymous_2)
FNDA:1,(anonymous_3)
FNDA:1,(anonymous_4)
FNDA:1,(anonymous_5)
FNDA:7,(anonymous_6)
FNDA:21,(anonymous_7)
DA:138,4
DA:139,4
DA:144,1
DA:153,1
DA:154,1
DA:155,1
DA:158,1
DA:159,7
DA:160,21
LF:9
LH:9
BRF:0
BRH:0
end_of_record
TN:
SF:/home/runner/work/graph-editor/graph-editor/src/components/GraphManager.vue
FN:310,(anonymous_1)
FN:318,(anonymous_2)
FN:323,(anonymous_3)
FN:327,(anonymous_4)
FN:335,(anonymous_5)
FN:341,(anonymous_6)
FN:344,(anonymous_7)
FN:347,(anonymous_8)
FN:350,(anonymous_9)
FN:355,(anonymous_10)
FN:381,(anonymous_11)
FN:387,(anonymous_12)
FN:392,(anonymous_13)
FN:409,(anonymous_14)
FN:410,(anonymous_15)
FN:411,(anonymous_16)
FN:412,(anonymous_17)
FN:413,(anonymous_18)
FN:414,(anonymous_19)
FN:416,(anonymous_20)
FN:419,(anonymous_21)
FN:420,(anonymous_22)
FN:422,(anonymous_23)
FN:423,(anonymous_24)
FN:425,(anonymous_25)
FN:430,(anonymous_26)
FNF:26
FNH:17
FNDA:0,(anonymous_1)
FNDA:0,(anonymous_2)
FNDA:1,(anonymous_3)
FNDA:2,(anonymous_4)
FNDA:1,(anonymous_5)
FNDA:1,(anonymous_6)
FNDA:1,(anonymous_7)
FNDA:1,(anonymous_8)
FNDA:0,(anonymous_9)
FNDA:6,(anonymous_10)
FNDA:0,(anonymous_11)
FNDA:6,(anonymous_12)
FNDA:0,(anonymous_13)
FNDA:0,(anonymous_14)
FNDA:1,(anonymous_15)
FNDA:12,(anonymous_16)
FNDA:6,(anonymous_17)
FNDA:6,(anonymous_18)
FNDA:0,(anonymous_19)
FNDA:1,(anonymous_20)
FNDA:0,(anonymous_21)
FNDA:0,(anonymous_22)
FNDA:12,(anonymous_23)
FNDA:132,(anonymous_24)
FNDA:132,(anonymous_25)
FNDA:6,(anonymous_26)
DA:295,2
DA:296,2
DA:297,2
DA:311,0
DA:312,0
DA:313,0
DA:315,0
DA:316,0
DA:319,0
DA:320,0
DA:321,0
DA:324,1
DA:325,1
DA:328,2
DA:329,2
DA:330,1
DA:332,1
DA:336,1
DA:342,2
DA:345,2
DA:348,1
DA:351,0
DA:352,0
DA:355,6
DA:382,0
DA:388,6
DA:393,0
DA:394,0
DA:395,0
DA:409,0
DA:410,1
DA:411,12
DA:412,6
DA:413,6
DA:414,0
DA:417,1
DA:420,0
DA:423,12
DA:424,132
DA:426,132
DA:431,6
DA:432,6
DA:433,6
DA:434,6
LF:44
LH:27
BRDA:311,0,0,0
BRDA:311,0,1,0
BRDA:329,1,0,1
BRDA:329,1,1,1
BRDA:342,2,0,1
BRDA:342,2,1,0
BRDA:345,3,0,1
BRDA:345,3,1,0
BRDA:394,4,0,0
BRDA:394,4,1,0
BRF:10
BRH:4
end_of_record
TN:
SF:/home/runner/work/graph-editor/graph-editor/src/components/GraphMouse.vue
FN:27,(anonymous_1)
FN:36,(anonymous_2)
FN:37,(anonymous_3)
FN:39,(anonymous_4)
FN:40,(anonymous_5)
FNF:5
FNH:2
FNDA:0,(anonymous_1)
FNDA:0,(anonymous_2)
FNDA:18,(anonymous_3)
FNDA:18,(anonymous_4)
FNDA:0,(anonymous_5)
DA:23,2
DA:28,0
DA:36,0
DA:37,18
DA:40,18
DA:41,0
LF:6
LH:3
BRF:0
BRH:0
end_of_record
TN:
SF:/home/runner/work/graph-editor/graph-editor/src/components/GraphProperties.vue
FN:146,(anonymous_1)
FN:148,(anonymous_2)
FN:158,(anonymous_3)
FN:166,(anonymous_4)
FN:173,(anonymous_5)
FN:190,(anonymous_6)
FN:195,(anonymous_7)
FN:196,(anonymous_8)
FN:197,(anonymous_9)
FN:210,(anonymous_10)
FN:211,(anonymous_11)
FNF:11
FNH:10
FNDA:4996,(anonymous_1)
FNDA:78766,(anonymous_2)
FNDA:1,(anonymous_3)
FNDA:0,(anonymous_4)
FNDA:1,(anonymous_5)
FNDA:1,(anonymous_6)
FNDA:10,(anonymous_7)
FNDA:20,(anonymous_8)
FNDA:36,(anonymous_9)
FNDA:1,(anonymous_10)
FNDA:1,(anonymous_11)
DA:133,4
DA:134,4
DA:135,4
DA:147,4996
DA:148,4996
DA:149,78766
DA:150,11551
DA:151,11551
DA:153,67215
DA:155,4996
DA:159,1
DA:167,0
DA:174,1
DA:191,1
DA:195,1
DA:196,10
DA:197,20
DA:198,36
DA:199,0
DA:207,1
DA:210,1
DA:211,1
LF:22
LH:20
BRDA:149,0,0,11551
BRDA:149,0,1,67215
BRDA:198,1,0,0
BRDA:198,1,1,36
BRF:4
BRH:3
end_of_record
TN:
SF:/home/runner/work/graph-editor/graph-editor/src/components/GraphUsers.vue
FN:23,(anonymous_1)
FN:24,(anonymous_2)
FN:26,(anonymous_3)
FN:27,(anonymous_4)
FNF:4
FNH:0
FNDA:0,(anonymous_1)
FNDA:0,(anonymous_2)
FNDA:0,(anonymous_3)
FNDA:0,(anonymous_4)
DA:18,2
DA:23,0
DA:24,0
DA:27,0
DA:28,0
LF:5
LH:1
BRF:0
BRH:0
end_of_record
TN:
SF:/home/runner/work/graph-editor/graph-editor/src/components/GraphVector.vue
FN:111,(anonymous_1)
FN:124,(anonymous_2)
FN:137,(anonymous_3)
FN:142,(anonymous_4)
FN:148,(anonymous_5)
FN:162,(anonymous_6)
FN:184,(anonymous_7)
FN:194,(anonymous_8)
FN:210,(anonymous_9)
FN:213,(anonymous_10)
FN:215,(anonymous_11)
FN:216,(anonymous_12)
FN:222,(anonymous_13)
FN:224,(anonymous_14)
FN:229,(anonymous_15)
FN:234,(anonymous_16)
FN:240,(anonymous_17)
FN:243,(anonymous_18)
FN:249,(anonymous_19)
FN:281,(anonymous_20)
FN:287,(anonymous_21)
FN:300,(anonymous_22)
FN:310,(anonymous_23)
FN:315,(anonymous_24)
FN:367,(anonymous_25)
FN:380,(anonymous_26)
FN:388,(anonymous_27)
FN:414,(anonymous_28)
FN:415,(anonymous_29)
FN:416,(anonymous_30)
FN:417,(anonymous_31)
FN:418,(anonymous_32)
FN:419,(anonymous_33)
FN:420,(anonymous_34)
FN:421,(anonymous_35)
FN:422,(anonymous_36)
FN:424,(anonymous_37)
FN:428,(anonymous_38)
FN:434,(anonymous_39)
FN:437,(anonymous_40)
FN:440,(anonymous_41)
FN:443,(anonymous_42)
FN:445,(anonymous_43)
FNF:43
FNH:22
FNDA:0,(anonymous_1)
FNDA:10,(anonymous_2)
FNDA:0,(anonymous_3)
FNDA:0,(anonymous_4)
FNDA:2,(anonymous_5)
FNDA:8,(anonymous_6)
FNDA:8,(anonymous_7)
FNDA:3,(anonymous_8)
FNDA:0,(anonymous_9)
FNDA:8,(anonymous_10)
FNDA:14,(anonymous_11)
FNDA:0,(anonymous_12)
FNDA:8,(anonymous_13)
FNDA:7,(anonymous_14)
FNDA:8,(anonymous_15)
FNDA:0,(anonymous_16)
FNDA:0,(anonymous_17)
FNDA:17,(anonymous_18)
FNDA:15,(anonymous_19)
FNDA:1,(anonymous_20)
FNDA:7,(anonymous_21)
FNDA:16,(anonymous_22)
FNDA:15,(anonymous_23)
FNDA:70,(anonymous_24)
FNDA:0,(anonymous_25)
FNDA:322,(anonymous_26)
FNDA:0,(anonymous_27)
FNDA:0,(anonymous_28)
FNDA:2,(anonymous_29)
FNDA:0,(anonymous_30)
FNDA:0,(anonymous_31)
FNDA:8,(anonymous_32)
FNDA:8,(anonymous_33)
FNDA:0,(anonymous_34)
FNDA:0,(anonymous_35)
FNDA:0,(anonymous_36)
FNDA:10,(anonymous_37)
FNDA:0,(anonymous_38)
FNDA:0,(anonymous_39)
FNDA:0,(anonymous_40)
FNDA:0,(anonymous_41)
FNDA:0,(anonymous_42)
FNDA:0,(anonymous_43)
DA:90,4
DA:91,4
DA:92,4
DA:93,4
DA:94,4
DA:95,4
DA:96,4
DA:97,4
DA:98,4
DA:99,4
DA:100,4
DA:112,0
DA:113,0
DA:114,0
DA:115,0
DA:125,10
DA:126,10
DA:127,10
DA:128,2
DA:138,0
DA:143,0
DA:149,2
DA:150,2
DA:151,2
DA:152,2
DA:153,2
DA:154,2
DA:156,2
DA:163,8
DA:185,8
DA:186,8
DA:187,8
DA:188,8
DA:189,8
DA:190,8
DA:191,8
DA:192,8
DA:193,8
DA:194,8
DA:195,3
DA:197,8
DA:211,0
DA:214,8
DA:215,8
DA:216,14
DA:217,0
DA:220,8
DA:223,8
DA:224,8
DA:225,7
DA:227,8
DA:230,8
DA:235,0
DA:241,0
DA:244,17
DA:245,6
DA:247,11
DA:250,15
DA:252,8
DA:253,0
DA:254,0
DA:255,0
DA:257,0
DA:260,8
DA:262,8
DA:266,8
DA:267,8
DA:268,1
DA:270,7
DA:273,7
DA:277,7
DA:278,7
DA:282,1
DA:283,7
DA:285,1
DA:288,7
DA:289,7
DA:290,7
DA:291,7
DA:292,7
DA:293,7
DA:294,7
DA:295,7
DA:296,7
DA:297,7
DA:298,7
DA:301,16
DA:302,2
DA:304,16
DA:305,1
DA:310,15
DA:311,15
DA:315,15
DA:316,70
DA:317,14
DA:318,0
DA:320,0
DA:322,14
DA:324,70
DA:325,14
DA:326,0
DA:328,0
DA:330,14
DA:332,70
DA:333,7
DA:334,0
DA:336,0
DA:338,7
DA:343,15
DA:347,15
DA:348,15
DA:349,15
DA:350,1
DA:354,15
DA:358,15
DA:363,15
DA:364,15
DA:365,15
DA:366,15
DA:367,15
DA:368,0
DA:369,0
DA:371,15
DA:372,15
DA:373,15
DA:374,15
DA:375,15
DA:376,15
DA:378,0
DA:380,15
DA:381,322
DA:382,0
DA:384,0
DA:385,0
DA:387,0
DA:388,0
DA:389,0
DA:390,0
DA:393,0
DA:394,0
DA:395,0
DA:396,0
DA:397,0
DA:399,0
DA:400,0
DA:403,0
DA:405,322
DA:407,15
DA:409,15
DA:414,0
DA:415,2
DA:416,0
DA:417,0
DA:418,8
DA:419,8
DA:420,0
DA:421,0
DA:422,0
DA:425,10
DA:426,10
DA:429,0
DA:430,0
DA:432,0
DA:435,0
DA:438,0
DA:441,0
DA:444,0
DA:445,0
DA:446,0
DA:447,0
DA:448,0
DA:449,0
DA:450,0
DA:451,0
DA:452,0
DA:453,0
DA:454,0
DA:455,0
DA:457,0
DA:458,0
DA:459,0
DA:467,0
DA:471,0
LF:183
LH:116
BRDA:114,0,0,0
BRDA:114,0,1,0
BRDA:127,1,0,2
BRDA:127,1,1,8
BRDA:152,2,0,2
BRDA:152,2,1,0
BRDA:244,3,0,6
BRDA:244,3,1,11
BRDA:250,4,0,8
BRDA:250,4,1,7
BRDA:252,5,0,0
BRDA:252,5,1,8
BRDA:267,6,0,1
BRDA:267,6,1,7
BRDA:301,7,0,2
BRDA:301,7,1,14
BRDA:304,8,0,1
BRDA:304,8,1,15
BRDA:311,9,0,0
BRDA:311,9,1,15
BRDA:316,10,0,14
BRDA:316,10,1,56
BRDA:317,11,0,0
BRDA:317,11,1,14
BRDA:324,12,0,14
BRDA:324,12,1,56
BRDA:325,13,0,0
BRDA:325,13,1,14
BRDA:332,14,0,7
BRDA:332,14,1,63
BRDA:333,15,0,0
BRDA:333,15,1,7
BRDA:349,16,0,1
BRDA:349,16,1,14
BRDA:381,17,0,0
BRDA:381,17,1,322
BRDA:384,18,0,0
BRDA:384,18,1,0
BRDA:389,19,0,0
BRDA:389,19,1,0
BRDA:393,20,0,0
BRDA:393,20,1,0
BRDA:425,21,0,10
BRDA:425,21,1,6
BRDA:429,22,0,0
BRDA:429,22,1,0
BRDA:429,23,0,0
BRDA:429,23,1,0
BRDA:435,24,0,0
BRDA:435,24,1,0
BRDA:444,25,0,0
BRDA:444,25,1,0
BRDA:446,26,0,0
BRDA:446,26,1,0
BRDA:448,27,0,0
BRDA:448,27,1,0
BRDA:450,28,0,0
BRDA:450,28,1,0
BRDA:452,29,0,0
BRDA:452,29,1,0
BRDA:454,30,0,0
BRDA:454,30,1,0
BRDA:457,31,0,0
BRDA:457,31,1,0
BRDA:457,32,0,0
BRDA:457,32,1,0
BRDA:458,33,0,0
BRDA:458,33,1,0
BRF:68
BRH:29
end_of_record
TN:
SF:/home/runner/work/graph-editor/graph-editor/src/components/HelpOverlay.vue
FN:69,(anonymous_1)
FN:72,(anonymous_2)
FN:76,(anonymous_3)
FN:85,(anonymous_4)
FN:97,(anonymous_5)
FN:98,(anonymous_6)
FN:99,(anonymous_7)
FN:100,(anonymous_8)
FN:102,(anonymous_9)
FN:105,(anonymous_10)
FN:111,(anonymous_11)
FN:117,(anonymous_12)
FN:119,(anonymous_13)
FN:121,(anonymous_14)
FN:122,(anonymous_15)
FN:127,(anonymous_16)
FN:128,(anonymous_17)
FN:133,(anonymous_18)
FN:134,(anonymous_19)
FN:147,(anonymous_20)
FN:150,(anonymous_21)
FN:159,(anonymous_22)
FN:166,(anonymous_23)
FN:170,(anonymous_24)
FN:174,(anonymous_25)
FN:175,(anonymous_26)
FNF:26
FNH:21
FNDA:0,(anonymous_1)
FNDA:4,(anonymous_2)
FNDA:4,(anonymous_3)
FNDA:4,(anonymous_4)
FNDA:4,(anonymous_5)
FNDA:6,(anonymous_6)
FNDA:4,(anonymous_7)
FNDA:0,(anonymous_8)
FNDA:2,(anonymous_9)
FNDA:3,(anonymous_10)
FNDA:3,(anonymous_11)
FNDA:4,(anonymous_12)
FNDA:4,(anonymous_13)
FNDA:2,(anonymous_14)
FNDA:5,(anonymous_15)
FNDA:2,(anonymous_16)
FNDA:3,(anonymous_17)
FNDA:2,(anonymous_18)
FNDA:3,(anonymous_19)
FNDA:0,(anonymous_20)
FNDA:1,(anonymous_21)
FNDA:0,(anonymous_22)
FNDA:0,(anonymous_23)
FNDA:1,(anonymous_24)
FNDA:6,(anonymous_25)
FNDA:6,(anonymous_26)
DA:64,3
DA:65,3
DA:70,0
DA:73,4
DA:74,4
DA:75,4
DA:76,4
DA:77,4
DA:78,0
DA:81,4
DA:82,0
DA:86,4
DA:97,4
DA:98,6
DA:99,4
DA:100,0
DA:103,2
DA:106,3
DA:107,2
DA:109,1
DA:112,3
DA:113,2
DA:115,1
DA:118,4
DA:119,8
DA:122,2
DA:123,5
DA:124,5
DA:128,2
DA:129,3
DA:130,3
DA:134,2
DA:135,3
DA:136,3
DA:148,0
DA:151,1
DA:152,0
DA:154,1
DA:155,0
DA:160,0
DA:167,0
DA:168,0
DA:171,1
DA:172,1
DA:175,6
DA:176,6
DA:177,2
DA:178,2
DA:179,2
DA:180,2
DA:181,2
DA:182,2
DA:183,2
DA:184,2
DA:185,2
DA:186,2
DA:187,2
DA:188,2
DA:189,2
DA:190,2
DA:191,2
LF:61
LH:51
BRDA:77,0,0,0
BRDA:77,0,1,4
BRDA:81,1,0,0
BRDA:81,1,1,4
BRDA:106,2,0,2
BRDA:106,2,1,1
BRDA:109,3,0,1
BRDA:109,3,1,0
BRDA:112,4,0,2
BRDA:112,4,1,1
BRDA:151,5,0,0
BRDA:151,5,1,1
BRDA:154,6,0,0
BRDA:154,6,1,1
BRDA:176,7,0,2
BRDA:176,7,1,4
BRF:16
BRH:11
end_of_record
TN:
SF:/home/runner/work/graph-editor/graph-editor/src/components/HistoryPanel.vue
FN:32,(anonymous_1)
FN:44,(anonymous_2)
FN:78,(anonymous_3)
FN:87,(anonymous_4)
FN:88,(anonymous_5)
FNF:5
FNH:5
FNDA:11,(anonymous_1)
FNDA:11,(anonymous_2)
FNDA:3,(anonymous_3)
FNDA:2,(anonymous_4)
FNDA:3,(anonymous_5)
DA:28,4
DA:33,11
DA:34,11
DA:35,0
DA:36,11
DA:37,0
DA:39,11
DA:45,11
DA:79,3
DA:87,2
DA:88,3
LF:11
LH:9
BRDA:34,0,0,0
BRDA:34,0,1,11
BRDA:36,1,0,0
BRDA:36,1,1,11
BRDA:45,2,0,11
BRDA:45,2,1,2
BRF:6
BRH:4
end_of_record
TN:
SF:/home/runner/work/graph-editor/graph-editor/src/components/ImportPanel.vue
FN:37,(anonymous_1)
FN:45,(anonymous_2)
FN:52,(anonymous_3)
FN:61,(anonymous_4)
FN:64,(anonymous_5)
FNF:5
FNH:4
FNDA:3,(anonymous_1)
FNDA:0,(anonymous_2)
FNDA:3,(anonymous_3)
FNDA:3,(anonymous_4)
FNDA:3,(anonymous_5)
DA:31,4
DA:32,4
DA:33,4
DA:38,3
DA:46,0
DA:53,3
DA:61,3
DA:65,3
LF:8
LH:7
BRF:0
BRH:0
end_of_record
TN:
SF:/home/runner/work/graph-editor/graph-editor/src/components/ImportPanelList.vue
FN:77,(anonymous_1)
FN:87,(anonymous_2)
FN:91,(anonymous_3)
FN:100,(anonymous_4)
FN:101,(anonymous_5)
FN:103,(anonymous_6)
FN:109,(anonymous_7)
FN:112,(anonymous_8)
FN:114,(anonymous_9)
FN:121,(anonymous_10)
FNF:10
FNH:9
FNDA:5,(anonymous_1)
FNDA:1,(anonymous_2)
FNDA:0,(anonymous_3)
FNDA:5,(anonymous_4)
FNDA:132,(anonymous_5)
FNDA:2904,(anonymous_6)
FNDA:5,(anonymous_7)
FNDA:110,(anonymous_8)
FNDA:110,(anonymous_9)
FNDA:55,(anonymous_10)
DA:71,5
DA:78,5
DA:88,1
DA:89,1
DA:92,0
DA:101,5
DA:102,132
DA:103,132
DA:104,2904
DA:110,5
DA:111,5
DA:112,5
DA:113,110
DA:115,110
DA:116,55
DA:117,55
DA:121,60
LF:17
LH:16
BRDA:92,0,0,0
BRDA:92,0,1,0
BRDA:104,1,0,2904
BRDA:104,1,1,1452
BRDA:104,1,2,132
BRDA:104,1,3,0
BRDA:104,1,4,0
BRDA:113,2,0,110
BRDA:113,2,1,0
BRDA:113,2,2,0
BRDA:115,3,0,55
BRDA:115,3,1,55
BRDA:116,4,0,55
BRDA:116,4,1,0
BRDA:116,5,0,55
BRDA:116,5,1,0
BRF:16
BRH:8
end_of_record
TN:
SF:/home/runner/work/graph-editor/graph-editor/src/components/ImportPanelRegistry.vue
FN:72,(anonymous_1)
FN:81,(anonymous_2)
FN:87,(anonymous_3)
FN:97,(anonymous_4)
FN:98,(anonymous_5)
FN:101,(anonymous_6)
FN:103,(anonymous_7)
FN:112,(anonymous_8)
FN:115,(anonymous_9)
FN:119,(anonymous_10)
FN:129,(anonymous_11)
FN:130,(anonymous_12)
FN:132,(anonymous_13)
FN:133,(anonymous_14)
FN:137,(anonymous_15)
FN:140,(anonymous_16)
FN:144,(anonymous_17)
FNF:17
FNH:14
FNDA:5,(anonymous_1)
FNDA:4,(anonymous_2)
FNDA:5,(anonymous_3)
FNDA:1,(anonymous_4)
FNDA:6,(anonymous_5)
FNDA:1,(anonymous_6)
FNDA:6,(anonymous_7)
FNDA:5,(anonymous_8)
FNDA:1,(anonymous_9)
FNDA:0,(anonymous_10)
FNDA:5,(anonymous_11)
FNDA:9,(anonymous_12)
FNDA:0,(anonymous_13)
FNDA:0,(anonymous_14)
FNDA:5,(anonymous_15)
FNDA:9,(anonymous_16)
FNDA:16,(anonymous_17)
DA:69,5
DA:73,5
DA:82,4
DA:88,5
DA:98,7
DA:99,1
DA:102,1
DA:103,1
DA:104,6
DA:105,5
DA:106,5
DA:108,1
DA:109,1
DA:112,6
DA:113,1
DA:116,1
DA:117,1
DA:120,0
DA:129,5
DA:130,9
DA:133,0
DA:134,0
DA:138,5
DA:141,9
DA:142,5
DA:144,20
DA:147,4
DA:148,4
DA:150,0
LF:29
LH:25
BRDA:104,0,0,5
BRDA:104,0,1,1
BRDA:108,1,0,1
BRDA:108,1,1,0
BRDA:120,2,0,0
BRDA:120,2,1,0
BRDA:141,3,0,5
BRDA:141,3,1,4
BRDA:147,4,0,4
BRDA:147,4,1,0
BRDA:147,5,0,4
BRDA:147,5,1,4
BRDA:147,5,2,0
BRF:13
BRH:8
end_of_record
TN:
SF:/home/runner/work/graph-editor/graph-editor/src/components/SetEditor.vue
FN:33,(anonymous_1)
FN:42,(anonymous_2)
FN:53,(anonymous_3)
FN:58,(anonymous_4)
FN:62,(anonymous_5)
FN:68,(anonymous_6)
FN:76,(anonymous_7)
FN:81,(anonymous_8)
FN:98,(anonymous_9)
FN:107,(anonymous_10)
FN:108,(anonymous_11)
FNF:11
FNH:10
FNDA:4,(anonymous_1)
FNDA:3,(anonymous_2)
FNDA:3,(anonymous_3)
FNDA:4,(anonymous_4)
FNDA:1,(anonymous_5)
FNDA:2,(anonymous_6)
FNDA:0,(anonymous_7)
FNDA:9,(anonymous_8)
FNDA:3,(anonymous_9)
FNDA:3,(anonymous_10)
FNDA:7,(anonymous_11)
DA:25,4
DA:26,4
DA:34,4
DA:43,3
DA:44,0
DA:45,0
DA:47,3
DA:48,3
DA:54,3
DA:59,4
DA:63,1
DA:64,1
DA:65,1
DA:69,2
DA:74,2
DA:75,2
DA:76,2
DA:77,0
DA:78,0
DA:82,9
DA:83,5
DA:85,4
DA:86,4
DA:87,0
DA:89,4
DA:90,4
DA:92,4
DA:93,4
DA:94,0
DA:95,0
DA:99,3
DA:100,3
DA:101,3
DA:102,3
DA:107,3
DA:108,7
LF:36
LH:29
BRDA:43,0,0,0
BRDA:43,0,1,3
BRDA:63,1,0,1
BRDA:63,1,1,0
BRDA:63,2,0,1
BRDA:63,2,1,1
BRDA:63,2,2,0
BRDA:82,3,0,5
BRDA:82,3,1,4
BRDA:86,4,0,0
BRDA:86,4,1,4
BRDA:89,5,0,4
BRDA:89,5,1,0
BRDA:93,6,0,0
BRDA:93,6,1,4
BRF:15
BRH:9
end_of_record
TN:
SF:/home/runner/work/graph-editor/graph-editor/src/components/TemplateEditor.vue
FN:33,(anonymous_1)
FN:42,(anonymous_2)
FN:53,(anonymous_3)
FN:58,(anonymous_4)
FN:62,(anonymous_5)
FN:68,(anonymous_6)
FN:76,(anonymous_7)
FN:81,(anonymous_8)
FN:98,(anonymous_9)
FN:99,(anonymous_10)
FN:110,(anonymous_11)
FN:111,(anonymous_12)
FNF:12
FNH:10
FNDA:4,(anonymous_1)
FNDA:3,(anonymous_2)
FNDA:3,(anonymous_3)
FNDA:4,(anonymous_4)
FNDA:1,(anonymous_5)
FNDA:2,(anonymous_6)
FNDA:0,(anonymous_7)
FNDA:9,(anonymous_8)
FNDA:3,(anonymous_9)
FNDA:0,(anonymous_10)
FNDA:3,(anonymous_11)
FNDA:7,(anonymous_12)
DA:25,4
DA:26,4
DA:34,4
DA:43,3
DA:44,0
DA:45,0
DA:47,3
DA:48,3
DA:54,3
DA:59,4
DA:63,1
DA:64,1
DA:65,1
DA:69,2
DA:74,2
DA:75,2
DA:76,2
DA:77,0
DA:78,0
DA:82,9
DA:83,5
DA:85,4
DA:86,4
DA:87,0
DA:89,4
DA:90,4
DA:92,4
DA:93,4
DA:94,0
DA:95,0
DA:99,3
DA:100,0
DA:102,0
DA:103,0
DA:104,0
DA:105,0
DA:110,3
DA:111,7
LF:38
LH:26
BRDA:43,0,0,0
BRDA:43,0,1,3
BRDA:63,1,0,1
BRDA:63,1,1,0
BRDA:63,2,0,1
BRDA:63,2,1,1
BRDA:63,2,2,0
BRDA:82,3,0,5
BRDA:82,3,1,4
BRDA:86,4,0,0
BRDA:86,4,1,4
BRDA:89,5,0,4
BRDA:89,5,1,0
BRDA:93,6,0,0
BRDA:93,6,1,4
BRF:15
BRH:9
end_of_record
TN:
SF:/home/runner/work/graph-editor/graph-editor/src/components/VectorField.vue
FN:31,(anonymous_1)
FN:32,(anonymous_2)
FN:33,(anonymous_3)
FN:34,(anonymous_4)
FN:36,(anonymous_5)
FN:41,(anonymous_6)
FN:47,(anonymous_7)
FN:52,(anonymous_8)
FN:53,(anonymous_9)
FN:59,(anonymous_10)
FNF:10
FNH:9
FNDA:1,(anonymous_1)
FNDA:1,(anonymous_2)
FNDA:1,(anonymous_3)
FNDA:1,(anonymous_4)
FNDA:1,(anonymous_5)
FNDA:1,(anonymous_6)
FNDA:0,(anonymous_7)
FNDA:1,(anonymous_8)
FNDA:1,(anonymous_9)
FNDA:1,(anonymous_10)
DA:25,5
DA:26,5
DA:31,1
DA:32,1
DA:33,1
DA:34,1
DA:37,1
DA:42,1
DA:48,0
DA:53,1
DA:54,1
DA:60,1
LF:12
LH:11
BRDA:37,0,0,1
BRDA:37,0,1,0
BRDA:37,0,2,0
BRDA:37,0,3,0
BRDA:43,1,0,1
BRDA:43,1,1,0
BRDA:44,2,0,0
BRDA:44,2,1,1
BRDA:49,3,0,0
BRDA:49,3,1,0
BRF:10
BRH:3
end_of_record
TN:
SF:/home/runner/work/graph-editor/graph-editor/src/components/VectorProperties.vue
FN:164,(anonymous_1)
FN:166,(anonymous_2)
FN:175,(anonymous_3)
FN:178,(anonymous_4)
FN:182,(anonymous_5)
FN:190,(anonymous_6)
FN:199,(anonymous_7)
FN:208,(anonymous_8)
FN:215,(anonymous_9)
FN:223,(anonymous_10)
FN:224,(anonymous_11)
FN:225,(anonymous_12)
FN:226,(anonymous_13)
FN:227,(anonymous_14)
FN:229,(anonymous_15)
FNF:15
FNH:12
FNDA:14988,(anonymous_1)
FNDA:236298,(anonymous_2)
FNDA:1,(anonymous_3)
FNDA:0,(anonymous_4)
FNDA:3,(anonymous_5)
FNDA:5,(anonymous_6)
FNDA:5,(anonymous_7)
FNDA:2,(anonymous_8)
FNDA:3,(anonymous_9)
FNDA:3,(anonymous_10)
FNDA:3,(anonymous_11)
FNDA:5,(anonymous_12)
FNDA:0,(anonymous_13)
FNDA:0,(anonymous_14)
FNDA:3,(anonymous_15)
DA:155,4
DA:156,4
DA:165,14988
DA:166,14988
DA:167,236298
DA:168,34653
DA:169,34653
DA:171,201645
DA:173,14988
DA:176,1
DA:179,0
DA:183,3
DA:191,5
DA:200,5
DA:209,2
DA:210,0
DA:212,2
DA:216,3
DA:217,3
DA:219,0
DA:223,3
DA:224,3
DA:225,5
DA:226,0
DA:227,0
DA:230,3
LF:26
LH:21
BRDA:167,0,0,34653
BRDA:167,0,1,201645
BRDA:209,1,0,0
BRDA:209,1,1,2
BRDA:216,2,0,3
BRDA:216,2,1,0
BRF:6
BRH:4
end_of_record
TN:
SF:/home/runner/work/graph-editor/graph-editor/src/components/bezier.ts
FN:5,bezierDraw
FN:7,getColor
FN:11,(anonymous_2)
FN:17,(anonymous_3)
FN:20,(anonymous_4)
FN:26,drawCurve
FN:38,arc
FN:45,draw
FNF:8
FNH:5
FNDA:4,bezierDraw
FNDA:7,getColor
FNDA:0,(anonymous_2)
FNDA:0,(anonymous_3)
FNDA:0,(anonymous_4)
FNDA:1,drawCurve
FNDA:3,arc
FNDA:4,draw
DA:1,5
DA:2,5
DA:3,5
DA:4,5
DA:6,4
DA:8,7
DA:10,4
DA:11,4
DA:12,0
DA:14,4
DA:15,0
DA:17,4
DA:18,0
DA:20,4
DA:21,0
DA:23,4
DA:24,0
DA:27,1
DA:28,1
DA:29,1
DA:30,1
DA:35,1
DA:36,1
DA:39,3
DA:40,3
DA:41,3
DA:42,3
DA:43,3
DA:46,4
DA:50,4
DA:51,4
DA:53,3
DA:55,1
DA:56,1
DA:58,1
DA:60,1
DA:61,1
DA:63,1
DA:64,0
DA:66,1
DA:67,1
DA:68,1
DA:72,1
DA:76,1
DA:77,1
DA:78,1
DA:79,1
DA:80,1
DA:81,1
DA:82,1
DA:83,1
DA:84,1
DA:85,1
DA:86,1
DA:88,0
DA:89,0
DA:90,0
DA:91,0
DA:93,1
DA:94,1
DA:95,1
DA:96,1
DA:97,1
DA:101,1
DA:105,1
DA:106,1
DA:107,1
DA:108,1
DA:109,1
DA:113,1
DA:119,1
DA:120,1
DA:121,1
DA:122,1
DA:123,1
DA:124,1
DA:125,1
DA:126,1
DA:128,1
DA:129,1
DA:130,1
DA:133,0
DA:134,0
DA:135,0
DA:136,0
DA:138,1
DA:139,1
DA:146,1
DA:149,4
LF:89
LH:75
BRDA:10,0,0,4
BRDA:10,0,1,0
BRDA:11,1,0,0
BRDA:11,1,1,4
BRDA:12,2,0,0
BRDA:12,2,1,0
BRDA:14,3,0,0
BRDA:14,3,1,4
BRDA:15,4,0,0
BRDA:15,4,1,0
BRDA:17,5,0,0
BRDA:17,5,1,4
BRDA:18,6,0,0
BRDA:18,6,1,0
BRDA:20,7,0,0
BRDA:20,7,1,4
BRDA:21,8,0,0
BRDA:21,8,1,0
BRDA:23,9,0,0
BRDA:23,9,1,4
BRDA:23,10,0,4
BRDA:23,10,1,0
BRDA:24,11,0,0
BRDA:24,11,1,0
BRDA:51,12,0,3
BRDA:51,12,1,1
BRDA:56,13,0,1
BRDA:56,13,1,0
BRDA:56,14,0,1
BRDA:56,14,1,1
BRDA:58,15,0,1
BRDA:58,15,1,0
BRDA:58,15,2,0
BRDA:58,15,3,1
BRDA:58,15,4,0
BRDA:61,16,0,1
BRDA:61,16,1,0
BRDA:63,17,0,0
BRDA:63,17,1,1
BRDA:63,18,0,1
BRDA:63,18,1,1
BRDA:63,18,2,1
BRDA:67,19,0,1
BRDA:67,19,1,0
BRDA:86,20,0,0
BRDA:86,20,1,1
BRDA:102,21,0,0
BRDA:102,21,1,1
BRDA:103,22,0,0
BRDA:103,22,1,1
BRDA:123,23,0,1
BRDA:123,23,1,0
BRDA:124,24,0,1
BRDA:124,24,1,0
BRDA:125,25,0,1
BRDA:125,25,1,0
BRDA:130,26,0,0
BRDA:130,26,1,1
BRDA:130,27,0,1
BRDA:130,27,1,1
BRDA:130,27,2,1
BRDA:138,28,0,1
BRDA:138,28,1,0
BRF:63
BRH:31
end_of_record
TN:
SF:/home/runner/work/graph-editor/graph-editor/src/plugins/vuetify.ts
FNF:0
FNH:0
DA:1,1
DA:2,1
DA:3,1
DA:4,1
DA:5,1
DA:6,1
DA:7,1
LF:7
LH:7
BRF:0
BRH:0
end_of_record
TN:
SF:/home/runner/work/graph-editor/graph-editor/src/store/actions.ts
FN:10,(anonymous_0)
FN:12,(anonymous_1)
FN:15,(anonymous_2)
FN:21,(anonymous_3)
FN:26,(anonymous_4)
FN:29,(anonymous_5)
FN:34,(anonymous_6)
FN:42,(anonymous_7)
FN:50,(anonymous_8)
FN:66,(anonymous_9)
FN:85,(anonymous_10)
FN:95,(anonymous_11)
FN:100,(anonymous_12)
FN:107,(anonymous_13)
FN:113,(anonymous_14)
FN:129,(anonymous_15)
FN:157,(anonymous_16)
FN:162,(anonymous_17)
FN:167,(anonymous_18)
FN:181,(anonymous_19)
FN:187,(anonymous_20)
FN:188,(anonymous_21)
FN:192,(anonymous_22)
FN:195,(anonymous_23)
FN:202,(anonymous_24)
FN:205,(anonymous_25)
FN:208,(anonymous_26)
FN:227,(anonymous_27)
FN:228,(anonymous_28)
FN:243,(anonymous_29)
FN:246,(anonymous_30)
FN:257,(anonymous_31)
FN:258,(anonymous_32)
FN:264,(anonymous_33)
FN:265,(anonymous_34)
FN:271,(anonymous_35)
FN:272,(anonymous_36)
FN:276,(anonymous_37)
FN:291,(anonymous_38)
FN:300,(anonymous_39)
FN:311,(anonymous_40)
FN:332,(anonymous_41)
FN:335,(anonymous_42)
FN:338,(anonymous_43)
FN:341,(anonymous_44)
FN:344,(anonymous_45)
FN:347,(anonymous_46)
FN:350,(anonymous_47)
FN:353,(anonymous_48)
FN:356,(anonymous_49)
FN:359,(anonymous_50)
FN:364,(anonymous_51)
FN:367,(anonymous_52)
FN:385,(anonymous_53)
FN:386,(anonymous_54)
FN:406,(anonymous_55)
FN:433,(anonymous_56)
FN:453,(anonymous_57)
FN:467,(anonymous_58)
FN:481,(anonymous_59)
FN:494,(anonymous_60)
FN:540,(anonymous_61)
FN:566,(anonymous_62)
FN:590,(anonymous_63)
FN:596,(anonymous_64)
FN:602,(anonymous_65)
FN:606,(anonymous_66)
FN:610,(anonymous_67)
FN:614,(anonymous_68)
FN:618,(anonymous_69)
FN:622,(anonymous_70)
FN:626,(anonymous_71)
FN:630,(anonymous_72)
FN:634,(anonymous_73)
FN:638,(anonymous_74)
FN:642,(anonymous_75)
FN:646,(anonymous_76)
FN:650,(anonymous_77)
FN:654,(anonymous_78)
FN:658,(anonymous_79)
FN:662,(anonymous_80)
FN:666,(anonymous_81)
FN:670,(anonymous_82)
FN:674,(anonymous_83)
FN:678,(anonymous_84)
FN:682,(anonymous_85)
FN:686,(anonymous_86)
FN:690,(anonymous_87)
FN:694,(anonymous_88)
FN:698,(anonymous_89)
FN:702,(anonymous_90)
FN:706,(anonymous_91)
FN:710,(anonymous_92)
FN:713,(anonymous_93)
FN:716,(anonymous_94)
FN:719,(anonymous_95)
FN:722,(anonymous_96)
FN:725,(anonymous_97)
FN:728,(anonymous_98)
FN:731,(anonymous_99)
FN:734,(anonymous_100)
FN:737,(anonymous_101)
FN:740,(anonymous_102)
FN:743,(anonymous_103)
FN:746,(anonymous_104)
FN:750,(anonymous_105)
FNF:106
FNH:65
FNDA:1,(anonymous_0)
FNDA:0,(anonymous_1)
FNDA:0,(anonymous_2)
FNDA:11,(anonymous_3)
FNDA:0,(anonymous_4)
FNDA:0,(anonymous_5)
FNDA:0,(anonymous_6)
FNDA:0,(anonymous_7)
FNDA:0,(anonymous_8)
FNDA:0,(anonymous_9)
FNDA:0,(anonymous_10)
FNDA:0,(anonymous_11)
FNDA:0,(anonymous_12)
FNDA:0,(anonymous_13)
FNDA:0,(anonymous_14)
FNDA:1,(anonymous_15)
FNDA:0,(anonymous_16)
FNDA:0,(anonymous_17)
FNDA:0,(anonymous_18)
FNDA:0,(anonymous_19)
FNDA:0,(anonymous_20)
FNDA:0,(anonymous_21)
FNDA:0,(anonymous_22)
FNDA:0,(anonymous_23)
FNDA:0,(anonymous_24)
FNDA:0,(anonymous_25)
FNDA:0,(anonymous_26)
FNDA:0,(anonymous_27)
FNDA:0,(anonymous_28)
FNDA:0,(anonymous_29)
FNDA:0,(anonymous_30)
FNDA:1,(anonymous_31)
FNDA:0,(anonymous_32)
FNDA:1,(anonymous_33)
FNDA:0,(anonymous_34)
FNDA:1,(anonymous_35)
FNDA:0,(anonymous_36)
FNDA:2,(anonymous_37)
FNDA:3,(anonymous_38)
FNDA:0,(anonymous_39)
FNDA:1,(anonymous_40)
FNDA:1,(anonymous_41)
FNDA:0,(anonymous_42)
FNDA:0,(anonymous_43)
FNDA:0,(anonymous_44)
FNDA:0,(anonymous_45)
FNDA:0,(anonymous_46)
FNDA:0,(anonymous_47)
FNDA:0,(anonymous_48)
FNDA:0,(anonymous_49)
FNDA:0,(anonymous_50)
FNDA:1,(anonymous_51)
FNDA:1,(anonymous_52)
FNDA:1,(anonymous_53)
FNDA:1,(anonymous_54)
FNDA:2,(anonymous_55)
FNDA:1,(anonymous_56)
FNDA:1,(anonymous_57)
FNDA:1,(anonymous_58)
FNDA:1,(anonymous_59)
FNDA:3,(anonymous_60)
FNDA:1,(anonymous_61)
FNDA:2,(anonymous_62)
FNDA:1,(anonymous_63)
FNDA:2,(anonymous_64)
FNDA:1,(anonymous_65)
FNDA:1,(anonymous_66)
FNDA:1,(anonymous_67)
FNDA:1,(anonymous_68)
FNDA:1,(anonymous_69)
FNDA:1,(anonymous_70)
FNDA:1,(anonymous_71)
FNDA:1,(anonymous_72)
FNDA:1,(anonymous_73)
FNDA:1,(anonymous_74)
FNDA:1,(anonymous_75)
FNDA:1,(anonymous_76)
FNDA:1,(anonymous_77)
FNDA:1,(anonymous_78)
FNDA:1,(anonymous_79)
FNDA:1,(anonymous_80)
FNDA:1,(anonymous_81)
FNDA:1,(anonymous_82)
FNDA:1,(anonymous_83)
FNDA:1,(anonymous_84)
FNDA:1,(anonymous_85)
FNDA:1,(anonymous_86)
FNDA:1,(anonymous_87)
FNDA:1,(anonymous_88)
FNDA:1,(anonymous_89)
FNDA:1,(anonymous_90)
FNDA:1,(anonymous_91)
FNDA:1,(anonymous_92)
FNDA:1,(anonymous_93)
FNDA:1,(anonymous_94)
FNDA:1,(anonymous_95)
FNDA:1,(anonymous_96)
FNDA:1,(anonymous_97)
FNDA:1,(anonymous_98)
FNDA:1,(anonymous_99)
FNDA:1,(anonymous_100)
FNDA:1,(anonymous_101)
FNDA:1,(anonymous_102)
FNDA:2,(anonymous_103)
FNDA:1,(anonymous_104)
FNDA:1,(anonymous_105)
DA:1,3
DA:2,3
DA:3,3
DA:4,3
DA:5,3
DA:6,3
DA:7,3
DA:8,3
DA:9,3
DA:11,1
DA:13,0
DA:16,0
DA:17,0
DA:19,0
DA:22,11
DA:23,11
DA:27,0
DA:30,0
DA:35,0
DA:40,0
DA:43,0
DA:48,0
DA:51,0
DA:56,0
DA:57,0
DA:63,0
DA:67,0
DA:68,0
DA:69,0
DA:70,0
DA:76,0
DA:77,0
DA:82,0
DA:86,0
DA:87,0
DA:89,0
DA:90,0
DA:96,0
DA:97,0
DA:101,0
DA:102,0
DA:103,0
DA:104,0
DA:108,0
DA:109,0
DA:110,0
DA:114,0
DA:115,0
DA:116,0
DA:117,0
DA:118,0
DA:119,0
DA:120,0
DA:121,0
DA:123,0
DA:124,0
DA:128,3
DA:130,1
DA:132,1
DA:133,1
DA:134,1
DA:135,1
DA:137,0
DA:139,1
DA:140,1
DA:141,1
DA:142,1
DA:145,1
DA:146,0
DA:148,1
DA:149,1
DA:150,1
DA:157,0
DA:158,0
DA:162,0
DA:163,0
DA:167,0
DA:169,0
DA:171,0
DA:172,0
DA:173,0
DA:182,0
DA:183,0
DA:184,0
DA:185,0
DA:186,0
DA:187,0
DA:188,0
DA:189,0
DA:192,0
DA:193,0
DA:195,0
DA:196,0
DA:197,0
DA:199,0
DA:202,0
DA:203,0
DA:205,0
DA:206,0
DA:208,0
DA:209,0
DA:210,0
DA:211,0
DA:213,0
DA:222,0
DA:223,0
DA:225,0
DA:227,0
DA:228,0
DA:229,0
DA:237,0
DA:238,0
DA:240,0
DA:244,0
DA:247,0
DA:248,0
DA:249,0
DA:255,0
DA:258,1
DA:259,0
DA:260,0
DA:265,1
DA:266,0
DA:267,0
DA:272,1
DA:273,0
DA:277,2
DA:278,2
DA:279,2
DA:280,0
DA:282,2
DA:283,2
DA:284,2
DA:285,2
DA:286,2
DA:291,2
DA:292,3
DA:293,1
DA:294,1
DA:299,3
DA:300,0
DA:301,0
DA:302,0
DA:303,0
DA:313,1
DA:314,1
DA:315,0
DA:317,1
DA:320,0
DA:321,0
DA:323,1
DA:324,1
DA:325,1
DA:326,1
DA:327,1
DA:328,1
DA:329,1
DA:330,1
DA:333,1
DA:335,1
DA:336,0
DA:338,1
DA:339,0
DA:341,1
DA:342,0
DA:344,1
DA:345,0
DA:347,1
DA:348,0
DA:350,1
DA:351,0
DA:353,1
DA:354,0
DA:356,1
DA:357,0
DA:359,1
DA:360,0
DA:362,1
DA:365,1
DA:368,1
DA:369,1
DA:374,1
DA:378,1
DA:383,1
DA:386,1
DA:387,1
DA:392,1
DA:399,1
DA:404,1
DA:408,2
DA:413,2
DA:414,2
DA:416,0
DA:417,0
DA:418,0
DA:419,0
DA:420,0
DA:423,2
DA:424,0
DA:426,2
DA:431,2
DA:434,1
DA:451,1
DA:454,1
DA:459,1
DA:460,1
DA:465,1
DA:468,1
DA:473,1
DA:474,1
DA:479,1
DA:482,1
DA:487,1
DA:488,1
DA:495,3
DA:496,1
DA:498,3
DA:499,3
DA:500,0
DA:502,3
DA:514,3
DA:515,2
DA:516,2
DA:517,2
DA:518,2
DA:521,3
DA:522,3
DA:523,3
DA:531,3
DA:532,1
DA:534,3
DA:542,1
DA:547,1
DA:548,1
DA:550,0
DA:552,1
DA:553,0
DA:555,1
DA:560,1
DA:561,0
DA:563,1
DA:564,1
DA:568,2
DA:569,2
DA:570,2
DA:571,2
DA:573,0
DA:576,0
DA:577,0
DA:579,0
DA:582,2
DA:583,0
DA:585,2
DA:586,2
DA:593,1
DA:599,2
DA:603,1
DA:607,1
DA:611,1
DA:612,1
DA:615,1
DA:616,1
DA:619,1
DA:620,1
DA:623,1
DA:624,1
DA:627,1
DA:628,1
DA:631,1
DA:632,1
DA:635,1
DA:636,1
DA:639,1
DA:640,1
DA:643,1
DA:644,1
DA:647,1
DA:648,1
DA:651,1
DA:652,1
DA:655,1
DA:656,1
DA:659,1
DA:660,1
DA:663,1
DA:664,1
DA:667,1
DA:668,1
DA:671,1
DA:672,1
DA:675,1
DA:676,1
DA:679,1
DA:680,1
DA:683,1
DA:684,1
DA:687,1
DA:688,1
DA:691,1
DA:692,1
DA:695,1
DA:696,1
DA:699,1
DA:700,1
DA:703,1
DA:704,1
DA:707,1
DA:708,1
DA:711,1
DA:714,1
DA:717,1
DA:720,1
DA:723,1
DA:726,1
DA:729,1
DA:732,1
DA:735,1
DA:738,1
DA:741,1
DA:744,2
DA:747,1
DA:748,1
DA:751,1
DA:752,1
LF:324
LH:195
BRDA:16,0,0,0
BRDA:16,0,1,0
BRDA:16,1,0,0
BRDA:16,1,1,0
BRDA:22,2,0,11
BRDA:22,2,1,0
BRDA:56,3,0,0
BRDA:56,3,1,0
BRDA:69,4,0,0
BRDA:69,4,1,0
BRDA:76,5,0,0
BRDA:76,5,1,0
BRDA:86,6,0,0
BRDA:86,6,1,0
BRDA:96,7,0,0
BRDA:96,7,1,0
BRDA:101,8,0,0
BRDA:101,8,1,0
BRDA:101,9,0,0
BRDA:101,9,1,0
BRDA:108,10,0,0
BRDA:108,10,1,0
BRDA:114,11,0,0
BRDA:114,11,1,0
BRDA:120,12,0,0
BRDA:120,12,1,0
BRDA:120,13,0,0
BRDA:120,13,1,0
BRDA:134,14,0,1
BRDA:134,14,1,0
BRDA:139,15,0,1
BRDA:139,15,1,0
BRDA:145,16,0,0
BRDA:145,16,1,1
BRDA:145,17,0,1
BRDA:145,17,1,1
BRDA:149,18,0,1
BRDA:149,18,1,0
BRDA:196,19,0,0
BRDA:196,19,1,0
BRDA:210,20,0,0
BRDA:210,20,1,0
BRDA:259,21,0,0
BRDA:259,21,1,0
BRDA:266,22,0,0
BRDA:266,22,1,0
BRDA:279,23,0,0
BRDA:279,23,1,2
BRDA:279,24,0,2
BRDA:279,24,1,2
BRDA:284,25,0,2
BRDA:284,25,1,0
BRDA:292,26,0,1
BRDA:292,26,1,2
BRDA:299,27,0,0
BRDA:299,27,1,3
BRDA:301,28,0,0
BRDA:301,28,1,0
BRDA:301,29,0,0
BRDA:301,29,1,0
BRDA:302,30,0,0
BRDA:302,30,1,0
BRDA:302,31,0,0
BRDA:302,31,1,0
BRDA:314,32,0,0
BRDA:314,32,1,1
BRDA:324,33,0,1
BRDA:324,33,1,1
BRDA:417,34,0,0
BRDA:417,34,1,0
BRDA:423,35,0,0
BRDA:423,35,1,2
BRDA:495,36,0,1
BRDA:495,36,1,2
BRDA:499,37,0,0
BRDA:499,37,1,3
BRDA:514,38,0,2
BRDA:514,38,1,1
BRDA:531,39,0,1
BRDA:531,39,1,2
BRDA:552,40,0,0
BRDA:552,40,1,1
BRDA:560,41,0,0
BRDA:560,41,1,1
BRDA:568,42,0,2
BRDA:568,42,1,0
BRDA:582,43,0,0
BRDA:582,43,1,2
BRDA:582,44,0,2
BRDA:582,44,1,2
BRDA:586,45,0,1
BRDA:586,45,1,1
BRF:92
BRH:33
end_of_record
TN:
SF:/home/runner/work/graph-editor/graph-editor/src/store/index.ts
FN:67,_default
FN:196,(anonymous_1)
FN:197,(anonymous_2)
FN:201,(anonymous_3)
FN:202,(anonymous_4)
FN:209,(anonymous_5)
FN:210,(anonymous_6)
FN:211,(anonymous_7)
FN:214,(anonymous_8)
FN:215,(anonymous_9)
FN:221,(anonymous_10)
FNF:11
FNH:9
FNDA:9,_default
FNDA:0,(anonymous_1)
FNDA:0,(anonymous_2)
FNDA:2,(anonymous_3)
FNDA:2,(anonymous_4)
FNDA:1,(anonymous_5)
FNDA:1,(anonymous_6)
FNDA:1,(anonymous_7)
FNDA:2,(anonymous_8)
FNDA:2,(anonymous_9)
FNDA:2,(anonymous_10)
DA:1,2
DA:2,2
DA:3,2
DA:4,2
DA:5,2
DA:7,2
DA:8,2
DA:9,2
DA:10,2
DA:11,2
DA:27,2
DA:28,2
DA:68,9
DA:197,0
DA:198,0
DA:202,2
DA:203,2
DA:204,1
DA:206,2
DA:210,1
DA:211,1
DA:215,2
DA:216,2
DA:221,2
DA:222,2
DA:223,2
DA:228,2
DA:230,2
LF:28
LH:26
BRDA:203,0,0,1
BRDA:203,0,1,1
BRF:2
BRH:2
end_of_record
TN:
SF:/home/runner/work/graph-editor/graph-editor/src/store/mutations.ts
FN:12,updateGraphMouse
FN:14,(anonymous_1)
FN:15,(anonymous_2)
FN:25,resetMouseTelemetry
FN:28,updateGraphUsers
FN:33,(anonymous_5)
FN:37,remoteChangeEvents
FN:38,(anonymous_7)
FN:39,(anonymous_8)
FN:43,(anonymous_9)
FN:54,replacer
FN:60,applyGraphChanges
FN:71,(anonymous_12)
FN:79,newId
FN:80,(anonymous_14)
FN:85,nudge
FN:86,(anonymous_16)
FN:87,(anonymous_17)
FN:93,nudgeUp
FN:96,nudgeDown
FN:99,nudgeLeft
FN:102,nudgeRight
FN:105,zoom
FN:108,moveHistoryPosition
FN:117,(anonymous_24)
FN:122,(anonymous_25)
FN:131,pasteVectors
FN:136,(anonymous_27)
FN:153,(anonymous_28)
FN:154,(anonymous_29)
FN:173,selectVector
FN:174,(anonymous_31)
FN:177,undo
FN:180,redo
FN:183,duplicateSelection
FN:188,setSelRelPropZ
FN:189,(anonymous_36)
FN:190,(anonymous_37)
FN:197,bringForward
FN:200,sendBackward
FN:203,bringToFront
FN:204,(anonymous_41)
FN:205,(anonymous_42)
FN:206,(anonymous_43)
FN:213,sendToBack
FN:214,(anonymous_45)
FN:215,(anonymous_46)
FN:216,(anonymous_47)
FN:223,addGraphItem
FN:233,(anonymous_49)
FN:234,(anonymous_50)
FN:244,(anonymous_51)
FN:311,(anonymous_52)
FN:319,(anonymous_53)
FN:334,addDroppedItem
FN:350,(anonymous_55)
FN:356,addVectorItem
FN:366,(anonymous_57)
FN:406,groupSelected
FN:408,(anonymous_59)
FN:409,(anonymous_60)
FN:418,ungroupSelected
FN:419,(anonymous_62)
FN:420,(anonymous_63)
FN:427,deleteVectorById
FN:428,(anonymous_65)
FN:429,(anonymous_66)
FN:431,(anonymous_67)
FN:432,(anonymous_68)
FN:440,(anonymous_69)
FN:447,deleteConnectorById
FN:449,(anonymous_71)
FN:450,(anonymous_72)
FN:451,(anonymous_73)
FN:452,(anonymous_74)
FN:461,(anonymous_75)
FN:462,(anonymous_76)
FN:463,(anonymous_77)
FN:474,deleteSelected
FN:475,(anonymous_79)
FN:476,(anonymous_80)
FN:487,preferences
FN:490,hoveredConnector
FN:493,selectConnector
FN:495,(anonymous_84)
FN:502,hoveredVector
FN:508,hoveredPort
FN:511,graph
FN:515,lut
FN:520,view
FN:523,translating
FN:526,clearError
FN:530,raiseError
FN:535,updateTemplate
FN:536,(anonymous_94)
FN:545,changeInputOrder
FN:550,(anonymous_96)
FN:554,(anonymous_97)
FN:563,changeOutputOrder
FN:568,(anonymous_99)
FN:572,(anonymous_100)
FN:577,(anonymous_101)
FN:585,addInput
FN:589,(anonymous_103)
FN:600,addOutput
FN:604,(anonymous_105)
FN:619,removeInput
FN:623,(anonymous_107)
FN:627,(anonymous_108)
FN:630,(anonymous_109)
FN:631,(anonymous_110)
FN:632,(anonymous_111)
FN:636,(anonymous_112)
FN:644,removeOutput
FN:648,(anonymous_114)
FN:652,(anonymous_115)
FN:653,(anonymous_116)
FN:658,updateVectorProperties
FN:662,(anonymous_118)
FN:669,updateGraphProperties
FN:673,createNewVector
FN:717,updateVectorFields
FN:720,(anonymous_122)
FN:724,(anonymous_123)
FN:731,(anonymous_124)
FN:743,(anonymous_125)
FN:744,(anonymous_126)
FN:745,(anonymous_127)
FN:757,deleteConnector
FN:758,(anonymous_129)
FN:759,(anonymous_130)
FN:760,(anonymous_131)
FN:769,changeConnectorOrder
FN:770,(anonymous_133)
FN:771,(anonymous_134)
FN:772,(anonymous_135)
FN:782,open
FN:784,setVectorsContext
FN:785,(anonymous_138)
FN:796,setDataProviders
FN:799,(anonymous_140)
FN:803,setLoadingStatus
FN:812,addLogItem
FN:815,setRemoteSnapshot
FN:818,setPreferences
FN:821,setGraphVersion
FN:824,(anonymous_146)
FN:826,(anonymous_147)
FN:827,(anonymous_148)
FN:836,setToc
FN:839,setPresentation
FN:842,setLock
FN:845,updateVectorUrl
FN:846,(anonymous_153)
FN:850,clearLog
FN:851,(anonymous_155)
FN:855,connectorActivity
FN:858,clearSchedulerErrorItem
FN:859,(anonymous_158)
FN:863,clearSchedulerError
FN:866,addSchedulerError
FN:870,togglePresentation
FN:873,setScheduler
FN:876,setArtifact
FN:879,updateVectorData
FN:880,(anonymous_165)
FN:884,setRegistryItem
FN:889,setRegistry
FN:892,togglePanelVisibility
FN:895,setSchedulerState
FN:898,toggleLabels
FN:902,toggleHelp
FN:905,addHelpTopic
FN:908,toggleSelectedVectorPresentationMode
FN:909,(anonymous_174)
FN:910,(anonymous_175)
FN:915,resetLoadedState
FN:921,setGraphReferences
FN:927,setConnectionState
FNF:179
FNH:147
FNDA:0,updateGraphMouse
FNDA:0,(anonymous_1)
FNDA:0,(anonymous_2)
FNDA:0,resetMouseTelemetry
FNDA:0,updateGraphUsers
FNDA:0,(anonymous_5)
FNDA:0,remoteChangeEvents
FNDA:0,(anonymous_7)
FNDA:0,(anonymous_8)
FNDA:0,(anonymous_9)
FNDA:3117,replacer
FNDA:58,applyGraphChanges
FNDA:159,(anonymous_12)
FNDA:29,newId
FNDA:899,(anonymous_14)
FNDA:8,nudge
FNDA:8,(anonymous_16)
FNDA:8,(anonymous_17)
FNDA:1,nudgeUp
FNDA:1,nudgeDown
FNDA:1,nudgeLeft
FNDA:5,nudgeRight
FNDA:0,zoom
FNDA:7,moveHistoryPosition
FNDA:4,(anonymous_24)
FNDA:4,(anonymous_25)
FNDA:2,pasteVectors
FNDA:2,(anonymous_27)
FNDA:4,(anonymous_28)
FNDA:6,(anonymous_29)
FNDA:1,selectVector
FNDA:1,(anonymous_31)
FNDA:2,undo
FNDA:2,redo
FNDA:1,duplicateSelection
FNDA:4,setSelRelPropZ
FNDA:8,(anonymous_36)
FNDA:32,(anonymous_37)
FNDA:2,bringForward
FNDA:2,sendBackward
FNDA:1,bringToFront
FNDA:8,(anonymous_41)
FNDA:1,(anonymous_42)
FNDA:8,(anonymous_43)
FNDA:1,sendToBack
FNDA:8,(anonymous_45)
FNDA:1,(anonymous_46)
FNDA:8,(anonymous_47)
FNDA:1,addGraphItem
FNDA:7,(anonymous_49)
FNDA:5,(anonymous_50)
FNDA:7,(anonymous_51)
FNDA:0,(anonymous_52)
FNDA:1,(anonymous_53)
FNDA:0,addDroppedItem
FNDA:0,(anonymous_55)
FNDA:1,addVectorItem
FNDA:1,(anonymous_57)
FNDA:2,groupSelected
FNDA:4,(anonymous_59)
FNDA:16,(anonymous_60)
FNDA:1,ungroupSelected
FNDA:2,(anonymous_62)
FNDA:8,(anonymous_63)
FNDA:1,deleteVectorById
FNDA:2,(anonymous_65)
FNDA:15,(anonymous_66)
FNDA:30,(anonymous_67)
FNDA:22,(anonymous_68)
FNDA:13,(anonymous_69)
FNDA:1,deleteConnectorById
FNDA:0,(anonymous_71)
FNDA:0,(anonymous_72)
FNDA:0,(anonymous_73)
FNDA:0,(anonymous_74)
FNDA:0,(anonymous_75)
FNDA:0,(anonymous_76)
FNDA:0,(anonymous_77)
FNDA:1,deleteSelected
FNDA:2,(anonymous_79)
FNDA:0,(anonymous_80)
FNDA:1,preferences
FNDA:1,hoveredConnector
FNDA:0,selectConnector
FNDA:0,(anonymous_84)
FNDA:2,hoveredVector
FNDA:1,hoveredPort
FNDA:1,graph
FNDA:1,lut
FNDA:1,view
FNDA:1,translating
FNDA:1,clearError
FNDA:2,raiseError
FNDA:2,updateTemplate
FNDA:9,(anonymous_94)
FNDA:2,changeInputOrder
FNDA:2,(anonymous_96)
FNDA:3,(anonymous_97)
FNDA:2,changeOutputOrder
FNDA:2,(anonymous_99)
FNDA:3,(anonymous_100)
FNDA:3,(anonymous_101)
FNDA:2,addInput
FNDA:2,(anonymous_103)
FNDA:2,addOutput
FNDA:2,(anonymous_105)
FNDA:1,removeInput
FNDA:1,(anonymous_107)
FNDA:3,(anonymous_108)
FNDA:8,(anonymous_109)
FNDA:16,(anonymous_110)
FNDA:13,(anonymous_111)
FNDA:0,(anonymous_112)
FNDA:1,removeOutput
FNDA:1,(anonymous_114)
FNDA:3,(anonymous_115)
FNDA:3,(anonymous_116)
FNDA:1,updateVectorProperties
FNDA:1,(anonymous_118)
FNDA:1,updateGraphProperties
FNDA:1,createNewVector
FNDA:6,updateVectorFields
FNDA:6,(anonymous_122)
FNDA:6,(anonymous_123)
FNDA:1,(anonymous_124)
FNDA:8,(anonymous_125)
FNDA:16,(anonymous_126)
FNDA:13,(anonymous_127)
FNDA:1,deleteConnector
FNDA:8,(anonymous_129)
FNDA:16,(anonymous_130)
FNDA:13,(anonymous_131)
FNDA:2,changeConnectorOrder
FNDA:16,(anonymous_133)
FNDA:32,(anonymous_134)
FNDA:26,(anonymous_135)
FNDA:1,open
FNDA:1,setVectorsContext
FNDA:0,(anonymous_138)
FNDA:2,setDataProviders
FNDA:5,(anonymous_140)
FNDA:1,setLoadingStatus
FNDA:2,addLogItem
FNDA:1,setRemoteSnapshot
FNDA:4,setPreferences
FNDA:1,setGraphVersion
FNDA:8,(anonymous_146)
FNDA:16,(anonymous_147)
FNDA:13,(anonymous_148)
FNDA:1,setToc
FNDA:1,setPresentation
FNDA:1,setLock
FNDA:1,updateVectorUrl
FNDA:1,(anonymous_153)
FNDA:1,clearLog
FNDA:1,(anonymous_155)
FNDA:1,connectorActivity
FNDA:1,clearSchedulerErrorItem
FNDA:1,(anonymous_158)
FNDA:1,clearSchedulerError
FNDA:4,addSchedulerError
FNDA:2,togglePresentation
FNDA:1,setScheduler
FNDA:1,setArtifact
FNDA:1,updateVectorData
FNDA:1,(anonymous_165)
FNDA:1,setRegistryItem
FNDA:1,setRegistry
FNDA:2,togglePanelVisibility
FNDA:1,setSchedulerState
FNDA:2,toggleLabels
FNDA:2,toggleHelp
FNDA:1,addHelpTopic
FNDA:0,toggleSelectedVectorPresentationMode
FNDA:0,(anonymous_174)
FNDA:0,(anonymous_175)
FNDA:0,resetLoadedState
FNDA:0,setGraphReferences
FNDA:0,setConnectionState
DA:1,9
DA:2,9
DA:3,9
DA:4,9
DA:5,9
DA:13,0
DA:14,0
DA:15,0
DA:16,0
DA:26,0
DA:29,0
DA:30,0
DA:32,0
DA:33,0
DA:34,0
DA:38,0
DA:39,0
DA:40,0
DA:42,0
DA:43,0
DA:44,0
DA:47,0
DA:48,0
DA:49,0
DA:50,0
DA:51,0
DA:55,3117
DA:56,0
DA:58,3117
DA:61,58
DA:62,0
DA:64,58
DA:65,58
DA:66,53
DA:71,53
DA:72,159
DA:74,53
DA:75,53
DA:80,29
DA:81,899
DA:82,899
DA:86,8
DA:87,8
DA:88,8
DA:89,8
DA:91,8
DA:94,1
DA:97,1
DA:100,1
DA:103,5
DA:106,0
DA:109,7
DA:110,7
DA:111,0
DA:113,7
DA:114,8
DA:115,4
DA:116,4
DA:117,4
DA:118,4
DA:120,4
DA:121,4
DA:122,4
DA:123,4
DA:125,4
DA:128,7
DA:129,7
DA:134,2
DA:136,2
DA:138,2
DA:139,2
DA:140,2
DA:141,2
DA:143,0
DA:145,2
DA:146,2
DA:147,2
DA:148,0
DA:150,0
DA:151,0
DA:153,2
DA:154,4
DA:156,6
DA:157,6
DA:159,6
DA:160,6
DA:161,6
DA:162,6
DA:166,2
DA:170,2
DA:171,2
DA:174,1
DA:175,1
DA:178,2
DA:181,2
DA:184,1
DA:185,1
DA:189,8
DA:190,4
DA:191,32
DA:192,8
DA:195,4
DA:198,2
DA:201,2
DA:204,8
DA:205,1
DA:206,1
DA:207,8
DA:208,1
DA:211,1
DA:214,8
DA:215,1
DA:216,1
DA:217,8
DA:218,1
DA:221,1
DA:224,1
DA:228,1
DA:229,1
DA:230,1
DA:231,1
DA:232,1
DA:233,1
DA:234,7
DA:235,5
DA:236,0
DA:244,7
DA:245,7
DA:246,1
DA:256,1
DA:257,1
DA:311,1
DA:312,0
DA:313,0
DA:319,1
DA:320,1
DA:321,1
DA:325,1
DA:331,1
DA:332,1
DA:335,0
DA:339,0
DA:340,0
DA:341,0
DA:342,0
DA:343,0
DA:344,0
DA:345,0
DA:346,0
DA:347,0
DA:348,0
DA:350,0
DA:351,0
DA:353,0
DA:354,0
DA:357,1
DA:361,1
DA:362,1
DA:363,1
DA:364,1
DA:366,1
DA:367,1
DA:369,1
DA:403,1
DA:404,1
DA:407,2
DA:408,4
DA:409,2
DA:410,16
DA:411,4
DA:412,4
DA:416,2
DA:419,2
DA:420,1
DA:421,8
DA:422,2
DA:425,1
DA:428,1
DA:429,2
DA:431,15
DA:432,30
DA:433,22
DA:434,2
DA:440,2
DA:441,13
DA:442,2
DA:449,1
DA:450,0
DA:451,0
DA:452,0
DA:453,0
DA:454,0
DA:455,0
DA:460,0
DA:461,0
DA:462,0
DA:463,0
DA:464,0
DA:465,0
DA:475,2
DA:476,1
DA:477,1
DA:478,1
DA:479,1
DA:480,1
DA:481,1
DA:482,1
DA:483,1
DA:484,1
DA:485,1
DA:488,1
DA:491,1
DA:494,0
DA:495,0
DA:496,0
DA:498,0
DA:500,0
DA:503,2
DA:504,1
DA:506,1
DA:509,1
DA:512,1
DA:513,1
DA:516,1
DA:521,1
DA:524,1
DA:527,1
DA:528,1
DA:531,2
DA:532,2
DA:533,2
DA:536,2
DA:537,9
DA:539,2
DA:540,1
DA:542,1
DA:543,1
DA:550,2
DA:551,2
DA:552,0
DA:554,3
DA:555,2
DA:556,0
DA:558,2
DA:559,2
DA:560,2
DA:561,2
DA:568,2
DA:569,2
DA:570,0
DA:572,3
DA:573,2
DA:574,0
DA:576,2
DA:577,3
DA:578,2
DA:579,2
DA:580,2
DA:581,2
DA:582,2
DA:583,2
DA:589,2
DA:590,2
DA:591,0
DA:593,2
DA:598,2
DA:604,2
DA:605,2
DA:606,0
DA:608,2
DA:613,2
DA:617,2
DA:623,1
DA:624,1
DA:625,0
DA:627,3
DA:628,1
DA:630,1
DA:631,8
DA:632,16
DA:633,13
DA:635,16
DA:636,0
DA:637,0
DA:642,1
DA:648,1
DA:649,1
DA:650,0
DA:652,3
DA:653,3
DA:654,1
DA:655,1
DA:656,1
DA:662,1
DA:663,1
DA:664,0
DA:666,1
DA:667,1
DA:670,1
DA:671,1
DA:674,1
DA:678,1
DA:679,1
DA:680,1
DA:681,1
DA:714,1
DA:715,1
DA:720,6
DA:721,6
DA:722,0
DA:724,6
DA:726,6
DA:728,3
DA:729,3
DA:731,1
DA:732,1
DA:734,1
DA:738,6
DA:740,3
DA:741,3
DA:743,1
DA:744,8
DA:745,16
DA:746,13
DA:747,1
DA:755,6
DA:758,1
DA:759,8
DA:760,16
DA:761,13
DA:762,1
DA:767,1
DA:770,2
DA:771,16
DA:772,32
DA:773,26
DA:774,3
DA:775,3
DA:780,2
DA:783,1
DA:785,1
DA:786,0
DA:787,0
DA:788,0
DA:792,1
DA:793,1
DA:794,1
DA:799,2
DA:800,5
DA:804,1
DA:805,1
DA:806,1
DA:813,2
DA:816,1
DA:819,4
DA:822,1
DA:823,1
DA:824,1
DA:825,8
DA:826,8
DA:827,16
DA:828,13
DA:833,1
DA:834,1
DA:837,1
DA:840,1
DA:843,1
DA:846,1
DA:847,1
DA:848,1
DA:851,1
DA:852,1
DA:856,1
DA:859,1
DA:860,1
DA:864,1
DA:867,4
DA:868,4
DA:871,2
DA:874,1
DA:877,1
DA:880,1
DA:881,1
DA:882,1
DA:885,1
DA:886,1
DA:887,1
DA:890,1
DA:893,2
DA:896,1
DA:899,2
DA:900,2
DA:903,2
DA:906,1
DA:909,0
DA:910,0
DA:911,0
DA:913,0
DA:916,0
DA:917,0
DA:918,0
DA:919,0
DA:922,0
DA:928,0
DA:930,9
LF:405
LH:316
BRDA:29,0,0,0
BRDA:29,0,1,0
BRDA:29,1,0,0
BRDA:29,1,1,0
BRDA:42,2,0,0
BRDA:42,2,1,0
BRDA:42,3,0,0
BRDA:42,3,1,0
BRDA:48,4,0,0
BRDA:48,4,1,0
BRDA:55,5,0,0
BRDA:55,5,1,3117
BRDA:61,6,0,0
BRDA:61,6,1,58
BRDA:65,7,0,53
BRDA:65,7,1,5
BRDA:81,8,0,870
BRDA:81,8,1,29
BRDA:110,9,0,0
BRDA:110,9,1,7
BRDA:110,10,0,7
BRDA:110,10,1,7
BRDA:114,11,0,4
BRDA:114,11,1,4
BRDA:120,12,0,4
BRDA:120,12,1,0
BRDA:131,13,0,1
BRDA:138,14,0,2
BRDA:138,14,1,2
BRDA:139,15,0,2
BRDA:139,15,1,0
BRDA:150,16,0,0
BRDA:150,16,1,0
BRDA:156,17,0,6
BRDA:156,17,1,6
BRDA:159,18,0,6
BRDA:159,18,1,6
BRDA:184,19,0,1
BRDA:184,19,1,0
BRDA:191,20,0,8
BRDA:191,20,1,24
BRDA:207,21,0,1
BRDA:207,21,1,7
BRDA:217,22,0,1
BRDA:217,22,1,7
BRDA:235,23,0,0
BRDA:235,23,1,5
BRDA:245,24,0,1
BRDA:245,24,1,6
BRDA:263,25,0,1
BRDA:263,25,1,1
BRDA:375,26,0,1
BRDA:375,26,1,1
BRDA:410,27,0,4
BRDA:410,27,1,12
BRDA:411,28,0,4
BRDA:411,28,1,0
BRDA:421,29,0,2
BRDA:421,29,1,6
BRDA:433,30,0,2
BRDA:433,30,1,20
BRDA:441,31,0,2
BRDA:441,31,1,11
BRDA:453,32,0,0
BRDA:453,32,1,0
BRDA:460,33,0,0
BRDA:460,33,1,0
BRDA:460,34,0,0
BRDA:460,34,1,0
BRDA:460,34,2,0
BRDA:460,34,3,0
BRDA:464,35,0,0
BRDA:464,35,1,0
BRDA:494,36,0,0
BRDA:494,36,1,0
BRDA:494,37,0,0
BRDA:494,37,1,0
BRDA:494,37,2,0
BRDA:494,37,3,0
BRDA:495,38,0,0
BRDA:495,38,1,0
BRDA:503,39,0,1
BRDA:503,39,1,1
BRDA:539,40,0,1
BRDA:539,40,1,1
BRDA:551,41,0,0
BRDA:551,41,1,2
BRDA:555,42,0,0
BRDA:555,42,1,2
BRDA:560,43,0,1
BRDA:560,43,1,1
BRDA:569,44,0,0
BRDA:569,44,1,2
BRDA:573,45,0,0
BRDA:573,45,1,2
BRDA:580,46,0,1
BRDA:580,46,1,1
BRDA:582,47,0,1
BRDA:582,47,1,1
BRDA:590,48,0,0
BRDA:590,48,1,2
BRDA:605,49,0,0
BRDA:605,49,1,2
BRDA:624,50,0,0
BRDA:624,50,1,1
BRDA:633,51,0,13
BRDA:633,51,1,1
BRDA:635,52,0,0
BRDA:635,52,1,16
BRDA:649,53,0,0
BRDA:649,53,1,1
BRDA:663,54,0,0
BRDA:663,54,1,1
BRDA:710,55,0,0
BRDA:710,55,1,1
BRDA:711,56,0,0
BRDA:711,56,1,1
BRDA:721,57,0,0
BRDA:721,57,1,6
BRDA:726,58,0,3
BRDA:726,58,1,3
BRDA:726,59,0,6
BRDA:726,59,1,6
BRDA:726,59,2,3
BRDA:726,59,3,3
BRDA:726,59,4,2
BRDA:726,59,5,1
BRDA:729,60,0,1
BRDA:729,60,1,2
BRDA:738,61,0,3
BRDA:738,61,1,3
BRDA:738,62,0,6
BRDA:738,62,1,6
BRDA:738,62,2,3
BRDA:738,62,3,3
BRDA:738,62,4,2
BRDA:738,62,5,1
BRDA:741,63,0,1
BRDA:741,63,1,2
BRDA:746,64,0,1
BRDA:746,64,1,12
BRDA:746,65,0,13
BRDA:746,65,1,8
BRDA:761,66,0,1
BRDA:761,66,1,12
BRDA:773,67,0,3
BRDA:773,67,1,23
BRDA:773,68,0,26
BRDA:773,68,1,3
BRDA:775,69,0,2
BRDA:775,69,1,1
BRDA:787,70,0,0
BRDA:787,70,1,0
BRDA:804,71,0,1
BRDA:804,71,1,1
BRDA:805,72,0,1
BRDA:805,72,1,1
BRDA:822,73,0,1
BRDA:822,73,1,0
BRDA:867,74,0,4
BRDA:867,74,1,3
BRF:161
BRH:107
end_of_record
TN:
SF:/home/runner/work/graph-editor/graph-editor/src/store/newVectorHelpTemplate.ts
FNF:0
FNH:0
DA:1,9
DA:120,9
DA:123,9
LF:3
LH:3
BRF:0
BRH:0
end_of_record
TN:
SF:/home/runner/work/graph-editor/graph-editor/src/store/modules/HTTPDataProvider.ts
FN:4,(anonymous_0)
FN:10,(anonymous_1)
FN:13,(anonymous_2)
FNF:3
FNH:0
FNDA:0,(anonymous_0)
FNDA:0,(anonymous_1)
FNDA:0,(anonymous_2)
DA:5,0
DA:6,0
DA:8,0
DA:11,0
DA:14,0
DA:15,0
LF:6
LH:0
BRDA:5,0,0,0
BRDA:5,0,1,0
BRDA:8,1,0,0
BRDA:8,1,1,0
BRF:4
BRH:0
end_of_record
TN:
SF:/home/runner/work/graph-editor/graph-editor/src/store/modules/LocalStoreDataProvider.ts
FN:39,(anonymous_0)
FN:42,(anonymous_1)
FN:57,(anonymous_2)
FN:59,(anonymous_3)
FN:113,(anonymous_4)
FN:126,(anonymous_5)
FN:146,(anonymous_6)
FN:147,(anonymous_7)
FN:195,(anonymous_8)
FNF:9
FNH:9
FNDA:2,(anonymous_0)
FNDA:4,(anonymous_1)
FNDA:3,(anonymous_2)
FNDA:7,(anonymous_3)
FNDA:3,(anonymous_4)
FNDA:6,(anonymous_5)
FNDA:3,(anonymous_6)
FNDA:4,(anonymous_7)
FNDA:3,(anonymous_8)
DA:1,4
DA:2,4
DA:3,4
DA:4,4
DA:5,4
DA:6,4
DA:40,2
DA:43,4
DA:45,4
DA:46,1
DA:48,3
DA:49,3
DA:51,0
DA:54,4
DA:55,4
DA:58,3
DA:59,3
DA:60,7
DA:61,2
DA:63,2
DA:64,2
DA:66,0
DA:68,2
DA:72,5
DA:73,2
DA:75,2
DA:76,2
DA:78,0
DA:80,2
DA:85,3
DA:87,3
DA:88,0
DA:89,3
DA:90,3
DA:91,3
DA:93,0
DA:96,3
DA:97,3
DA:98,2
DA:103,3
DA:107,3
DA:108,3
DA:110,1
DA:114,3
DA:116,3
DA:117,1
DA:119,2
DA:120,2
DA:122,1
DA:124,1
DA:127,6
DA:128,6
DA:129,6
DA:131,1
DA:132,5
DA:134,2
DA:135,2
DA:136,1
DA:137,1
DA:138,1
DA:139,1
DA:141,0
DA:144,2
DA:145,2
DA:146,2
DA:147,3
DA:148,4
DA:151,2
DA:152,2
DA:153,0
DA:154,0
DA:156,2
DA:157,2
DA:158,2
DA:167,3
DA:168,1
DA:169,1
DA:170,1
DA:179,2
DA:180,1
DA:181,1
DA:182,1
DA:192,1
DA:197,3
DA:199,3
DA:200,1
DA:202,2
DA:203,2
DA:205,1
DA:208,1
DA:209,1
DA:210,1
DA:211,1
DA:213,1
LF:94
LH:86
BRDA:45,0,0,1
BRDA:45,0,1,3
BRDA:60,1,0,2
BRDA:60,1,1,5
BRDA:61,2,0,2
BRDA:61,2,1,0
BRDA:72,3,0,2
BRDA:72,3,1,3
BRDA:73,4,0,2
BRDA:73,4,1,0
BRDA:85,5,0,3
BRDA:85,5,1,0
BRDA:87,6,0,0
BRDA:87,6,1,3
BRDA:89,7,0,3
BRDA:89,7,1,0
BRDA:96,8,0,3
BRDA:96,8,1,0
BRDA:97,9,0,2
BRDA:97,9,1,1
BRDA:108,10,0,1
BRDA:108,10,1,2
BRDA:108,11,0,3
BRDA:108,11,1,2
BRDA:114,12,0,3
BRDA:114,12,1,1
BRDA:116,13,0,1
BRDA:116,13,1,2
BRDA:129,14,0,1
BRDA:129,14,1,5
BRDA:132,15,0,2
BRDA:132,15,1,3
BRDA:135,16,0,1
BRDA:135,16,1,1
BRDA:137,17,0,1
BRDA:137,17,1,0
BRDA:152,18,0,0
BRDA:152,18,1,2
BRDA:167,19,0,1
BRDA:167,19,1,2
BRDA:179,20,0,1
BRDA:179,20,1,1
BRDA:199,21,0,1
BRDA:199,21,1,2
BRDA:210,22,0,1
BRDA:210,22,1,0
BRF:46
BRH:37
end_of_record
TN:
SF:/home/runner/work/graph-editor/graph-editor/src/store/modules/WSSDataProvider.ts
FN:14,(anonymous_0)
FN:32,(anonymous_1)
FN:39,(anonymous_2)
FN:44,(anonymous_3)
FN:50,(anonymous_4)
FN:54,(anonymous_5)
FN:61,(anonymous_6)
FN:66,(anonymous_7)
FN:81,(anonymous_8)
FN:88,(anonymous_9)
FN:92,(anonymous_10)
FN:104,(anonymous_11)
FN:118,(anonymous_12)
FN:119,(anonymous_13)
FN:129,(anonymous_14)
FN:130,(anonymous_15)
FN:140,(anonymous_16)
FN:146,(anonymous_17)
FN:153,(anonymous_18)
FN:160,(anonymous_19)
FN:161,(anonymous_20)
FN:169,(anonymous_21)
FN:174,(anonymous_22)
FN:180,(anonymous_23)
FNF:24
FNH:0
FNDA:0,(anonymous_0)
FNDA:0,(anonymous_1)
FNDA:0,(anonymous_2)
FNDA:0,(anonymous_3)
FNDA:0,(anonymous_4)
FNDA:0,(anonymous_5)
FNDA:0,(anonymous_6)
FNDA:0,(anonymous_7)
FNDA:0,(anonymous_8)
FNDA:0,(anonymous_9)
FNDA:0,(anonymous_10)
FNDA:0,(anonymous_11)
FNDA:0,(anonymous_12)
FNDA:0,(anonymous_13)
FNDA:0,(anonymous_14)
FNDA:0,(anonymous_15)
FNDA:0,(anonymous_16)
FNDA:0,(anonymous_17)
FNDA:0,(anonymous_18)
FNDA:0,(anonymous_19)
FNDA:0,(anonymous_20)
FNDA:0,(anonymous_21)
FNDA:0,(anonymous_22)
FNDA:0,(anonymous_23)
DA:1,3
DA:15,0
DA:16,0
DA:18,0
DA:19,0
DA:20,0
DA:21,0
DA:22,0
DA:23,0
DA:24,0
DA:25,0
DA:26,0
DA:27,0
DA:28,0
DA:29,0
DA:30,0
DA:33,0
DA:34,0
DA:36,0
DA:37,0
DA:40,0
DA:41,0
DA:42,0
DA:44,0
DA:45,0
DA:46,0
DA:47,0
DA:48,0
DA:50,0
DA:51,0
DA:54,0
DA:55,0
DA:56,0
DA:57,0
DA:58,0
DA:61,0
DA:62,0
DA:63,0
DA:67,0
DA:68,0
DA:69,0
DA:70,0
DA:73,0
DA:74,0
DA:76,0
DA:77,0
DA:79,0
DA:80,0
DA:81,0
DA:82,0
DA:86,0
DA:89,0
DA:90,0
DA:93,0
DA:94,0
DA:95,0
DA:97,0
DA:99,0
DA:105,0
DA:106,0
DA:108,0
DA:109,0
DA:110,0
DA:112,0
DA:113,0
DA:119,0
DA:120,0
DA:125,0
DA:126,0
DA:130,0
DA:131,0
DA:136,0
DA:137,0
DA:141,0
DA:147,0
DA:154,0
DA:161,0
DA:162,0
DA:168,0
DA:169,0
DA:170,0
DA:175,0
DA:182,0
DA:183,0
DA:187,0
DA:188,0
DA:192,0
DA:193,0
LF:88
LH:1
BRDA:15,0,0,0
BRDA:15,0,1,0
BRDA:33,1,0,0
BRDA:33,1,1,0
BRDA:40,2,0,0
BRDA:40,2,1,0
BRDA:57,3,0,0
BRDA:57,3,1,0
BRDA:67,4,0,0
BRDA:67,4,1,0
BRDA:69,5,0,0
BRDA:69,5,1,0
BRDA:73,6,0,0
BRDA:73,6,1,0
BRDA:73,7,0,0
BRDA:73,7,1,0
BRDA:76,8,0,0
BRDA:76,8,1,0
BRDA:76,9,0,0
BRDA:76,9,1,0
BRDA:79,10,0,0
BRDA:79,10,1,0
BRDA:80,11,0,0
BRDA:80,11,1,0
BRDA:93,12,0,0
BRDA:93,12,1,0
BRDA:94,13,0,0
BRDA:94,13,1,0
BRDA:105,14,0,0
BRDA:105,14,1,0
BRDA:109,15,0,0
BRDA:109,15,1,0
BRDA:182,16,0,0
BRDA:182,16,1,0
BRDA:187,17,0,0
BRDA:187,17,1,0
BRDA:192,18,0,0
BRDA:192,18,1,0
BRF:38
BRH:0
end_of_record
TN:
SF:/home/runner/work/graph-editor/graph-editor/src/store/modules/keys.ts
FN:33,keys
FN:115,keyup
FN:119,keydown
FNF:3
FNH:3
FNDA:24,keys
FNDA:1,keyup
FNDA:23,keydown
DA:1,10
DA:6,10
DA:7,10
DA:8,10
DA:9,10
DA:10,10
DA:11,10
DA:12,10
DA:13,10
DA:14,10
DA:15,10
DA:16,10
DA:17,10
DA:18,10
DA:19,10
DA:20,10
DA:36,24
DA:37,24
DA:38,24
DA:39,24
DA:40,24
DA:41,1
DA:43,24
DA:45,0
DA:49,24
DA:50,1
DA:51,1
DA:52,1
DA:54,24
DA:55,1
DA:56,1
DA:57,1
DA:59,24
DA:60,0
DA:63,24
DA:64,2
DA:66,24
DA:67,2
DA:69,24
DA:70,2
DA:72,24
DA:73,2
DA:76,24
DA:77,1
DA:78,23
DA:79,1
DA:81,24
DA:82,1
DA:83,23
DA:84,1
DA:87,24
DA:88,1
DA:91,24
DA:92,1
DA:93,23
DA:94,1
DA:98,24
DA:99,1
DA:100,1
DA:101,23
DA:102,1
DA:103,1
DA:106,24
DA:107,1
DA:108,1
DA:110,24
DA:111,1
DA:112,1
DA:116,1
DA:117,1
DA:120,23
DA:121,23
LF:72
LH:70
BRDA:36,0,0,24
BRDA:36,0,1,13
BRDA:39,1,0,24
BRDA:39,1,1,24
BRDA:40,2,0,1
BRDA:40,2,1,23
BRDA:40,3,0,24
BRDA:40,3,1,1
BRDA:43,4,0,0
BRDA:43,4,1,24
BRDA:49,5,0,1
BRDA:49,5,1,23
BRDA:49,6,0,24
BRDA:49,6,1,1
BRDA:54,7,0,1
BRDA:54,7,1,23
BRDA:54,8,0,24
BRDA:54,8,1,1
BRDA:59,9,0,0
BRDA:59,9,1,24
BRDA:63,10,0,2
BRDA:63,10,1,22
BRDA:64,11,0,1
BRDA:64,11,1,1
BRDA:66,12,0,2
BRDA:66,12,1,22
BRDA:67,13,0,1
BRDA:67,13,1,1
BRDA:69,14,0,2
BRDA:69,14,1,22
BRDA:70,15,0,1
BRDA:70,15,1,1
BRDA:72,16,0,2
BRDA:72,16,1,22
BRDA:73,17,0,1
BRDA:73,17,1,1
BRDA:76,18,0,1
BRDA:76,18,1,23
BRDA:76,19,0,24
BRDA:76,19,1,2
BRDA:76,19,2,2
BRDA:78,20,0,1
BRDA:78,20,1,22
BRDA:78,21,0,23
BRDA:78,21,1,1
BRDA:81,22,0,1
BRDA:81,22,1,23
BRDA:81,23,0,24
BRDA:81,23,1,2
BRDA:81,23,2,2
BRDA:83,24,0,1
BRDA:83,24,1,22
BRDA:83,25,0,23
BRDA:83,25,1,1
BRDA:87,26,0,1
BRDA:87,26,1,23
BRDA:91,27,0,1
BRDA:91,27,1,23
BRDA:91,28,0,24
BRDA:91,28,1,2
BRDA:91,28,2,2
BRDA:93,29,0,1
BRDA:93,29,1,22
BRDA:93,30,0,23
BRDA:93,30,1,1
BRDA:98,31,0,1
BRDA:98,31,1,23
BRDA:98,32,0,24
BRDA:98,32,1,2
BRDA:98,32,2,2
BRDA:101,33,0,1
BRDA:101,33,1,22
BRDA:101,34,0,23
BRDA:101,34,1,1
BRDA:106,35,0,1
BRDA:106,35,1,23
BRDA:106,36,0,24
BRDA:106,36,1,1
BRDA:106,36,2,1
BRDA:110,37,0,1
BRDA:110,37,1,23
BRF:81
BRH:79
end_of_record
TN:
SF:/home/runner/work/graph-editor/graph-editor/src/store/modules/mouse.ts
FN:7,mouse
FN:24,expandGroupVectorArray
FN:29,(anonymous_2)
FN:29,(anonymous_3)
FN:32,(anonymous_4)
FN:33,(anonymous_5)
FN:45,remapVectors
FN:46,(anonymous_7)
FN:47,(anonymous_8)
FN:50,remapHovered
FN:51,(anonymous_10)
FN:60,(anonymous_11)
FN:150,(anonymous_12)
FN:151,(anonymous_13)
FN:152,(anonymous_14)
FN:174,(anonymous_15)
FN:175,(anonymous_16)
FN:221,(anonymous_17)
FN:243,(anonymous_18)
FN:244,(anonymous_19)
FN:259,(anonymous_20)
FN:276,(anonymous_21)
FN:300,(anonymous_22)
FN:301,(anonymous_23)
FN:302,(anonymous_24)
FN:315,(anonymous_25)
FN:317,(anonymous_26)
FN:325,(anonymous_27)
FN:327,(anonymous_28)
FNF:29
FNH:29
FNDA:21,mouse
FNDA:14,expandGroupVectorArray
FNDA:38,(anonymous_2)
FNDA:38,(anonymous_3)
FNDA:112,(anonymous_4)
FNDA:8,(anonymous_5)
FNDA:9,remapVectors
FNDA:72,(anonymous_7)
FNDA:176,(anonymous_8)
FNDA:1,remapHovered
FNDA:1,(anonymous_10)
FNDA:1,(anonymous_11)
FNDA:2,(anonymous_12)
FNDA:4,(anonymous_13)
FNDA:2,(anonymous_14)
FNDA:1,(anonymous_15)
FNDA:2,(anonymous_16)
FNDA:1,(anonymous_17)
FNDA:3,(anonymous_18)
FNDA:1,(anonymous_19)
FNDA:32,(anonymous_20)
FNDA:84,(anonymous_21)
FNDA:3,(anonymous_22)
FNDA:4,(anonymous_23)
FNDA:4,(anonymous_24)
FNDA:31,(anonymous_25)
FNDA:31,(anonymous_26)
FNDA:31,(anonymous_27)
FNDA:31,(anonymous_28)
DA:1,9
DA:2,9
DA:3,9
DA:4,9
DA:5,9
DA:6,9
DA:15,21
DA:16,21
DA:17,21
DA:18,21
DA:19,21
DA:20,21
DA:25,14
DA:27,14
DA:29,38
DA:30,38
DA:32,14
DA:33,112
DA:34,2
DA:35,2
DA:38,14
DA:39,2
DA:46,9
DA:47,176
DA:51,1
DA:52,1
DA:56,21
DA:57,21
DA:58,21
DA:60,21
DA:61,1
DA:70,21
DA:71,1
DA:72,1
DA:81,21
DA:82,3
DA:85,21
DA:95,5
DA:96,4
DA:97,4
DA:98,4
DA:99,4
DA:101,4
DA:103,4
DA:104,4
DA:105,4
DA:106,4
DA:107,1
DA:108,1
DA:112,21
DA:113,2
DA:114,2
DA:116,21
DA:118,21
DA:119,21
DA:120,1
DA:121,1
DA:122,1
DA:123,1
DA:124,1
DA:125,1
DA:126,1
DA:130,1
DA:132,1
DA:134,0
DA:136,1
DA:137,1
DA:141,1
DA:142,0
DA:144,1
DA:149,21
DA:150,2
DA:151,4
DA:152,2
DA:153,2
DA:154,2
DA:155,2
DA:156,2
DA:157,2
DA:158,1
DA:160,2
DA:161,2
DA:162,1
DA:163,1
DA:164,1
DA:165,1
DA:167,1
DA:168,1
DA:173,21
DA:174,1
DA:175,2
DA:176,1
DA:177,1
DA:178,1
DA:179,1
DA:180,1
DA:181,1
DA:182,0
DA:184,1
DA:185,1
DA:186,1
DA:187,1
DA:188,1
DA:189,1
DA:190,1
DA:191,1
DA:192,0
DA:194,1
DA:195,1
DA:197,0
DA:198,0
DA:203,21
DA:204,7
DA:205,7
DA:206,7
DA:207,7
DA:208,7
DA:211,21
DA:213,4
DA:214,4
DA:215,4
DA:216,4
DA:219,21
DA:220,2
DA:221,2
DA:222,1
DA:227,1
DA:231,2
DA:234,2
DA:237,19
DA:238,7
DA:239,6
DA:240,6
DA:242,7
DA:243,3
DA:244,3
DA:245,3
DA:247,3
DA:249,7
DA:250,3
DA:253,3
DA:258,21
DA:259,4
DA:260,32
DA:261,32
DA:262,0
DA:264,32
DA:265,32
DA:271,32
DA:272,32
DA:276,84
DA:277,24
DA:279,24
DA:282,4
DA:285,21
DA:286,3
DA:287,3
DA:288,3
DA:289,1
DA:293,21
DA:294,2
DA:295,2
DA:296,2
DA:299,21
DA:300,2
DA:301,4
DA:302,4
DA:303,3
DA:304,3
DA:305,3
DA:306,3
DA:311,21
DA:313,7
DA:314,7
DA:315,31
DA:316,7
DA:318,31
DA:319,31
DA:320,0
DA:322,31
DA:324,7
DA:325,31
DA:326,7
DA:328,31
DA:329,31
DA:330,0
DA:332,31
DA:334,7
DA:341,7
DA:350,14
DA:353,21
DA:354,21
LF:192
LH:183
BRDA:15,0,0,21
BRDA:15,0,1,21
BRDA:16,1,0,21
BRDA:16,1,1,21
BRDA:18,2,0,0
BRDA:18,2,1,21
BRDA:18,3,0,21
BRDA:18,3,1,0
BRDA:19,4,0,21
BRDA:19,4,1,20
BRDA:20,5,0,12
BRDA:20,5,1,9
BRDA:20,6,0,12
BRDA:20,6,1,7
BRDA:33,7,0,2
BRDA:33,7,1,110
BRDA:33,8,0,112
BRDA:33,8,1,8
BRDA:38,9,0,2
BRDA:38,9,1,12
BRDA:70,10,0,1
BRDA:70,10,1,20
BRDA:70,11,0,21
BRDA:70,11,1,4
BRDA:70,11,2,1
BRDA:70,11,3,1
BRDA:70,11,4,1
BRDA:70,11,5,1
BRDA:81,12,0,3
BRDA:81,12,1,18
BRDA:81,13,0,21
BRDA:81,13,1,4
BRDA:81,13,2,3
BRDA:81,13,3,3
BRDA:81,13,4,3
BRDA:85,14,0,5
BRDA:85,14,1,16
BRDA:85,15,0,21
BRDA:85,15,1,16
BRDA:85,15,2,15
BRDA:85,15,3,13
BRDA:85,15,4,0
BRDA:85,15,5,0
BRDA:85,15,6,0
BRDA:85,15,7,0
BRDA:85,15,8,0
BRDA:95,16,0,4
BRDA:95,16,1,1
BRDA:95,17,0,5
BRDA:95,17,1,4
BRDA:107,18,0,1
BRDA:107,18,1,0
BRDA:112,19,0,2
BRDA:112,19,1,19
BRDA:112,20,0,21
BRDA:112,20,1,4
BRDA:112,20,2,4
BRDA:126,21,0,1
BRDA:126,21,1,0
BRDA:126,22,0,1
BRDA:126,22,1,1
BRDA:126,22,2,0
BRDA:126,22,3,0
BRDA:126,22,4,1
BRDA:126,22,5,1
BRDA:126,22,6,1
BRDA:126,22,7,1
BRDA:130,23,0,1
BRDA:130,23,1,0
BRDA:130,24,0,1
BRDA:130,24,1,1
BRDA:130,24,2,1
BRDA:132,25,0,0
BRDA:132,25,1,1
BRDA:132,26,0,1
BRDA:132,26,1,1
BRDA:132,27,0,1
BRDA:132,27,1,1
BRDA:132,27,2,1
BRDA:136,28,0,1
BRDA:136,28,1,0
BRDA:141,29,0,0
BRDA:141,29,1,1
BRDA:141,30,0,1
BRDA:141,30,1,1
BRDA:149,31,0,2
BRDA:149,31,1,19
BRDA:149,32,0,21
BRDA:149,32,1,4
BRDA:149,32,2,2
BRDA:149,32,3,2
BRDA:155,33,0,2
BRDA:155,33,1,1
BRDA:155,33,2,1
BRDA:157,34,0,1
BRDA:157,34,1,1
BRDA:160,35,0,2
BRDA:160,35,1,0
BRDA:160,36,0,2
BRDA:160,36,1,2
BRDA:161,37,0,1
BRDA:161,37,1,1
BRDA:173,38,0,1
BRDA:173,38,1,20
BRDA:173,39,0,21
BRDA:173,39,1,4
BRDA:173,39,2,2
BRDA:179,40,0,1
BRDA:179,40,1,0
BRDA:179,40,2,0
BRDA:181,41,0,0
BRDA:181,41,1,1
BRDA:184,42,0,1
BRDA:184,42,1,0
BRDA:184,43,0,1
BRDA:184,43,1,1
BRDA:185,44,0,1
BRDA:185,44,1,0
BRDA:191,45,0,0
BRDA:191,45,1,1
BRDA:203,46,0,7
BRDA:203,46,1,14
BRDA:203,47,0,21
BRDA:203,47,1,12
BRDA:211,48,0,4
BRDA:211,48,1,17
BRDA:211,49,0,21
BRDA:211,49,1,12
BRDA:211,49,2,7
BRDA:211,49,3,4
BRDA:211,49,4,4
BRDA:211,49,5,4
BRDA:219,50,0,2
BRDA:219,50,1,19
BRDA:219,51,0,21
BRDA:219,51,1,12
BRDA:219,51,2,7
BRDA:219,51,3,2
BRDA:219,51,4,2
BRDA:221,52,0,1
BRDA:221,52,1,1
BRDA:237,53,0,7
BRDA:237,53,1,12
BRDA:237,54,0,19
BRDA:237,54,1,12
BRDA:237,54,2,7
BRDA:237,54,3,7
BRDA:238,55,0,6
BRDA:238,55,1,1
BRDA:238,56,0,7
BRDA:238,56,1,1
BRDA:242,57,0,3
BRDA:242,57,1,4
BRDA:244,58,0,3
BRDA:244,58,1,0
BRDA:249,59,0,3
BRDA:249,59,1,4
BRDA:258,60,0,4
BRDA:258,60,1,17
BRDA:261,61,0,0
BRDA:261,61,1,32
BRDA:272,62,0,24
BRDA:272,62,1,8
BRDA:272,63,0,32
BRDA:272,63,1,24
BRDA:272,63,2,24
BRDA:272,63,3,24
BRDA:276,64,0,24
BRDA:276,64,1,0
BRDA:285,65,0,3
BRDA:285,65,1,18
BRDA:288,66,0,1
BRDA:288,66,1,2
BRDA:293,67,0,2
BRDA:293,67,1,19
BRDA:293,68,0,21
BRDA:293,68,1,0
BRDA:293,68,2,21
BRDA:299,69,0,2
BRDA:299,69,1,19
BRDA:299,70,0,21
BRDA:299,70,1,2
BRDA:311,71,0,7
BRDA:311,71,1,14
BRDA:319,72,0,0
BRDA:319,72,1,31
BRDA:329,73,0,0
BRDA:329,73,1,31
BRF:188
BRH:160
end_of_record
