TN:
SF:/home/runner/work/graph-editor/graph-editor/src/helpTopics.ts
FNF:0
FNH:0
DA:1,3
LF:1
LH:1
BRF:0
BRH:0
end_of_record
TN:
SF:/home/runner/work/graph-editor/graph-editor/src/main.ts
FN:22,(anonymous_0)
FN:22,(anonymous_1)
FN:35,(anonymous_2)
FN:42,(anonymous_3)
FN:53,(anonymous_4)
FNF:5
FNH:2
FNDA:2,(anonymous_0)
FNDA:0,(anonymous_1)
FNDA:0,(anonymous_2)
FNDA:0,(anonymous_3)
FNDA:1,(anonymous_4)
DA:1,1
DA:2,1
DA:3,1
DA:4,1
DA:5,1
DA:6,1
DA:7,1
DA:8,1
DA:9,1
DA:11,1
DA:12,1
DA:13,1
DA:14,1
DA:15,1
DA:16,1
DA:21,1
DA:22,2
DA:23,0
DA:25,1
DA:36,0
DA:43,0
DA:48,1
DA:49,1
DA:53,1
LF:24
LH:21
BRF:0
BRH:0
end_of_record
TN:
SF:/home/runner/work/graph-editor/graph-editor/src/components/ControlPanel.vue
FN:189,(anonymous_1)
FN:192,(anonymous_2)
FN:196,(anonymous_3)
FN:204,(anonymous_4)
FN:205,(anonymous_5)
FN:206,(anonymous_6)
FN:207,(anonymous_7)
FN:208,(anonymous_8)
FN:209,(anonymous_9)
FN:210,(anonymous_10)
FN:211,(anonymous_11)
FN:212,(anonymous_12)
FN:213,(anonymous_13)
FN:214,(anonymous_14)
FN:215,(anonymous_15)
FN:216,(anonymous_16)
FN:217,(anonymous_17)
FN:218,(anonymous_18)
FN:220,(anonymous_19)
FN:225,(anonymous_20)
FN:240,(anonymous_21)
FN:249,(anonymous_22)
FN:258,(anonymous_23)
FN:264,(anonymous_24)
FN:273,(anonymous_25)
FN:276,(anonymous_26)
FNF:26
FNH:10
FNDA:0,(anonymous_1)
FNDA:1,(anonymous_2)
FNDA:0,(anonymous_3)
FNDA:4,(anonymous_4)
FNDA:0,(anonymous_5)
FNDA:0,(anonymous_6)
FNDA:0,(anonymous_7)
FNDA:0,(anonymous_8)
FNDA:4,(anonymous_9)
FNDA:0,(anonymous_10)
FNDA:0,(anonymous_11)
FNDA:0,(anonymous_12)
FNDA:0,(anonymous_13)
FNDA:4,(anonymous_14)
FNDA:0,(anonymous_15)
FNDA:0,(anonymous_16)
FNDA:0,(anonymous_17)
FNDA:0,(anonymous_18)
FNDA:0,(anonymous_19)
FNDA:6,(anonymous_20)
FNDA:2,(anonymous_21)
FNDA:2,(anonymous_22)
FNDA:0,(anonymous_23)
FNDA:1,(anonymous_24)
FNDA:4,(anonymous_25)
FNDA:4,(anonymous_26)
DA:165,3
DA:166,3
DA:167,3
DA:168,3
DA:169,3
DA:170,3
DA:171,3
DA:172,3
DA:173,3
DA:174,3
DA:190,0
DA:193,1
DA:197,0
DA:204,4
DA:205,0
DA:206,0
DA:207,0
DA:208,0
DA:209,4
DA:210,0
DA:211,0
DA:212,0
DA:213,0
DA:214,4
DA:215,0
DA:216,0
DA:217,0
DA:218,0
DA:221,0
DA:226,6
DA:227,6
DA:228,6
DA:230,6
DA:241,2
DA:242,2
DA:243,2
DA:246,2
DA:250,2
DA:251,0
DA:253,2
DA:258,2
DA:259,0
DA:260,0
DA:262,2
DA:265,1
DA:266,0
DA:267,0
DA:269,1
DA:270,1
DA:274,4
DA:277,4
LF:51
LH:31
BRDA:227,0,0,6
BRDA:227,0,1,0
BRDA:231,1,0,0
BRDA:231,1,1,6
BRDA:232,2,0,1
BRDA:232,2,1,5
BRDA:241,3,0,2
BRDA:241,3,1,0
BRDA:250,4,0,0
BRDA:250,4,1,2
BRDA:265,5,0,0
BRDA:265,5,1,1
BRF:12
BRH:7
end_of_record
TN:
SF:/home/runner/work/graph-editor/graph-editor/src/components/EdgeConnector.vue
FN:63,(anonymous_1)
FN:85,(anonymous_2)
FN:86,(anonymous_3)
FN:87,(anonymous_4)
FN:88,(anonymous_5)
FN:89,(anonymous_6)
FN:90,(anonymous_7)
FN:91,(anonymous_8)
FN:92,(anonymous_9)
FN:93,(anonymous_10)
FN:94,(anonymous_11)
FN:95,(anonymous_12)
FN:96,(anonymous_13)
FN:97,(anonymous_14)
FN:98,(anonymous_15)
FN:99,(anonymous_16)
FN:101,(anonymous_17)
FN:104,(anonymous_18)
FN:105,(anonymous_19)
FN:107,(anonymous_20)
FN:108,(anonymous_21)
FN:110,(anonymous_22)
FN:111,(anonymous_23)
FN:113,(anonymous_24)
FN:116,(anonymous_25)
FN:117,(anonymous_26)
FN:127,(anonymous_27)
FN:128,(anonymous_28)
FN:131,(anonymous_29)
FN:141,(anonymous_30)
FN:147,(anonymous_31)
FN:155,(anonymous_32)
FN:166,(anonymous_33)
FN:170,(anonymous_34)
FN:184,(anonymous_35)
FN:191,(anonymous_36)
FN:198,(anonymous_37)
FN:204,(anonymous_38)
FN:210,(anonymous_39)
FN:218,(anonymous_40)
FN:223,(anonymous_41)
FN:228,(anonymous_42)
FN:233,(anonymous_43)
FN:247,(anonymous_44)
FN:248,(anonymous_45)
FN:254,(anonymous_46)
FN:257,(anonymous_47)
FNF:47
FNH:25
FNDA:2,(anonymous_1)
FNDA:2,(anonymous_2)
FNDA:2,(anonymous_3)
FNDA:0,(anonymous_4)
FNDA:2,(anonymous_5)
FNDA:2,(anonymous_6)
FNDA:0,(anonymous_7)
FNDA:2,(anonymous_8)
FNDA:2,(anonymous_9)
FNDA:2,(anonymous_10)
FNDA:2,(anonymous_11)
FNDA:2,(anonymous_12)
FNDA:2,(anonymous_13)
FNDA:2,(anonymous_14)
FNDA:2,(anonymous_15)
FNDA:2,(anonymous_16)
FNDA:0,(anonymous_17)
FNDA:0,(anonymous_18)
FNDA:0,(anonymous_19)
FNDA:0,(anonymous_20)
FNDA:0,(anonymous_21)
FNDA:0,(anonymous_22)
FNDA:0,(anonymous_23)
FNDA:2,(anonymous_24)
FNDA:2,(anonymous_25)
FNDA:2,(anonymous_26)
FNDA:2,(anonymous_27)
FNDA:4,(anonymous_28)
FNDA:2,(anonymous_29)
FNDA:2,(anonymous_30)
FNDA:0,(anonymous_31)
FNDA:2,(anonymous_32)
FNDA:0,(anonymous_33)
FNDA:0,(anonymous_34)
FNDA:0,(anonymous_35)
FNDA:0,(anonymous_36)
FNDA:0,(anonymous_37)
FNDA:0,(anonymous_38)
FNDA:0,(anonymous_39)
FNDA:0,(anonymous_40)
FNDA:0,(anonymous_41)
FNDA:0,(anonymous_42)
FNDA:0,(anonymous_43)
FNDA:3,(anonymous_44)
FNDA:3,(anonymous_45)
FNDA:0,(anonymous_46)
FNDA:2,(anonymous_47)
DA:52,4
DA:53,4
DA:54,4
DA:55,4
DA:64,2
DA:85,2
DA:86,2
DA:87,0
DA:88,2
DA:89,2
DA:90,0
DA:91,2
DA:92,2
DA:93,2
DA:94,2
DA:95,2
DA:96,2
DA:97,2
DA:98,2
DA:99,2
DA:102,0
DA:105,0
DA:108,0
DA:111,0
DA:114,2
DA:117,2
DA:118,2
DA:120,2
DA:121,2
DA:128,2
DA:129,4
DA:131,2
DA:132,2
DA:134,2
DA:135,2
DA:142,2
DA:143,2
DA:145,0
DA:148,0
DA:156,2
DA:167,0
DA:171,0
DA:172,0
DA:173,0
DA:174,0
DA:175,0
DA:177,0
DA:185,0
DA:186,0
DA:192,0
DA:193,0
DA:199,0
DA:205,0
DA:211,0
DA:212,0
DA:219,0
DA:224,0
DA:229,0
DA:234,0
DA:238,0
DA:239,0
DA:240,0
DA:248,3
DA:249,3
DA:250,3
DA:255,0
DA:258,2
DA:259,2
DA:263,2
DA:264,2
DA:265,2
LF:71
LH:40
BRDA:114,0,0,2
BRDA:114,0,1,0
BRDA:128,1,0,2
BRDA:128,1,1,0
BRDA:131,2,0,2
BRDA:131,2,1,0
BRDA:134,3,0,2
BRDA:134,3,1,0
BRDA:142,4,0,2
BRDA:142,4,1,0
BRDA:145,5,0,0
BRDA:145,5,1,0
BRDA:157,6,0,0
BRDA:157,6,1,2
BRDA:173,7,0,0
BRDA:173,7,1,0
BRDA:174,8,0,0
BRDA:174,8,1,0
BRDA:211,9,0,0
BRDA:211,9,1,0
BRDA:211,10,0,0
BRDA:211,10,1,0
BRDA:238,11,0,0
BRDA:238,11,1,0
BRF:24
BRH:6
end_of_record
TN:
SF:/home/runner/work/graph-editor/graph-editor/src/components/EdgeProperties.vue
FN:176,(anonymous_1)
FN:177,(anonymous_2)
FN:187,(anonymous_3)
FN:188,(anonymous_4)
FN:191,(anonymous_5)
FN:201,(anonymous_6)
FN:208,(anonymous_7)
FN:215,(anonymous_8)
FN:218,(anonymous_9)
FN:221,(anonymous_10)
FN:229,(anonymous_11)
FN:232,(anonymous_12)
FN:233,(anonymous_13)
FN:234,(anonymous_14)
FN:236,(anonymous_15)
FN:245,(anonymous_16)
FN:254,(anonymous_18)
FN:259,(anonymous_19)
FN:266,(anonymous_20)
FN:273,(anonymous_21)
FN:277,(anonymous_22)
FN:280,(anonymous_23)
FN:288,(anonymous_24)
FN:292,(anonymous_25)
FN:298,(anonymous_26)
FN:302,(anonymous_27)
FN:313,(anonymous_28)
FN:320,(anonymous_29)
FN:334,(anonymous_30)
FN:341,(anonymous_31)
FN:342,(anonymous_32)
FN:345,(anonymous_33)
FN:357,(anonymous_34)
FN:364,(anonymous_35)
FN:371,(anonymous_36)
FN:379,(anonymous_37)
FN:386,(anonymous_38)
FN:390,(anonymous_39)
FN:391,(anonymous_40)
FN:392,(anonymous_41)
FNF:40
FNH:34
FNDA:1,(anonymous_1)
FNDA:1,(anonymous_2)
FNDA:1,(anonymous_3)
FNDA:3,(anonymous_4)
FNDA:1,(anonymous_5)
FNDA:1,(anonymous_6)
FNDA:1,(anonymous_7)
FNDA:1,(anonymous_8)
FNDA:1,(anonymous_9)
FNDA:0,(anonymous_10)
FNDA:90,(anonymous_11)
FNDA:450,(anonymous_12)
FNDA:810,(anonymous_13)
FNDA:495,(anonymous_14)
FNDA:45,(anonymous_15)
FNDA:90,(anonymous_16)
FNDA:0,(anonymous_18)
FNDA:2,(anonymous_19)
FNDA:2,(anonymous_20)
FNDA:2,(anonymous_21)
FNDA:1,(anonymous_22)
FNDA:1,(anonymous_23)
FNDA:2,(anonymous_24)
FNDA:3,(anonymous_25)
FNDA:4,(anonymous_26)
FNDA:0,(anonymous_27)
FNDA:2,(anonymous_28)
FNDA:0,(anonymous_29)
FNDA:18,(anonymous_30)
FNDA:18,(anonymous_31)
FNDA:18,(anonymous_32)
FNDA:18,(anonymous_33)
FNDA:0,(anonymous_34)
FNDA:18,(anonymous_35)
FNDA:0,(anonymous_36)
FNDA:18,(anonymous_37)
FNDA:18,(anonymous_38)
FNDA:18,(anonymous_39)
FNDA:18,(anonymous_40)
FNDA:18,(anonymous_41)
DA:164,4
DA:165,4
DA:177,1
DA:178,1
DA:180,1
DA:181,1
DA:188,1
DA:189,3
DA:191,1
DA:192,1
DA:194,1
DA:195,1
DA:202,1
DA:209,1
DA:216,1
DA:219,1
DA:222,0
DA:230,90
DA:231,90
DA:232,45
DA:233,450
DA:234,810
DA:235,495
DA:237,45
DA:245,45
DA:246,45
DA:252,90
DA:255,0
DA:256,0
DA:260,2
DA:267,2
DA:275,2
DA:276,2
DA:277,2
DA:278,0
DA:280,2
DA:281,0
DA:283,2
DA:288,2
DA:289,2
DA:294,3
DA:295,3
DA:296,1
DA:297,10
DA:298,22
DA:299,18
DA:300,0
DA:301,0
DA:302,0
DA:303,0
DA:304,0
DA:305,0
DA:306,0
DA:308,0
DA:313,4
DA:314,2
DA:315,0
DA:317,2
DA:318,1
DA:319,1
DA:320,1
DA:321,0
DA:322,0
DA:323,0
DA:324,0
DA:326,1
DA:329,2
DA:335,18
DA:336,18
DA:337,0
DA:339,18
DA:342,36
DA:346,18
DA:358,0
DA:359,0
DA:365,18
DA:372,0
DA:373,0
DA:375,0
DA:376,0
DA:380,18
DA:381,18
DA:382,18
DA:387,18
DA:390,18
DA:391,18
DA:392,18
LF:87
LH:62
BRDA:191,0,0,1
BRDA:191,0,1,0
BRDA:194,1,0,1
BRDA:194,1,1,0
BRDA:231,2,0,45
BRDA:231,2,1,45
BRDA:235,3,0,495
BRDA:235,3,1,45
BRDA:255,4,0,0
BRDA:255,4,1,0
BRDA:260,5,0,1
BRDA:260,5,1,1
BRDA:267,6,0,1
BRDA:267,6,1,1
BRDA:276,7,0,1
BRDA:276,7,1,1
BRDA:277,8,0,0
BRDA:277,8,1,2
BRDA:277,9,0,2
BRDA:277,9,1,1
BRDA:280,10,0,0
BRDA:280,10,1,2
BRDA:280,11,0,2
BRDA:280,11,1,1
BRDA:283,12,0,1
BRDA:283,12,1,1
BRDA:295,13,0,1
BRDA:295,13,1,2
BRDA:298,14,0,4
BRDA:298,14,1,1
BRDA:299,15,0,0
BRDA:299,15,1,18
BRDA:314,16,0,0
BRDA:314,16,1,2
BRDA:317,17,0,1
BRDA:317,17,1,1
BRDA:317,18,0,2
BRDA:317,18,1,2
BRDA:329,19,0,1
BRDA:329,19,1,1
BRDA:336,20,0,0
BRDA:336,20,1,18
BRDA:358,21,0,0
BRDA:358,21,1,0
BRDA:372,22,0,0
BRDA:372,22,1,0
BRDA:380,23,0,18
BRDA:380,23,1,0
BRF:48
BRH:34
end_of_record
TN:
SF:/home/runner/work/graph-editor/graph-editor/src/components/EditorSettings.vue
FN:98,(anonymous_1)
FN:102,(anonymous_2)
FN:109,(anonymous_3)
FN:118,(anonymous_4)
FN:125,(anonymous_5)
FN:148,(anonymous_6)
FNF:6
FNH:3
FNDA:0,(anonymous_1)
FNDA:0,(anonymous_2)
FNDA:0,(anonymous_3)
FNDA:1,(anonymous_4)
FNDA:1,(anonymous_5)
FNDA:1,(anonymous_6)
DA:92,4
DA:93,4
DA:94,4
DA:99,0
DA:103,0
DA:110,0
DA:111,0
DA:119,1
DA:125,1
DA:149,1
LF:10
LH:6
BRF:0
BRH:0
end_of_record
TN:
SF:/home/runner/work/graph-editor/graph-editor/src/components/GraphCanvas.vue
FN:35,(anonymous_1)
FN:41,(anonymous_2)
FN:51,(anonymous_3)
FN:55,(anonymous_4)
FN:82,(anonymous_5)
FN:97,(anonymous_6)
FN:98,(anonymous_7)
FN:99,(anonymous_8)
FN:100,(anonymous_9)
FN:101,(anonymous_10)
FN:102,(anonymous_11)
FN:103,(anonymous_12)
FN:104,(anonymous_13)
FN:105,(anonymous_14)
FN:106,(anonymous_15)
FN:107,(anonymous_16)
FN:108,(anonymous_17)
FN:110,(anonymous_18)
FN:120,(anonymous_19)
FN:130,(anonymous_20)
FN:132,(anonymous_21)
FN:133,(anonymous_22)
FN:134,(anonymous_23)
FN:152,(anonymous_24)
FN:160,(anonymous_25)
FNF:25
FNH:20
FNDA:23,(anonymous_1)
FNDA:23,(anonymous_2)
FNDA:1,(anonymous_3)
FNDA:3,(anonymous_4)
FNDA:0,(anonymous_5)
FNDA:0,(anonymous_6)
FNDA:5,(anonymous_7)
FNDA:3,(anonymous_8)
FNDA:3,(anonymous_9)
FNDA:5,(anonymous_10)
FNDA:5,(anonymous_11)
FNDA:5,(anonymous_12)
FNDA:0,(anonymous_13)
FNDA:5,(anonymous_14)
FNDA:23,(anonymous_15)
FNDA:5,(anonymous_16)
FNDA:23,(anonymous_17)
FNDA:0,(anonymous_18)
FNDA:0,(anonymous_19)
FNDA:5,(anonymous_20)
FNDA:50,(anonymous_21)
FNDA:90,(anonymous_22)
FNDA:55,(anonymous_23)
FNDA:5,(anonymous_24)
FNDA:5,(anonymous_25)
DA:24,3
DA:25,3
DA:26,3
DA:27,3
DA:28,3
DA:36,23
DA:42,23
DA:43,23
DA:52,1
DA:53,1
DA:56,3
DA:57,3
DA:58,3
DA:59,2
DA:60,2
DA:61,1
DA:65,1
DA:67,1
DA:72,1
DA:73,1
DA:74,1
DA:84,0
DA:85,0
DA:86,0
DA:97,0
DA:98,5
DA:99,3
DA:100,3
DA:101,5
DA:102,5
DA:103,5
DA:104,0
DA:105,5
DA:106,23
DA:107,5
DA:108,23
DA:111,0
DA:121,0
DA:131,5
DA:132,5
DA:133,50
DA:134,90
DA:135,55
DA:143,5
DA:144,0
DA:150,5
DA:153,5
DA:154,0
DA:156,5
DA:161,5
LF:50
LH:41
BRDA:58,0,0,2
BRDA:58,0,1,1
BRDA:60,1,0,1
BRDA:60,1,1,1
BRDA:72,2,0,1
BRDA:72,2,1,0
BRDA:85,3,0,0
BRDA:85,3,1,0
BRDA:143,4,0,0
BRDA:143,4,1,5
BRDA:153,5,0,0
BRDA:153,5,1,5
BRDA:161,6,0,0
BRDA:161,6,1,5
BRF:14
BRH:8
end_of_record
TN:
SF:/home/runner/work/graph-editor/graph-editor/src/components/GraphEditor.vue
FN:196,(anonymous_1)
FN:198,(anonymous_2)
FN:202,(anonymous_3)
FN:206,(anonymous_4)
FN:217,(anonymous_5)
FN:223,(anonymous_6)
FN:229,(anonymous_7)
FN:230,(anonymous_8)
FN:231,(anonymous_9)
FN:232,(anonymous_10)
FN:233,(anonymous_11)
FN:234,(anonymous_12)
FN:235,(anonymous_13)
FN:236,(anonymous_14)
FN:237,(anonymous_15)
FN:238,(anonymous_16)
FN:239,(anonymous_17)
FN:240,(anonymous_18)
FN:241,(anonymous_19)
FN:242,(anonymous_20)
FN:243,(anonymous_21)
FN:244,(anonymous_22)
FN:245,(anonymous_23)
FN:246,(anonymous_24)
FN:247,(anonymous_25)
FN:248,(anonymous_26)
FN:249,(anonymous_27)
FN:250,(anonymous_28)
FN:251,(anonymous_29)
FN:252,(anonymous_30)
FN:253,(anonymous_31)
FN:254,(anonymous_32)
FN:256,(anonymous_33)
FN:295,(anonymous_34)
FN:301,(anonymous_35)
FN:312,(anonymous_36)
FN:318,(anonymous_37)
FN:324,(anonymous_38)
FN:331,(anonymous_39)
FN:337,(anonymous_40)
FN:352,(anonymous_41)
FN:363,(anonymous_42)
FN:372,(anonymous_43)
FN:389,(anonymous_44)
FN:411,(anonymous_45)
FN:417,(anonymous_46)
FN:430,(anonymous_47)
FN:457,(anonymous_48)
FN:459,(anonymous_49)
FN:461,(anonymous_50)
FN:462,(anonymous_51)
FN:464,(anonymous_52)
FN:469,(anonymous_53)
FN:476,(anonymous_54)
FN:484,(anonymous_55)
FN:491,(anonymous_56)
FN:499,(anonymous_57)
FN:502,(anonymous_58)
FN:522,(anonymous_59)
FN:539,(anonymous_60)
FN:545,(anonymous_61)
FN:552,(anonymous_62)
FN:553,(anonymous_63)
FN:577,(anonymous_64)
FNF:64
FNH:34
FNDA:0,(anonymous_1)
FNDA:0,(anonymous_2)
FNDA:0,(anonymous_3)
FNDA:0,(anonymous_4)
FNDA:0,(anonymous_5)
FNDA:0,(anonymous_6)
FNDA:1,(anonymous_7)
FNDA:18,(anonymous_8)
FNDA:18,(anonymous_9)
FNDA:0,(anonymous_10)
FNDA:18,(anonymous_11)
FNDA:0,(anonymous_12)
FNDA:18,(anonymous_13)
FNDA:8,(anonymous_14)
FNDA:0,(anonymous_15)
FNDA:0,(anonymous_16)
FNDA:0,(anonymous_17)
FNDA:0,(anonymous_18)
FNDA:0,(anonymous_19)
FNDA:0,(anonymous_20)
FNDA:0,(anonymous_21)
FNDA:0,(anonymous_22)
FNDA:18,(anonymous_23)
FNDA:0,(anonymous_24)
FNDA:0,(anonymous_25)
FNDA:0,(anonymous_26)
FNDA:18,(anonymous_27)
FNDA:18,(anonymous_28)
FNDA:18,(anonymous_29)
FNDA:18,(anonymous_30)
FNDA:5,(anonymous_31)
FNDA:18,(anonymous_32)
FNDA:18,(anonymous_33)
FNDA:1,(anonymous_34)
FNDA:1,(anonymous_35)
FNDA:1,(anonymous_36)
FNDA:1,(anonymous_37)
FNDA:0,(anonymous_38)
FNDA:1,(anonymous_39)
FNDA:8,(anonymous_40)
FNDA:0,(anonymous_41)
FNDA:0,(anonymous_42)
FNDA:1,(anonymous_43)
FNDA:0,(anonymous_44)
FNDA:1,(anonymous_45)
FNDA:1,(anonymous_46)
FNDA:1,(anonymous_47)
FNDA:1,(anonymous_48)
FNDA:1,(anonymous_49)
FNDA:1,(anonymous_50)
FNDA:1,(anonymous_51)
FNDA:1,(anonymous_52)
FNDA:1,(anonymous_53)
FNDA:0,(anonymous_54)
FNDA:0,(anonymous_55)
FNDA:0,(anonymous_56)
FNDA:0,(anonymous_57)
FNDA:0,(anonymous_58)
FNDA:0,(anonymous_59)
FNDA:1,(anonymous_60)
FNDA:1,(anonymous_61)
FNDA:18,(anonymous_62)
FNDA:0,(anonymous_63)
FNDA:18,(anonymous_64)
DA:181,2
DA:182,2
DA:183,2
DA:184,2
DA:197,0
DA:198,0
DA:199,0
DA:203,0
DA:207,0
DA:208,0
DA:209,0
DA:210,0
DA:212,0
DA:218,0
DA:219,0
DA:220,0
DA:224,0
DA:229,1
DA:230,18
DA:231,18
DA:232,0
DA:233,18
DA:234,0
DA:235,18
DA:236,8
DA:237,0
DA:238,0
DA:239,0
DA:240,0
DA:241,0
DA:242,0
DA:243,0
DA:244,0
DA:245,18
DA:246,0
DA:247,0
DA:248,0
DA:249,18
DA:250,18
DA:251,18
DA:252,18
DA:253,5
DA:254,18
DA:257,18
DA:258,18
DA:259,0
DA:260,18
DA:261,0
DA:262,18
DA:263,0
DA:265,18
DA:296,1
DA:302,1
DA:313,1
DA:319,1
DA:325,0
DA:332,1
DA:338,8
DA:339,8
DA:340,2
DA:341,3
DA:342,2
DA:344,1
DA:347,6
DA:353,0
DA:354,0
DA:356,0
DA:357,0
DA:364,0
DA:365,0
DA:367,0
DA:373,1
DA:374,0
DA:377,1
DA:378,0
DA:380,1
DA:390,0
DA:405,1
DA:406,1
DA:412,1
DA:418,1
DA:419,0
DA:424,1
DA:425,1
DA:432,1
DA:433,0
DA:435,1
DA:436,1
DA:437,1
DA:439,1
DA:440,1
DA:441,1
DA:442,1
DA:443,1
DA:444,1
DA:448,1
DA:449,1
DA:450,1
DA:455,1
DA:458,1
DA:459,2
DA:461,1
DA:462,1
DA:463,1
DA:464,1
DA:465,1
DA:466,1
DA:469,1
DA:470,1
DA:474,1
DA:477,0
DA:478,0
DA:480,0
DA:481,0
DA:482,0
DA:485,0
DA:486,0
DA:488,0
DA:489,0
DA:492,0
DA:493,0
DA:495,0
DA:496,0
DA:497,0
DA:500,0
DA:502,0
DA:503,0
DA:504,0
DA:506,0
DA:507,0
DA:509,0
DA:510,0
DA:512,0
DA:513,0
DA:515,0
DA:516,0
DA:517,0
DA:520,0
DA:523,0
DA:535,0
DA:537,0
DA:540,1
DA:541,0
DA:543,1
DA:546,1
DA:547,0
DA:549,1
DA:553,18
DA:554,0
DA:556,18
DA:557,18
DA:558,18
DA:559,18
DA:560,18
DA:561,18
DA:562,18
DA:563,18
DA:564,18
DA:565,18
DA:566,18
DA:567,18
DA:568,18
DA:570,18
DA:573,18
DA:574,18
DA:575,18
DA:578,18
LF:167
LH:91
BRDA:207,0,0,0
BRDA:207,0,1,0
BRDA:208,1,0,0
BRDA:208,1,1,0
BRDA:208,2,0,0
BRDA:208,2,1,0
BRDA:219,3,0,0
BRDA:219,3,1,0
BRDA:258,4,0,0
BRDA:258,4,1,18
BRDA:258,5,0,18
BRDA:258,5,1,0
BRDA:258,5,2,18
BRDA:260,6,0,0
BRDA:260,6,1,18
BRDA:262,7,0,0
BRDA:262,7,1,18
BRDA:266,8,0,0
BRDA:266,8,1,18
BRDA:339,9,0,2
BRDA:339,9,1,6
BRDA:341,10,0,2
BRDA:341,10,1,1
BRDA:347,11,0,6
BRDA:347,11,1,3
BRDA:347,12,0,3
BRDA:347,12,1,0
BRDA:347,12,2,3
BRDA:347,12,3,0
BRDA:347,12,4,3
BRDA:347,12,5,0
BRDA:353,13,0,0
BRDA:353,13,1,0
BRDA:364,14,0,0
BRDA:364,14,1,0
BRDA:373,15,0,0
BRDA:373,15,1,1
BRDA:373,16,0,1
BRDA:373,16,1,1
BRDA:377,17,0,0
BRDA:377,17,1,1
BRDA:418,18,0,0
BRDA:418,18,1,1
BRDA:432,19,0,0
BRDA:432,19,1,1
BRDA:432,20,0,1
BRDA:432,20,1,1
BRDA:437,21,0,1
BRDA:437,21,1,0
BRDA:442,22,0,1
BRDA:442,22,1,0
BRDA:465,23,0,1
BRDA:465,23,1,0
BRDA:477,24,0,0
BRDA:477,24,1,0
BRDA:477,25,0,0
BRDA:477,25,1,0
BRDA:485,26,0,0
BRDA:485,26,1,0
BRDA:485,27,0,0
BRDA:485,27,1,0
BRDA:492,28,0,0
BRDA:492,28,1,0
BRDA:492,29,0,0
BRDA:492,29,1,0
BRDA:512,30,0,0
BRDA:512,30,1,0
BRDA:516,31,0,0
BRDA:516,31,1,0
BRDA:523,32,0,0
BRDA:523,32,1,0
BRDA:523,33,0,0
BRDA:523,33,1,0
BRDA:523,33,2,0
BRDA:523,33,3,0
BRDA:523,33,4,0
BRDA:523,33,5,0
BRDA:523,33,6,0
BRDA:523,33,7,0
BRDA:523,33,8,0
BRDA:523,33,9,0
BRDA:540,34,0,0
BRDA:540,34,1,1
BRDA:546,35,0,0
BRDA:546,35,1,1
BRDA:567,36,0,18
BRDA:567,36,1,0
BRF:87
BRH:29
end_of_record
TN:
SF:/home/runner/work/graph-editor/graph-editor/src/components/GraphLog.vue
FN:139,(anonymous_1)
FN:149,(anonymous_2)
FN:150,(anonymous_3)
FN:151,(anonymous_4)
FN:153,(anonymous_5)
FN:154,(anonymous_6)
FN:155,(anonymous_7)
FNF:7
FNH:7
FNDA:1,(anonymous_1)
FNDA:1,(anonymous_2)
FNDA:1,(anonymous_3)
FNDA:1,(anonymous_4)
FNDA:1,(anonymous_5)
FNDA:7,(anonymous_6)
FNDA:21,(anonymous_7)
DA:136,4
DA:140,1
DA:149,1
DA:150,1
DA:151,1
DA:154,1
DA:155,7
DA:156,21
LF:8
LH:8
BRF:0
BRH:0
end_of_record
TN:
SF:/home/runner/work/graph-editor/graph-editor/src/components/GraphManager.vue
FN:237,(anonymous_1)
FN:241,(anonymous_2)
FN:251,(anonymous_3)
FN:257,(anonymous_4)
FN:260,(anonymous_5)
FN:263,(anonymous_6)
FN:267,(anonymous_7)
FN:289,(anonymous_8)
FN:295,(anonymous_9)
FN:300,(anonymous_10)
FN:309,(anonymous_11)
FN:310,(anonymous_12)
FN:311,(anonymous_13)
FN:312,(anonymous_14)
FN:313,(anonymous_15)
FN:315,(anonymous_16)
FN:318,(anonymous_17)
FN:319,(anonymous_18)
FN:321,(anonymous_19)
FN:322,(anonymous_20)
FN:324,(anonymous_21)
FN:329,(anonymous_22)
FNF:22
FNH:17
FNDA:1,(anonymous_1)
FNDA:2,(anonymous_2)
FNDA:1,(anonymous_3)
FNDA:1,(anonymous_4)
FNDA:1,(anonymous_5)
FNDA:1,(anonymous_6)
FNDA:6,(anonymous_7)
FNDA:0,(anonymous_8)
FNDA:6,(anonymous_9)
FNDA:0,(anonymous_10)
FNDA:1,(anonymous_11)
FNDA:12,(anonymous_12)
FNDA:6,(anonymous_13)
FNDA:6,(anonymous_14)
FNDA:0,(anonymous_15)
FNDA:1,(anonymous_16)
FNDA:0,(anonymous_17)
FNDA:0,(anonymous_18)
FNDA:12,(anonymous_19)
FNDA:66,(anonymous_20)
FNDA:66,(anonymous_21)
FNDA:6,(anonymous_22)
DA:225,2
DA:238,1
DA:239,1
DA:242,2
DA:243,2
DA:244,2
DA:245,1
DA:246,1
DA:248,1
DA:252,1
DA:258,2
DA:261,2
DA:264,1
DA:267,6
DA:290,0
DA:296,6
DA:301,0
DA:302,0
DA:303,0
DA:309,1
DA:310,12
DA:311,6
DA:312,6
DA:313,0
DA:316,1
DA:319,0
DA:322,12
DA:323,66
DA:325,66
DA:330,6
DA:331,6
DA:332,6
DA:333,6
LF:33
LH:27
BRDA:244,0,0,1
BRDA:244,0,1,1
BRDA:258,1,0,1
BRDA:258,1,1,0
BRDA:261,2,0,1
BRDA:261,2,1,0
BRDA:302,3,0,0
BRDA:302,3,1,0
BRF:8
BRH:4
end_of_record
TN:
SF:/home/runner/work/graph-editor/graph-editor/src/components/GraphProperties.vue
FN:146,(anonymous_1)
FN:148,(anonymous_2)
FN:158,(anonymous_3)
FN:166,(anonymous_4)
FN:173,(anonymous_5)
FN:190,(anonymous_6)
FN:195,(anonymous_7)
FN:196,(anonymous_8)
FN:197,(anonymous_9)
FN:210,(anonymous_10)
FN:211,(anonymous_11)
FNF:11
FNH:10
FNDA:4996,(anonymous_1)
FNDA:78766,(anonymous_2)
FNDA:1,(anonymous_3)
FNDA:0,(anonymous_4)
FNDA:1,(anonymous_5)
FNDA:1,(anonymous_6)
FNDA:10,(anonymous_7)
FNDA:20,(anonymous_8)
FNDA:36,(anonymous_9)
FNDA:1,(anonymous_10)
FNDA:1,(anonymous_11)
DA:133,4
DA:134,4
DA:135,4
DA:147,4996
DA:148,4996
DA:149,78766
DA:150,11551
DA:151,11551
DA:153,67215
DA:155,4996
DA:159,1
DA:167,0
DA:174,1
DA:191,1
DA:195,1
DA:196,10
DA:197,20
DA:198,36
DA:199,0
DA:207,1
DA:210,1
DA:211,1
LF:22
LH:20
BRDA:149,0,0,11551
BRDA:149,0,1,67215
BRDA:198,1,0,0
BRDA:198,1,1,36
BRDA:198,2,0,36
BRDA:198,2,1,0
BRF:6
BRH:4
end_of_record
TN:
SF:/home/runner/work/graph-editor/graph-editor/src/components/GraphVector.vue
FN:92,(anonymous_1)
FN:105,(anonymous_2)
FN:110,(anonymous_3)
FN:116,(anonymous_4)
FN:128,(anonymous_5)
FN:147,(anonymous_6)
FN:152,(anonymous_7)
FN:168,(anonymous_8)
FN:174,(anonymous_9)
FN:177,(anonymous_10)
FN:183,(anonymous_11)
FN:215,(anonymous_12)
FN:222,(anonymous_13)
FN:231,(anonymous_14)
FN:244,(anonymous_15)
FN:247,(anonymous_16)
FN:250,(anonymous_17)
FN:260,(anonymous_18)
FN:265,(anonymous_19)
FN:324,(anonymous_20)
FN:332,(anonymous_21)
FN:352,(anonymous_22)
FN:353,(anonymous_23)
FN:354,(anonymous_24)
FN:355,(anonymous_25)
FN:356,(anonymous_26)
FN:357,(anonymous_27)
FN:358,(anonymous_28)
FN:359,(anonymous_29)
FN:360,(anonymous_30)
FN:362,(anonymous_31)
FN:366,(anonymous_32)
FN:372,(anonymous_33)
FN:375,(anonymous_34)
FN:378,(anonymous_35)
FN:381,(anonymous_36)
FN:383,(anonymous_37)
FNF:37
FNH:20
FNDA:12,(anonymous_1)
FNDA:0,(anonymous_2)
FNDA:0,(anonymous_3)
FNDA:2,(anonymous_4)
FNDA:10,(anonymous_5)
FNDA:10,(anonymous_6)
FNDA:3,(anonymous_7)
FNDA:0,(anonymous_8)
FNDA:0,(anonymous_9)
FNDA:21,(anonymous_10)
FNDA:17,(anonymous_11)
FNDA:1,(anonymous_12)
FNDA:7,(anonymous_13)
FNDA:7,(anonymous_14)
FNDA:1,(anonymous_15)
FNDA:1,(anonymous_16)
FNDA:19,(anonymous_17)
FNDA:18,(anonymous_18)
FNDA:83,(anonymous_19)
FNDA:330,(anonymous_20)
FNDA:0,(anonymous_21)
FNDA:0,(anonymous_22)
FNDA:2,(anonymous_23)
FNDA:0,(anonymous_24)
FNDA:0,(anonymous_25)
FNDA:10,(anonymous_26)
FNDA:10,(anonymous_27)
FNDA:0,(anonymous_28)
FNDA:0,(anonymous_29)
FNDA:0,(anonymous_30)
FNDA:12,(anonymous_31)
FNDA:0,(anonymous_32)
FNDA:0,(anonymous_33)
FNDA:0,(anonymous_34)
FNDA:0,(anonymous_35)
FNDA:0,(anonymous_36)
FNDA:0,(anonymous_37)
DA:74,4
DA:75,4
DA:76,4
DA:77,4
DA:78,4
DA:79,4
DA:80,4
DA:81,4
DA:82,4
DA:83,4
DA:93,12
DA:94,12
DA:95,12
DA:96,2
DA:106,0
DA:111,0
DA:117,2
DA:118,2
DA:119,2
DA:120,2
DA:122,2
DA:129,10
DA:148,10
DA:149,10
DA:150,10
DA:151,10
DA:152,10
DA:153,3
DA:155,10
DA:169,0
DA:175,0
DA:178,21
DA:179,9
DA:181,12
DA:184,17
DA:186,8
DA:187,0
DA:188,0
DA:189,0
DA:191,0
DA:194,8
DA:196,8
DA:200,8
DA:201,8
DA:202,1
DA:204,7
DA:207,9
DA:211,9
DA:212,9
DA:217,1
DA:218,7
DA:220,1
DA:221,1
DA:222,1
DA:223,7
DA:224,1
DA:225,1
DA:228,1
DA:229,1
DA:232,7
DA:233,7
DA:234,7
DA:235,7
DA:236,7
DA:237,7
DA:238,7
DA:239,7
DA:240,7
DA:241,7
DA:242,7
DA:245,1
DA:248,1
DA:251,19
DA:252,2
DA:254,19
DA:255,1
DA:260,18
DA:261,18
DA:265,18
DA:266,83
DA:267,16
DA:268,0
DA:270,0
DA:272,16
DA:274,83
DA:275,17
DA:276,0
DA:278,0
DA:280,17
DA:282,83
DA:283,9
DA:284,0
DA:286,0
DA:288,9
DA:293,18
DA:297,18
DA:298,18
DA:299,18
DA:300,2
DA:304,18
DA:308,18
DA:313,18
DA:314,18
DA:315,18
DA:316,18
DA:317,18
DA:318,18
DA:319,18
DA:320,18
DA:322,0
DA:324,18
DA:325,330
DA:326,0
DA:328,0
DA:329,0
DA:331,0
DA:332,0
DA:333,0
DA:334,0
DA:337,0
DA:338,0
DA:339,0
DA:341,0
DA:343,330
DA:345,18
DA:347,18
DA:352,0
DA:353,2
DA:354,0
DA:355,0
DA:356,10
DA:357,10
DA:358,0
DA:359,0
DA:360,0
DA:363,12
DA:364,12
DA:367,0
DA:368,0
DA:370,0
DA:373,0
DA:376,0
DA:379,0
DA:382,0
DA:383,0
DA:384,0
DA:385,0
DA:386,0
DA:387,0
DA:388,0
DA:389,0
DA:390,0
DA:391,0
DA:392,0
DA:393,0
DA:395,0
DA:396,0
DA:397,0
DA:405,0
DA:409,0
LF:160
LH:105
BRDA:95,0,0,2
BRDA:95,0,1,10
BRDA:120,1,0,2
BRDA:120,1,1,0
BRDA:178,2,0,9
BRDA:178,2,1,12
BRDA:184,3,0,8
BRDA:184,3,1,9
BRDA:186,4,0,0
BRDA:186,4,1,8
BRDA:201,5,0,1
BRDA:201,5,1,7
BRDA:223,6,0,1
BRDA:223,6,1,6
BRDA:224,7,0,1
BRDA:224,7,1,1
BRDA:225,8,0,1
BRDA:225,8,1,1
BRDA:251,9,0,2
BRDA:251,9,1,17
BRDA:254,10,0,1
BRDA:254,10,1,18
BRDA:261,11,0,0
BRDA:261,11,1,18
BRDA:266,12,0,16
BRDA:266,12,1,67
BRDA:267,13,0,0
BRDA:267,13,1,16
BRDA:274,14,0,17
BRDA:274,14,1,66
BRDA:275,15,0,0
BRDA:275,15,1,17
BRDA:282,16,0,9
BRDA:282,16,1,74
BRDA:283,17,0,0
BRDA:283,17,1,9
BRDA:299,18,0,2
BRDA:299,18,1,16
BRDA:325,19,0,0
BRDA:325,19,1,330
BRDA:328,20,0,0
BRDA:328,20,1,0
BRDA:333,21,0,0
BRDA:333,21,1,0
BRDA:337,22,0,0
BRDA:337,22,1,0
BRDA:363,23,0,12
BRDA:363,23,1,8
BRDA:367,24,0,0
BRDA:367,24,1,0
BRDA:367,25,0,0
BRDA:367,25,1,0
BRDA:373,26,0,0
BRDA:373,26,1,0
BRDA:382,27,0,0
BRDA:382,27,1,0
BRDA:384,28,0,0
BRDA:384,28,1,0
BRDA:386,29,0,0
BRDA:386,29,1,0
BRDA:388,30,0,0
BRDA:388,30,1,0
BRDA:390,31,0,0
BRDA:390,31,1,0
BRDA:392,32,0,0
BRDA:392,32,1,0
BRDA:395,33,0,0
BRDA:395,33,1,0
BRDA:396,34,0,0
BRDA:396,34,1,0
BRF:70
BRH:35
end_of_record
TN:
SF:/home/runner/work/graph-editor/graph-editor/src/components/HelpOverlay.vue
FN:32,(anonymous_1)
FN:35,(anonymous_2)
FN:39,(anonymous_3)
FN:48,(anonymous_4)
FN:60,(anonymous_5)
FN:61,(anonymous_6)
FN:62,(anonymous_7)
FN:63,(anonymous_8)
FN:65,(anonymous_9)
FN:68,(anonymous_10)
FN:74,(anonymous_11)
FN:80,(anonymous_12)
FN:82,(anonymous_13)
FN:84,(anonymous_14)
FN:85,(anonymous_15)
FN:90,(anonymous_16)
FN:91,(anonymous_17)
FN:96,(anonymous_18)
FN:97,(anonymous_19)
FN:110,(anonymous_20)
FN:113,(anonymous_21)
FN:122,(anonymous_22)
FN:129,(anonymous_23)
FN:133,(anonymous_24)
FN:137,(anonymous_25)
FN:138,(anonymous_26)
FNF:26
FNH:21
FNDA:0,(anonymous_1)
FNDA:4,(anonymous_2)
FNDA:4,(anonymous_3)
FNDA:4,(anonymous_4)
FNDA:4,(anonymous_5)
FNDA:6,(anonymous_6)
FNDA:4,(anonymous_7)
FNDA:0,(anonymous_8)
FNDA:2,(anonymous_9)
FNDA:3,(anonymous_10)
FNDA:3,(anonymous_11)
FNDA:4,(anonymous_12)
FNDA:4,(anonymous_13)
FNDA:2,(anonymous_14)
FNDA:5,(anonymous_15)
FNDA:2,(anonymous_16)
FNDA:3,(anonymous_17)
FNDA:2,(anonymous_18)
FNDA:3,(anonymous_19)
FNDA:0,(anonymous_20)
FNDA:1,(anonymous_21)
FNDA:0,(anonymous_22)
FNDA:0,(anonymous_23)
FNDA:1,(anonymous_24)
FNDA:6,(anonymous_25)
FNDA:6,(anonymous_26)
DA:27,3
DA:28,3
DA:33,0
DA:36,4
DA:37,4
DA:38,4
DA:39,4
DA:40,4
DA:41,0
DA:44,4
DA:45,0
DA:49,4
DA:60,4
DA:61,6
DA:62,4
DA:63,0
DA:66,2
DA:69,3
DA:70,2
DA:72,1
DA:75,3
DA:76,2
DA:78,1
DA:81,4
DA:82,8
DA:85,2
DA:86,5
DA:87,5
DA:91,2
DA:92,3
DA:93,3
DA:97,2
DA:98,3
DA:99,3
DA:111,0
DA:114,1
DA:115,0
DA:117,1
DA:118,0
DA:123,0
DA:130,0
DA:131,0
DA:134,1
DA:135,1
DA:138,6
DA:139,6
DA:140,2
DA:141,2
DA:142,2
DA:143,2
DA:144,2
DA:145,2
DA:146,2
DA:147,2
DA:148,2
DA:149,2
DA:150,2
DA:151,2
DA:152,2
DA:153,2
DA:154,2
LF:61
LH:51
BRDA:40,0,0,0
BRDA:40,0,1,4
BRDA:44,1,0,0
BRDA:44,1,1,4
BRDA:69,2,0,2
BRDA:69,2,1,1
BRDA:72,3,0,1
BRDA:72,3,1,0
BRDA:75,4,0,2
BRDA:75,4,1,1
BRDA:114,5,0,0
BRDA:114,5,1,1
BRDA:117,6,0,0
BRDA:117,6,1,1
BRDA:139,7,0,2
BRDA:139,7,1,4
BRF:16
BRH:11
end_of_record
TN:
SF:/home/runner/work/graph-editor/graph-editor/src/components/HistoryPanel.vue
FN:32,(anonymous_1)
FN:44,(anonymous_2)
FN:77,(anonymous_3)
FN:86,(anonymous_4)
FN:87,(anonymous_5)
FNF:5
FNH:5
FNDA:11,(anonymous_1)
FNDA:11,(anonymous_2)
FNDA:3,(anonymous_3)
FNDA:2,(anonymous_4)
FNDA:3,(anonymous_5)
DA:28,4
DA:33,11
DA:34,11
DA:35,0
DA:36,11
DA:37,0
DA:39,11
DA:45,11
DA:78,3
DA:86,2
DA:87,3
LF:11
LH:9
BRDA:34,0,0,0
BRDA:34,0,1,11
BRDA:36,1,0,0
BRDA:36,1,1,11
BRDA:45,2,0,11
BRDA:45,2,1,2
BRF:6
BRH:4
end_of_record
TN:
SF:/home/runner/work/graph-editor/graph-editor/src/components/ImportPanel.vue
FN:37,(anonymous_1)
FN:45,(anonymous_2)
FN:52,(anonymous_3)
FN:61,(anonymous_4)
FN:64,(anonymous_5)
FNF:5
FNH:4
FNDA:3,(anonymous_1)
FNDA:0,(anonymous_2)
FNDA:3,(anonymous_3)
FNDA:3,(anonymous_4)
FNDA:3,(anonymous_5)
DA:31,4
DA:32,4
DA:33,4
DA:38,3
DA:46,0
DA:53,3
DA:61,3
DA:65,3
LF:8
LH:7
BRF:0
BRH:0
end_of_record
TN:
SF:/home/runner/work/graph-editor/graph-editor/src/components/ImportPanelList.vue
FN:77,(anonymous_1)
FN:87,(anonymous_2)
FN:91,(anonymous_3)
FN:100,(anonymous_4)
FN:101,(anonymous_5)
FN:103,(anonymous_6)
FN:109,(anonymous_7)
FN:112,(anonymous_8)
FN:114,(anonymous_9)
FN:121,(anonymous_10)
FNF:10
FNH:9
FNDA:5,(anonymous_1)
FNDA:1,(anonymous_2)
FNDA:0,(anonymous_3)
FNDA:5,(anonymous_4)
FNDA:132,(anonymous_5)
FNDA:1452,(anonymous_6)
FNDA:5,(anonymous_7)
FNDA:55,(anonymous_8)
FNDA:55,(anonymous_9)
FNDA:55,(anonymous_10)
DA:71,5
DA:78,5
DA:88,1
DA:89,1
DA:92,0
DA:101,5
DA:102,132
DA:103,132
DA:104,1452
DA:110,5
DA:111,5
DA:112,5
DA:113,55
DA:115,55
DA:116,55
DA:117,55
DA:121,60
LF:17
LH:16
BRDA:92,0,0,0
BRDA:92,0,1,0
BRDA:104,1,0,1452
BRDA:104,1,1,1452
BRDA:104,1,2,132
BRDA:104,1,3,0
BRDA:104,1,4,0
BRDA:113,2,0,55
BRDA:113,2,1,0
BRDA:113,2,2,0
BRDA:115,3,0,55
BRDA:115,3,1,0
BRDA:116,4,0,55
BRDA:116,4,1,0
BRDA:116,5,0,55
BRDA:116,5,1,0
BRF:16
BRH:7
end_of_record
TN:
SF:/home/runner/work/graph-editor/graph-editor/src/components/ImportPanelRegistry.vue
FN:72,(anonymous_1)
FN:81,(anonymous_2)
FN:87,(anonymous_3)
FN:97,(anonymous_4)
FN:98,(anonymous_5)
FN:101,(anonymous_6)
FN:103,(anonymous_7)
FN:112,(anonymous_8)
FN:115,(anonymous_9)
FN:119,(anonymous_10)
FN:129,(anonymous_11)
FN:130,(anonymous_12)
FN:132,(anonymous_13)
FN:133,(anonymous_14)
FN:137,(anonymous_15)
FN:140,(anonymous_16)
FN:144,(anonymous_17)
FNF:17
FNH:14
FNDA:5,(anonymous_1)
FNDA:4,(anonymous_2)
FNDA:5,(anonymous_3)
FNDA:1,(anonymous_4)
FNDA:6,(anonymous_5)
FNDA:1,(anonymous_6)
FNDA:6,(anonymous_7)
FNDA:5,(anonymous_8)
FNDA:1,(anonymous_9)
FNDA:0,(anonymous_10)
FNDA:5,(anonymous_11)
FNDA:9,(anonymous_12)
FNDA:0,(anonymous_13)
FNDA:0,(anonymous_14)
FNDA:5,(anonymous_15)
FNDA:9,(anonymous_16)
FNDA:16,(anonymous_17)
DA:69,5
DA:73,5
DA:82,4
DA:88,5
DA:98,7
DA:99,1
DA:102,1
DA:103,1
DA:104,6
DA:105,5
DA:106,5
DA:108,1
DA:109,1
DA:112,6
DA:113,1
DA:116,1
DA:117,1
DA:120,0
DA:129,5
DA:130,9
DA:133,0
DA:134,0
DA:138,5
DA:141,9
DA:142,5
DA:144,20
DA:147,4
DA:148,4
DA:150,0
LF:29
LH:25
BRDA:104,0,0,5
BRDA:104,0,1,1
BRDA:108,1,0,1
BRDA:108,1,1,0
BRDA:120,2,0,0
BRDA:120,2,1,0
BRDA:141,3,0,5
BRDA:141,3,1,4
BRDA:147,4,0,4
BRDA:147,4,1,0
BRDA:147,5,0,4
BRDA:147,5,1,4
BRDA:147,5,2,0
BRF:13
BRH:8
end_of_record
TN:
SF:/home/runner/work/graph-editor/graph-editor/src/components/SetEditor.vue
FN:58,(anonymous_1)
FN:66,(anonymous_2)
FN:71,(anonymous_3)
FN:75,(anonymous_4)
FN:81,(anonymous_5)
FN:88,(anonymous_6)
FN:92,(anonymous_7)
FN:104,(anonymous_8)
FN:113,(anonymous_9)
FN:114,(anonymous_10)
FNF:10
FNH:9
FNDA:4,(anonymous_1)
FNDA:3,(anonymous_2)
FNDA:4,(anonymous_3)
FNDA:1,(anonymous_4)
FNDA:2,(anonymous_5)
FNDA:0,(anonymous_6)
FNDA:9,(anonymous_7)
FNDA:3,(anonymous_8)
FNDA:3,(anonymous_9)
FNDA:7,(anonymous_10)
DA:50,4
DA:51,4
DA:59,4
DA:67,3
DA:72,4
DA:76,1
DA:77,1
DA:78,1
DA:82,2
DA:87,2
DA:88,2
DA:89,0
DA:93,9
DA:94,5
DA:96,4
DA:97,4
DA:98,0
DA:100,4
DA:101,4
DA:105,3
DA:106,3
DA:107,3
DA:108,3
DA:113,3
DA:114,7
LF:25
LH:23
BRDA:76,0,0,1
BRDA:76,0,1,0
BRDA:76,1,0,1
BRDA:76,1,1,1
BRDA:76,1,2,0
BRDA:93,2,0,5
BRDA:93,2,1,4
BRDA:97,3,0,0
BRDA:97,3,1,4
BRDA:100,4,0,4
BRDA:100,4,1,0
BRF:11
BRH:7
end_of_record
TN:
SF:/home/runner/work/graph-editor/graph-editor/src/components/TemplateEditor.vue
FN:57,(anonymous_1)
FN:65,(anonymous_2)
FN:70,(anonymous_3)
FN:74,(anonymous_4)
FN:80,(anonymous_5)
FN:87,(anonymous_6)
FN:91,(anonymous_7)
FN:103,(anonymous_8)
FN:104,(anonymous_9)
FN:115,(anonymous_10)
FN:116,(anonymous_11)
FNF:11
FNH:9
FNDA:4,(anonymous_1)
FNDA:3,(anonymous_2)
FNDA:4,(anonymous_3)
FNDA:1,(anonymous_4)
FNDA:2,(anonymous_5)
FNDA:0,(anonymous_6)
FNDA:9,(anonymous_7)
FNDA:3,(anonymous_8)
FNDA:0,(anonymous_9)
FNDA:3,(anonymous_10)
FNDA:7,(anonymous_11)
DA:49,4
DA:50,4
DA:58,4
DA:66,3
DA:71,4
DA:75,1
DA:76,1
DA:77,1
DA:81,2
DA:86,2
DA:87,2
DA:88,0
DA:92,9
DA:93,5
DA:95,4
DA:96,4
DA:97,0
DA:99,4
DA:100,4
DA:104,3
DA:105,0
DA:107,0
DA:108,0
DA:109,0
DA:110,0
DA:115,3
DA:116,7
LF:27
LH:20
BRDA:75,0,0,1
BRDA:75,0,1,0
BRDA:75,1,0,1
BRDA:75,1,1,1
BRDA:75,1,2,0
BRDA:92,2,0,5
BRDA:92,2,1,4
BRDA:96,3,0,0
BRDA:96,3,1,4
BRDA:99,4,0,4
BRDA:99,4,1,0
BRF:11
BRH:7
end_of_record
TN:
SF:/home/runner/work/graph-editor/graph-editor/src/components/VectorField.vue
FN:32,(anonymous_1)
FN:33,(anonymous_2)
FN:34,(anonymous_3)
FN:35,(anonymous_4)
FN:37,(anonymous_5)
FN:42,(anonymous_6)
FN:48,(anonymous_7)
FN:53,(anonymous_8)
FN:54,(anonymous_9)
FN:60,(anonymous_10)
FN:63,(anonymous_11)
FNF:11
FNH:10
FNDA:2,(anonymous_1)
FNDA:2,(anonymous_2)
FNDA:2,(anonymous_3)
FNDA:2,(anonymous_4)
FNDA:2,(anonymous_5)
FNDA:2,(anonymous_6)
FNDA:0,(anonymous_7)
FNDA:1,(anonymous_8)
FNDA:1,(anonymous_9)
FNDA:1,(anonymous_10)
FNDA:1,(anonymous_11)
DA:26,5
DA:27,5
DA:32,2
DA:33,2
DA:34,2
DA:35,2
DA:38,2
DA:43,2
DA:49,0
DA:54,1
DA:55,1
DA:61,1
DA:64,1
LF:13
LH:12
BRDA:38,0,0,2
BRDA:38,0,1,0
BRDA:38,0,2,0
BRDA:38,0,3,0
BRDA:44,1,0,2
BRDA:44,1,1,0
BRDA:45,2,0,0
BRDA:45,2,1,2
BRDA:50,3,0,0
BRDA:50,3,1,0
BRF:10
BRH:3
end_of_record
TN:
SF:/home/runner/work/graph-editor/graph-editor/src/components/VectorProperties.vue
FN:164,(anonymous_1)
FN:166,(anonymous_2)
FN:175,(anonymous_3)
FN:178,(anonymous_4)
FN:182,(anonymous_5)
FN:190,(anonymous_6)
FN:199,(anonymous_7)
FN:208,(anonymous_8)
FN:215,(anonymous_9)
FN:223,(anonymous_10)
FN:224,(anonymous_11)
FN:225,(anonymous_12)
FN:226,(anonymous_13)
FN:227,(anonymous_14)
FN:229,(anonymous_15)
FNF:15
FNH:12
FNDA:14988,(anonymous_1)
FNDA:236298,(anonymous_2)
FNDA:1,(anonymous_3)
FNDA:0,(anonymous_4)
FNDA:3,(anonymous_5)
FNDA:5,(anonymous_6)
FNDA:5,(anonymous_7)
FNDA:2,(anonymous_8)
FNDA:3,(anonymous_9)
FNDA:3,(anonymous_10)
FNDA:3,(anonymous_11)
FNDA:5,(anonymous_12)
FNDA:0,(anonymous_13)
FNDA:0,(anonymous_14)
FNDA:3,(anonymous_15)
DA:155,4
DA:156,4
DA:165,14988
DA:166,14988
DA:167,236298
DA:168,34653
DA:169,34653
DA:171,201645
DA:173,14988
DA:176,1
DA:179,0
DA:183,3
DA:191,5
DA:200,5
DA:209,2
DA:210,0
DA:212,2
DA:216,3
DA:217,3
DA:219,0
DA:223,3
DA:224,3
DA:225,5
DA:226,0
DA:227,0
DA:230,3
LF:26
LH:21
BRDA:167,0,0,34653
BRDA:167,0,1,201645
BRDA:209,1,0,0
BRDA:209,1,1,2
BRDA:216,2,0,3
BRDA:216,2,1,0
BRF:6
BRH:4
end_of_record
TN:
SF:/home/runner/work/graph-editor/graph-editor/src/components/bezier.ts
FN:3,bezierDraw
FN:5,getColor
FN:9,(anonymous_2)
FN:15,(anonymous_3)
FN:18,(anonymous_4)
FN:24,drawCurve
FN:36,arc
FN:43,draw
FNF:8
FNH:5
FNDA:4,bezierDraw
FNDA:7,getColor
FNDA:0,(anonymous_2)
FNDA:0,(anonymous_3)
FNDA:0,(anonymous_4)
FNDA:1,drawCurve
FNDA:3,arc
FNDA:4,draw
DA:1,5
DA:2,5
DA:4,4
DA:6,7
DA:8,4
DA:9,4
DA:10,0
DA:12,4
DA:13,0
DA:15,4
DA:16,0
DA:18,4
DA:19,0
DA:21,4
DA:22,0
DA:25,1
DA:26,1
DA:27,1
DA:28,1
DA:33,1
DA:34,1
DA:37,3
DA:38,3
DA:39,3
DA:40,3
DA:41,3
DA:44,4
DA:48,4
DA:49,4
DA:51,3
DA:53,1
DA:54,1
DA:56,1
DA:58,1
DA:59,1
DA:61,1
DA:62,0
DA:64,1
DA:65,1
DA:66,1
DA:70,1
DA:74,1
DA:75,1
DA:76,1
DA:77,1
DA:78,1
DA:79,1
DA:80,1
DA:81,1
DA:82,1
DA:83,1
DA:84,1
DA:86,0
DA:87,0
DA:88,0
DA:89,0
DA:91,1
DA:92,1
DA:93,1
DA:94,1
DA:95,1
DA:99,1
DA:103,1
DA:104,1
DA:105,1
DA:106,1
DA:107,1
DA:111,1
DA:117,1
DA:118,1
DA:119,1
DA:120,1
DA:121,1
DA:122,1
DA:123,1
DA:124,1
DA:126,1
DA:127,1
DA:128,1
DA:136,4
LF:80
LH:70
BRDA:8,0,0,4
BRDA:8,0,1,0
BRDA:9,1,0,0
BRDA:9,1,1,4
BRDA:10,2,0,0
BRDA:10,2,1,0
BRDA:12,3,0,0
BRDA:12,3,1,4
BRDA:13,4,0,0
BRDA:13,4,1,0
BRDA:15,5,0,0
BRDA:15,5,1,4
BRDA:16,6,0,0
BRDA:16,6,1,0
BRDA:18,7,0,0
BRDA:18,7,1,4
BRDA:19,8,0,0
BRDA:19,8,1,0
BRDA:21,9,0,0
BRDA:21,9,1,4
BRDA:21,10,0,4
BRDA:21,10,1,0
BRDA:22,11,0,0
BRDA:22,11,1,0
BRDA:49,12,0,3
BRDA:49,12,1,1
BRDA:54,13,0,1
BRDA:54,13,1,0
BRDA:54,14,0,1
BRDA:54,14,1,1
BRDA:56,15,0,1
BRDA:56,15,1,0
BRDA:56,15,2,0
BRDA:56,15,3,1
BRDA:56,15,4,0
BRDA:59,16,0,1
BRDA:59,16,1,0
BRDA:61,17,0,0
BRDA:61,17,1,1
BRDA:61,18,0,1
BRDA:61,18,1,1
BRDA:61,18,2,1
BRDA:65,19,0,1
BRDA:65,19,1,0
BRDA:84,20,0,0
BRDA:84,20,1,1
BRDA:100,21,0,0
BRDA:100,21,1,1
BRDA:101,22,0,0
BRDA:101,22,1,1
BRDA:121,23,0,1
BRDA:121,23,1,0
BRDA:122,24,0,1
BRDA:122,24,1,0
BRDA:123,25,0,1
BRDA:123,25,1,0
BRF:56
BRH:26
end_of_record
TN:
SF:/home/runner/work/graph-editor/graph-editor/src/plugins/vuetify.ts
FNF:0
FNH:0
DA:1,1
DA:2,1
DA:3,1
DA:4,1
DA:5,1
DA:6,1
DA:7,1
LF:7
LH:7
BRF:0
BRH:0
end_of_record
TN:
SF:/home/runner/work/graph-editor/graph-editor/src/store/actions.ts
FN:8,(anonymous_0)
FN:9,(anonymous_1)
FN:15,(anonymous_2)
FN:16,(anonymous_3)
FN:22,(anonymous_4)
FN:23,(anonymous_5)
FN:30,(anonymous_6)
FN:33,(anonymous_7)
FN:48,(anonymous_8)
FN:57,(anonymous_9)
FN:68,(anonymous_10)
FN:89,(anonymous_11)
FN:91,(anonymous_12)
FN:94,(anonymous_13)
FN:97,(anonymous_14)
FN:102,(anonymous_15)
FN:105,(anonymous_16)
FN:111,(anonymous_17)
FN:129,(anonymous_18)
FN:148,(anonymous_19)
FN:153,(anonymous_20)
FN:160,(anonymous_21)
FN:166,(anonymous_22)
FN:180,(anonymous_23)
FN:188,(anonymous_24)
FN:198,(anonymous_25)
FN:201,(anonymous_26)
FN:219,(anonymous_27)
FN:220,(anonymous_28)
FN:240,(anonymous_29)
FN:256,(anonymous_30)
FN:283,(anonymous_31)
FN:303,(anonymous_32)
FN:317,(anonymous_33)
FN:332,(anonymous_34)
FN:345,(anonymous_35)
FN:385,(anonymous_36)
FN:408,(anonymous_37)
FN:433,(anonymous_38)
FN:439,(anonymous_39)
FN:445,(anonymous_40)
FN:449,(anonymous_41)
FN:453,(anonymous_42)
FN:457,(anonymous_43)
FN:461,(anonymous_44)
FN:465,(anonymous_45)
FN:469,(anonymous_46)
FN:473,(anonymous_47)
FN:477,(anonymous_48)
FN:481,(anonymous_49)
FN:485,(anonymous_50)
FN:489,(anonymous_51)
FN:493,(anonymous_52)
FN:497,(anonymous_53)
FN:501,(anonymous_54)
FN:505,(anonymous_55)
FN:509,(anonymous_56)
FN:513,(anonymous_57)
FN:517,(anonymous_58)
FN:521,(anonymous_59)
FN:525,(anonymous_60)
FN:529,(anonymous_61)
FN:533,(anonymous_62)
FN:537,(anonymous_63)
FN:541,(anonymous_64)
FN:545,(anonymous_65)
FN:549,(anonymous_66)
FN:553,(anonymous_67)
FN:556,(anonymous_68)
FN:559,(anonymous_69)
FN:562,(anonymous_70)
FN:565,(anonymous_71)
FN:568,(anonymous_72)
FN:571,(anonymous_73)
FN:574,(anonymous_74)
FN:577,(anonymous_75)
FN:580,(anonymous_76)
FN:583,(anonymous_77)
FN:586,(anonymous_78)
FN:589,(anonymous_79)
FN:593,(anonymous_80)
FNF:81
FNH:64
FNDA:1,(anonymous_0)
FNDA:0,(anonymous_1)
FNDA:1,(anonymous_2)
FNDA:0,(anonymous_3)
FNDA:1,(anonymous_4)
FNDA:0,(anonymous_5)
FNDA:0,(anonymous_6)
FNDA:2,(anonymous_7)
FNDA:3,(anonymous_8)
FNDA:0,(anonymous_9)
FNDA:1,(anonymous_10)
FNDA:1,(anonymous_11)
FNDA:0,(anonymous_12)
FNDA:0,(anonymous_13)
FNDA:10,(anonymous_14)
FNDA:0,(anonymous_15)
FNDA:0,(anonymous_16)
FNDA:0,(anonymous_17)
FNDA:0,(anonymous_18)
FNDA:0,(anonymous_19)
FNDA:0,(anonymous_20)
FNDA:0,(anonymous_21)
FNDA:0,(anonymous_22)
FNDA:0,(anonymous_23)
FNDA:0,(anonymous_24)
FNDA:1,(anonymous_25)
FNDA:1,(anonymous_26)
FNDA:1,(anonymous_27)
FNDA:1,(anonymous_28)
FNDA:3,(anonymous_29)
FNDA:2,(anonymous_30)
FNDA:1,(anonymous_31)
FNDA:1,(anonymous_32)
FNDA:1,(anonymous_33)
FNDA:1,(anonymous_34)
FNDA:3,(anonymous_35)
FNDA:1,(anonymous_36)
FNDA:2,(anonymous_37)
FNDA:1,(anonymous_38)
FNDA:2,(anonymous_39)
FNDA:1,(anonymous_40)
FNDA:1,(anonymous_41)
FNDA:1,(anonymous_42)
FNDA:1,(anonymous_43)
FNDA:1,(anonymous_44)
FNDA:1,(anonymous_45)
FNDA:1,(anonymous_46)
FNDA:1,(anonymous_47)
FNDA:1,(anonymous_48)
FNDA:1,(anonymous_49)
FNDA:1,(anonymous_50)
FNDA:1,(anonymous_51)
FNDA:1,(anonymous_52)
FNDA:1,(anonymous_53)
FNDA:1,(anonymous_54)
FNDA:1,(anonymous_55)
FNDA:1,(anonymous_56)
FNDA:1,(anonymous_57)
FNDA:1,(anonymous_58)
FNDA:1,(anonymous_59)
FNDA:1,(anonymous_60)
FNDA:1,(anonymous_61)
FNDA:1,(anonymous_62)
FNDA:1,(anonymous_63)
FNDA:1,(anonymous_64)
FNDA:1,(anonymous_65)
FNDA:1,(anonymous_66)
FNDA:1,(anonymous_67)
FNDA:1,(anonymous_68)
FNDA:1,(anonymous_69)
FNDA:1,(anonymous_70)
FNDA:1,(anonymous_71)
FNDA:1,(anonymous_72)
FNDA:1,(anonymous_73)
FNDA:1,(anonymous_74)
FNDA:1,(anonymous_75)
FNDA:1,(anonymous_76)
FNDA:1,(anonymous_77)
FNDA:2,(anonymous_78)
FNDA:1,(anonymous_79)
FNDA:1,(anonymous_80)
DA:1,3
DA:2,3
DA:3,3
DA:4,3
DA:5,3
DA:6,3
DA:7,3
DA:9,1
DA:10,0
DA:11,0
DA:16,1
DA:17,0
DA:18,0
DA:23,1
DA:24,0
DA:25,0
DA:31,0
DA:34,2
DA:35,2
DA:36,2
DA:37,0
DA:39,2
DA:40,2
DA:41,2
DA:42,2
DA:43,2
DA:48,2
DA:49,3
DA:50,1
DA:51,1
DA:56,3
DA:57,0
DA:58,0
DA:59,0
DA:60,0
DA:70,1
DA:71,1
DA:72,0
DA:74,1
DA:77,0
DA:78,0
DA:80,1
DA:81,1
DA:82,1
DA:83,1
DA:84,1
DA:85,1
DA:86,1
DA:87,1
DA:90,1
DA:92,0
DA:95,0
DA:98,10
DA:99,10
DA:103,0
DA:106,0
DA:109,1
DA:110,1
DA:111,1
DA:112,0
DA:113,0
DA:118,0
DA:119,0
DA:125,0
DA:129,1
DA:130,0
DA:131,0
DA:132,0
DA:138,0
DA:139,0
DA:144,0
DA:148,1
DA:149,0
DA:150,0
DA:153,1
DA:154,0
DA:155,0
DA:156,0
DA:157,0
DA:160,1
DA:161,0
DA:162,0
DA:163,0
DA:166,1
DA:167,0
DA:168,0
DA:169,0
DA:170,0
DA:171,0
DA:172,0
DA:173,0
DA:174,0
DA:176,0
DA:177,0
DA:180,1
DA:181,0
DA:186,0
DA:188,1
DA:189,0
DA:194,0
DA:196,1
DA:199,1
DA:202,1
DA:203,1
DA:208,1
DA:212,1
DA:217,1
DA:220,1
DA:221,1
DA:226,1
DA:233,1
DA:238,1
DA:242,3
DA:243,3
DA:245,2
DA:246,2
DA:247,2
DA:250,2
DA:251,2
DA:254,1
DA:258,2
DA:263,2
DA:264,2
DA:266,1
DA:267,1
DA:268,1
DA:269,1
DA:270,1
DA:273,2
DA:274,0
DA:276,2
DA:281,2
DA:284,1
DA:301,1
DA:304,1
DA:309,1
DA:310,1
DA:315,1
DA:318,1
DA:323,1
DA:324,1
DA:325,1
DA:330,1
DA:333,1
DA:338,1
DA:339,1
DA:346,3
DA:347,1
DA:349,3
DA:350,3
DA:351,0
DA:353,3
DA:365,3
DA:366,2
DA:367,2
DA:368,2
DA:369,2
DA:372,3
DA:373,3
DA:378,3
DA:383,3
DA:387,1
DA:392,1
DA:393,1
DA:395,0
DA:397,1
DA:398,0
DA:400,1
DA:405,1
DA:406,1
DA:410,2
DA:411,2
DA:412,2
DA:413,2
DA:415,0
DA:418,0
DA:419,0
DA:421,0
DA:424,2
DA:425,0
DA:427,2
DA:428,2
DA:429,2
DA:436,1
DA:442,2
DA:446,1
DA:450,1
DA:454,1
DA:455,1
DA:458,1
DA:459,1
DA:462,1
DA:463,1
DA:466,1
DA:467,1
DA:470,1
DA:471,1
DA:474,1
DA:475,1
DA:478,1
DA:479,1
DA:482,1
DA:483,1
DA:486,1
DA:487,1
DA:490,1
DA:491,1
DA:494,1
DA:495,1
DA:498,1
DA:499,1
DA:502,1
DA:503,1
DA:506,1
DA:507,1
DA:510,1
DA:511,1
DA:514,1
DA:515,1
DA:518,1
DA:519,1
DA:522,1
DA:523,1
DA:526,1
DA:527,1
DA:530,1
DA:531,1
DA:534,1
DA:535,1
DA:538,1
DA:539,1
DA:542,1
DA:543,1
DA:546,1
DA:547,1
DA:550,1
DA:551,1
DA:554,1
DA:557,1
DA:560,1
DA:563,1
DA:566,1
DA:569,1
DA:572,1
DA:575,1
DA:578,1
DA:581,1
DA:584,1
DA:587,2
DA:590,1
DA:591,1
DA:594,1
DA:595,1
LF:253
LH:191
BRDA:10,0,0,0
BRDA:10,0,1,0
BRDA:17,1,0,0
BRDA:17,1,1,0
BRDA:24,2,0,0
BRDA:24,2,1,0
BRDA:36,3,0,0
BRDA:36,3,1,2
BRDA:36,4,0,2
BRDA:36,4,1,2
BRDA:41,5,0,2
BRDA:41,5,1,0
BRDA:49,6,0,1
BRDA:49,6,1,2
BRDA:56,7,0,0
BRDA:56,7,1,3
BRDA:58,8,0,0
BRDA:58,8,1,0
BRDA:58,9,0,0
BRDA:58,9,1,0
BRDA:59,10,0,0
BRDA:59,10,1,0
BRDA:59,11,0,0
BRDA:59,11,1,0
BRDA:71,12,0,0
BRDA:71,12,1,1
BRDA:81,13,0,1
BRDA:81,13,1,1
BRDA:98,14,0,10
BRDA:98,14,1,0
BRDA:112,15,0,0
BRDA:112,15,1,0
BRDA:118,16,0,0
BRDA:118,16,1,0
BRDA:130,17,0,0
BRDA:130,17,1,0
BRDA:138,18,0,0
BRDA:138,18,1,0
BRDA:149,19,0,0
BRDA:149,19,1,0
BRDA:154,20,0,0
BRDA:154,20,1,0
BRDA:154,21,0,0
BRDA:154,21,1,0
BRDA:161,22,0,0
BRDA:161,22,1,0
BRDA:167,23,0,0
BRDA:167,23,1,0
BRDA:173,24,0,0
BRDA:173,24,1,0
BRDA:173,25,0,0
BRDA:173,25,1,0
BRDA:245,26,0,2
BRDA:245,26,1,0
BRDA:267,27,0,1
BRDA:267,27,1,0
BRDA:273,28,0,0
BRDA:273,28,1,2
BRDA:346,29,0,1
BRDA:346,29,1,2
BRDA:350,30,0,0
BRDA:350,30,1,3
BRDA:365,31,0,2
BRDA:365,31,1,1
BRDA:397,32,0,0
BRDA:397,32,1,1
BRDA:410,33,0,2
BRDA:410,33,1,0
BRDA:424,34,0,0
BRDA:424,34,1,2
BRDA:424,35,0,2
BRDA:424,35,1,2
BRDA:428,36,0,1
BRDA:428,36,1,1
BRF:74
BRH:26
end_of_record
TN:
SF:/home/runner/work/graph-editor/graph-editor/src/store/index.ts
FN:55,_default
FN:171,(anonymous_1)
FN:172,(anonymous_2)
FN:179,(anonymous_3)
FN:180,(anonymous_4)
FN:181,(anonymous_5)
FN:184,(anonymous_6)
FN:185,(anonymous_7)
FN:191,(anonymous_8)
FNF:9
FNH:9
FNDA:9,_default
FNDA:2,(anonymous_1)
FNDA:2,(anonymous_2)
FNDA:1,(anonymous_3)
FNDA:1,(anonymous_4)
FNDA:1,(anonymous_5)
FNDA:2,(anonymous_6)
FNDA:2,(anonymous_7)
FNDA:2,(anonymous_8)
DA:1,2
DA:2,2
DA:3,2
DA:4,2
DA:6,2
DA:7,2
DA:23,2
DA:56,9
DA:172,2
DA:173,2
DA:174,1
DA:176,2
DA:180,1
DA:181,1
DA:185,2
DA:186,2
DA:191,2
DA:192,2
DA:193,2
DA:198,2
DA:200,2
LF:21
LH:21
BRDA:173,0,0,1
BRDA:173,0,1,1
BRF:2
BRH:2
end_of_record
TN:
SF:/home/runner/work/graph-editor/graph-editor/src/store/mutations.ts
FN:12,remoteChangeEvents
FN:13,(anonymous_1)
FN:14,(anonymous_2)
FN:16,(anonymous_3)
FN:19,(anonymous_4)
FN:31,applyGraphChanges
FN:42,(anonymous_6)
FN:50,newId
FN:51,(anonymous_8)
FN:56,nudge
FN:57,(anonymous_10)
FN:58,(anonymous_11)
FN:64,nudgeUp
FN:67,nudgeDown
FN:70,nudgeLeft
FN:73,nudgeRight
FN:76,zoom
FN:79,moveHistoryPosition
FN:88,(anonymous_18)
FN:93,(anonymous_19)
FN:102,pasteVectors
FN:107,(anonymous_21)
FN:122,(anonymous_22)
FN:123,(anonymous_23)
FN:140,selectVector
FN:141,(anonymous_25)
FN:144,undo
FN:147,redo
FN:150,duplicateSelection
FN:155,setSelRelPropZ
FN:156,(anonymous_30)
FN:157,(anonymous_31)
FN:164,bringForward
FN:167,sendBackward
FN:170,bringToFront
FN:171,(anonymous_35)
FN:172,(anonymous_36)
FN:173,(anonymous_37)
FN:180,sendToBack
FN:181,(anonymous_39)
FN:182,(anonymous_40)
FN:183,(anonymous_41)
FN:190,addGraphItem
FN:200,(anonymous_43)
FN:201,(anonymous_44)
FN:211,(anonymous_45)
FN:269,(anonymous_46)
FN:277,(anonymous_47)
FN:292,addVectorItem
FN:340,groupSelected
FN:342,(anonymous_50)
FN:343,(anonymous_51)
FN:352,ungroupSelected
FN:353,(anonymous_53)
FN:354,(anonymous_54)
FN:361,deleteVectorById
FN:362,(anonymous_56)
FN:363,(anonymous_57)
FN:365,(anonymous_58)
FN:366,(anonymous_59)
FN:374,(anonymous_60)
FN:381,deleteConnectorById
FN:382,(anonymous_62)
FN:383,(anonymous_63)
FN:384,(anonymous_64)
FN:385,(anonymous_65)
FN:394,deleteSelected
FN:395,(anonymous_67)
FN:396,(anonymous_68)
FN:407,preferences
FN:410,hoveredConnector
FN:413,selectConnector
FN:415,(anonymous_72)
FN:422,hoveredVector
FN:428,hoveredPort
FN:431,graph
FN:435,lut
FN:440,view
FN:443,translating
FN:446,clearError
FN:450,raiseError
FN:455,updateTemplate
FN:456,(anonymous_82)
FN:465,changeInputOrder
FN:470,(anonymous_84)
FN:474,(anonymous_85)
FN:483,changeOutputOrder
FN:488,(anonymous_87)
FN:492,(anonymous_88)
FN:497,(anonymous_89)
FN:505,addInput
FN:509,(anonymous_91)
FN:520,addOutput
FN:524,(anonymous_93)
FN:539,removeInput
FN:543,(anonymous_95)
FN:547,(anonymous_96)
FN:550,(anonymous_97)
FN:551,(anonymous_98)
FN:552,(anonymous_99)
FN:556,(anonymous_100)
FN:564,removeOutput
FN:568,(anonymous_102)
FN:572,(anonymous_103)
FN:573,(anonymous_104)
FN:578,updateVectorProperties
FN:582,(anonymous_106)
FN:589,updateGraphProperties
FN:593,createNewVector
FN:637,updateVectorFields
FN:640,(anonymous_110)
FN:644,(anonymous_111)
FN:651,(anonymous_112)
FN:663,(anonymous_113)
FN:664,(anonymous_114)
FN:665,(anonymous_115)
FN:677,deleteConnector
FN:678,(anonymous_117)
FN:679,(anonymous_118)
FN:680,(anonymous_119)
FN:689,changeConnectorOrder
FN:690,(anonymous_121)
FN:691,(anonymous_122)
FN:692,(anonymous_123)
FN:702,open
FN:707,setDataProviders
FN:710,(anonymous_126)
FN:714,setLoadingStatus
FN:723,addLogItem
FN:726,setRemoteSnapshot
FN:729,setPreferences
FN:732,setGraphVersion
FN:734,(anonymous_132)
FN:736,(anonymous_133)
FN:737,(anonymous_134)
FN:745,setToc
FN:748,setPresentation
FN:751,setLock
FN:754,updateVectorUrl
FN:755,(anonymous_139)
FN:759,clearLog
FN:760,(anonymous_141)
FN:764,connectorActivity
FN:767,clearSchedulerErrorItem
FN:768,(anonymous_144)
FN:772,clearSchedulerError
FN:775,addSchedulerError
FN:779,togglePresentation
FN:782,setScheduler
FN:785,setArtifact
FN:788,updateVectorData
FN:789,(anonymous_151)
FN:793,setRegistryItem
FN:798,setRegistry
FN:801,togglePanelVisibility
FN:804,setSchedulerState
FN:807,toggleLabels
FN:811,toggleHelp
FN:814,addHelpTopic
FNF:159
FNH:144
FNDA:0,remoteChangeEvents
FNDA:0,(anonymous_1)
FNDA:0,(anonymous_2)
FNDA:0,(anonymous_3)
FNDA:0,(anonymous_4)
FNDA:58,applyGraphChanges
FNDA:159,(anonymous_6)
FNDA:28,newId
FNDA:868,(anonymous_8)
FNDA:8,nudge
FNDA:8,(anonymous_10)
FNDA:8,(anonymous_11)
FNDA:1,nudgeUp
FNDA:1,nudgeDown
FNDA:1,nudgeLeft
FNDA:5,nudgeRight
FNDA:0,zoom
FNDA:7,moveHistoryPosition
FNDA:4,(anonymous_18)
FNDA:4,(anonymous_19)
FNDA:2,pasteVectors
FNDA:2,(anonymous_21)
FNDA:4,(anonymous_22)
FNDA:6,(anonymous_23)
FNDA:1,selectVector
FNDA:1,(anonymous_25)
FNDA:2,undo
FNDA:2,redo
FNDA:1,duplicateSelection
FNDA:4,setSelRelPropZ
FNDA:8,(anonymous_30)
FNDA:32,(anonymous_31)
FNDA:2,bringForward
FNDA:2,sendBackward
FNDA:1,bringToFront
FNDA:8,(anonymous_35)
FNDA:1,(anonymous_36)
FNDA:8,(anonymous_37)
FNDA:1,sendToBack
FNDA:8,(anonymous_39)
FNDA:1,(anonymous_40)
FNDA:8,(anonymous_41)
FNDA:1,addGraphItem
FNDA:7,(anonymous_43)
FNDA:5,(anonymous_44)
FNDA:7,(anonymous_45)
FNDA:0,(anonymous_46)
FNDA:1,(anonymous_47)
FNDA:1,addVectorItem
FNDA:2,groupSelected
FNDA:4,(anonymous_50)
FNDA:16,(anonymous_51)
FNDA:1,ungroupSelected
FNDA:2,(anonymous_53)
FNDA:8,(anonymous_54)
FNDA:1,deleteVectorById
FNDA:2,(anonymous_56)
FNDA:15,(anonymous_57)
FNDA:30,(anonymous_58)
FNDA:22,(anonymous_59)
FNDA:13,(anonymous_60)
FNDA:1,deleteConnectorById
FNDA:0,(anonymous_62)
FNDA:0,(anonymous_63)
FNDA:0,(anonymous_64)
FNDA:0,(anonymous_65)
FNDA:1,deleteSelected
FNDA:2,(anonymous_67)
FNDA:0,(anonymous_68)
FNDA:1,preferences
FNDA:1,hoveredConnector
FNDA:0,selectConnector
FNDA:0,(anonymous_72)
FNDA:2,hoveredVector
FNDA:1,hoveredPort
FNDA:1,graph
FNDA:1,lut
FNDA:1,view
FNDA:1,translating
FNDA:1,clearError
FNDA:2,raiseError
FNDA:2,updateTemplate
FNDA:9,(anonymous_82)
FNDA:2,changeInputOrder
FNDA:2,(anonymous_84)
FNDA:3,(anonymous_85)
FNDA:2,changeOutputOrder
FNDA:2,(anonymous_87)
FNDA:3,(anonymous_88)
FNDA:3,(anonymous_89)
FNDA:2,addInput
FNDA:2,(anonymous_91)
FNDA:2,addOutput
FNDA:2,(anonymous_93)
FNDA:1,removeInput
FNDA:1,(anonymous_95)
FNDA:3,(anonymous_96)
FNDA:8,(anonymous_97)
FNDA:16,(anonymous_98)
FNDA:13,(anonymous_99)
FNDA:0,(anonymous_100)
FNDA:1,removeOutput
FNDA:1,(anonymous_102)
FNDA:3,(anonymous_103)
FNDA:3,(anonymous_104)
FNDA:1,updateVectorProperties
FNDA:1,(anonymous_106)
FNDA:1,updateGraphProperties
FNDA:1,createNewVector
FNDA:6,updateVectorFields
FNDA:6,(anonymous_110)
FNDA:6,(anonymous_111)
FNDA:1,(anonymous_112)
FNDA:8,(anonymous_113)
FNDA:16,(anonymous_114)
FNDA:13,(anonymous_115)
FNDA:1,deleteConnector
FNDA:8,(anonymous_117)
FNDA:16,(anonymous_118)
FNDA:13,(anonymous_119)
FNDA:2,changeConnectorOrder
FNDA:16,(anonymous_121)
FNDA:32,(anonymous_122)
FNDA:26,(anonymous_123)
FNDA:1,open
FNDA:2,setDataProviders
FNDA:4,(anonymous_126)
FNDA:1,setLoadingStatus
FNDA:2,addLogItem
FNDA:1,setRemoteSnapshot
FNDA:4,setPreferences
FNDA:1,setGraphVersion
FNDA:8,(anonymous_132)
FNDA:16,(anonymous_133)
FNDA:13,(anonymous_134)
FNDA:1,setToc
FNDA:1,setPresentation
FNDA:1,setLock
FNDA:1,updateVectorUrl
FNDA:1,(anonymous_139)
FNDA:1,clearLog
FNDA:1,(anonymous_141)
FNDA:1,connectorActivity
FNDA:1,clearSchedulerErrorItem
FNDA:1,(anonymous_144)
FNDA:1,clearSchedulerError
FNDA:4,addSchedulerError
FNDA:2,togglePresentation
FNDA:1,setScheduler
FNDA:1,setArtifact
FNDA:1,updateVectorData
FNDA:1,(anonymous_151)
FNDA:1,setRegistryItem
FNDA:1,setRegistry
FNDA:2,togglePanelVisibility
FNDA:1,setSchedulerState
FNDA:2,toggleLabels
FNDA:2,toggleHelp
FNDA:1,addHelpTopic
DA:1,6
DA:2,6
DA:3,6
DA:4,6
DA:5,6
DA:13,0
DA:14,0
DA:15,0
DA:16,0
DA:18,0
DA:19,0
DA:20,0
DA:24,0
DA:25,0
DA:26,0
DA:27,0
DA:28,0
DA:32,58
DA:33,0
DA:35,58
DA:36,58
DA:37,53
DA:42,53
DA:43,159
DA:45,53
DA:46,53
DA:51,28
DA:52,868
DA:53,868
DA:57,8
DA:58,8
DA:59,8
DA:60,8
DA:62,8
DA:65,1
DA:68,1
DA:71,1
DA:74,5
DA:77,0
DA:80,7
DA:81,7
DA:82,0
DA:84,7
DA:85,8
DA:86,4
DA:87,4
DA:88,4
DA:89,4
DA:91,4
DA:92,4
DA:93,4
DA:94,4
DA:96,4
DA:99,7
DA:100,7
DA:105,2
DA:107,2
DA:109,2
DA:110,2
DA:111,2
DA:112,2
DA:114,0
DA:116,2
DA:117,0
DA:119,0
DA:120,0
DA:122,2
DA:123,4
DA:125,6
DA:126,6
DA:128,6
DA:129,6
DA:133,2
DA:137,2
DA:138,2
DA:141,1
DA:142,1
DA:145,2
DA:148,2
DA:151,1
DA:152,1
DA:156,8
DA:157,4
DA:158,32
DA:159,8
DA:162,4
DA:165,2
DA:168,2
DA:171,8
DA:172,1
DA:173,1
DA:174,8
DA:175,1
DA:178,1
DA:181,8
DA:182,1
DA:183,1
DA:184,8
DA:185,1
DA:188,1
DA:191,1
DA:195,1
DA:196,1
DA:197,1
DA:198,1
DA:199,1
DA:200,1
DA:201,7
DA:202,5
DA:203,0
DA:211,7
DA:212,7
DA:213,1
DA:223,1
DA:224,1
DA:269,1
DA:270,0
DA:271,0
DA:277,1
DA:278,1
DA:279,1
DA:283,1
DA:289,1
DA:290,1
DA:293,1
DA:297,1
DA:298,1
DA:299,1
DA:300,1
DA:302,1
DA:303,1
DA:337,1
DA:338,1
DA:341,2
DA:342,4
DA:343,2
DA:344,16
DA:345,4
DA:346,4
DA:350,2
DA:353,2
DA:354,1
DA:355,8
DA:356,2
DA:359,1
DA:362,1
DA:363,2
DA:365,15
DA:366,30
DA:367,22
DA:368,2
DA:374,2
DA:375,13
DA:376,2
DA:382,1
DA:383,0
DA:384,0
DA:385,0
DA:386,0
DA:387,0
DA:395,2
DA:396,1
DA:397,1
DA:398,1
DA:399,1
DA:400,1
DA:401,1
DA:402,1
DA:403,1
DA:404,1
DA:405,1
DA:408,1
DA:411,1
DA:414,0
DA:415,0
DA:416,0
DA:418,0
DA:420,0
DA:423,2
DA:424,1
DA:426,1
DA:429,1
DA:432,1
DA:433,1
DA:436,1
DA:441,1
DA:444,1
DA:447,1
DA:448,1
DA:451,2
DA:452,2
DA:453,2
DA:456,2
DA:457,9
DA:459,2
DA:460,1
DA:462,1
DA:463,1
DA:470,2
DA:471,2
DA:472,0
DA:474,3
DA:475,2
DA:476,0
DA:478,2
DA:479,2
DA:480,2
DA:481,2
DA:488,2
DA:489,2
DA:490,0
DA:492,3
DA:493,2
DA:494,0
DA:496,2
DA:497,3
DA:498,2
DA:499,2
DA:500,2
DA:501,2
DA:502,2
DA:503,2
DA:509,2
DA:510,2
DA:511,0
DA:513,2
DA:518,2
DA:524,2
DA:525,2
DA:526,0
DA:528,2
DA:533,2
DA:537,2
DA:543,1
DA:544,1
DA:545,0
DA:547,3
DA:548,1
DA:550,1
DA:551,8
DA:552,16
DA:553,13
DA:555,16
DA:556,0
DA:557,0
DA:562,1
DA:568,1
DA:569,1
DA:570,0
DA:572,3
DA:573,3
DA:574,1
DA:575,1
DA:576,1
DA:582,1
DA:583,1
DA:584,0
DA:586,1
DA:587,1
DA:590,1
DA:591,1
DA:594,1
DA:598,1
DA:599,1
DA:600,1
DA:601,1
DA:634,1
DA:635,1
DA:640,6
DA:641,6
DA:642,0
DA:644,6
DA:646,6
DA:648,3
DA:649,3
DA:651,1
DA:652,1
DA:654,1
DA:658,6
DA:660,3
DA:661,3
DA:663,1
DA:664,8
DA:665,16
DA:666,13
DA:667,1
DA:675,6
DA:678,1
DA:679,8
DA:680,16
DA:681,13
DA:682,1
DA:687,1
DA:690,2
DA:691,16
DA:692,32
DA:693,26
DA:694,3
DA:695,3
DA:700,2
DA:703,1
DA:704,1
DA:705,1
DA:710,2
DA:711,4
DA:715,1
DA:716,1
DA:717,1
DA:724,2
DA:727,1
DA:730,4
DA:733,1
DA:734,1
DA:735,8
DA:736,8
DA:737,16
DA:738,13
DA:742,1
DA:743,1
DA:746,1
DA:749,1
DA:752,1
DA:755,1
DA:756,1
DA:757,1
DA:760,1
DA:761,1
DA:765,1
DA:768,1
DA:769,1
DA:773,1
DA:776,4
DA:777,4
DA:780,2
DA:783,1
DA:786,1
DA:789,1
DA:790,1
DA:791,1
DA:794,1
DA:795,1
DA:796,1
DA:799,1
DA:802,2
DA:805,1
DA:808,2
DA:809,2
DA:812,2
DA:815,1
DA:817,6
LF:350
LH:306
BRDA:18,0,0,0
BRDA:18,0,1,0
BRDA:18,1,0,0
BRDA:18,1,1,0
BRDA:25,2,0,0
BRDA:25,2,1,0
BRDA:32,3,0,0
BRDA:32,3,1,58
BRDA:36,4,0,53
BRDA:36,4,1,5
BRDA:52,5,0,840
BRDA:52,5,1,28
BRDA:81,6,0,0
BRDA:81,6,1,7
BRDA:81,7,0,7
BRDA:81,7,1,7
BRDA:85,8,0,4
BRDA:85,8,1,4
BRDA:91,9,0,4
BRDA:91,9,1,0
BRDA:102,10,0,1
BRDA:109,11,0,2
BRDA:109,11,1,2
BRDA:110,12,0,2
BRDA:110,12,1,0
BRDA:119,13,0,0
BRDA:119,13,1,0
BRDA:125,14,0,6
BRDA:125,14,1,6
BRDA:128,15,0,6
BRDA:128,15,1,6
BRDA:151,16,0,1
BRDA:151,16,1,0
BRDA:158,17,0,8
BRDA:158,17,1,24
BRDA:174,18,0,1
BRDA:174,18,1,7
BRDA:184,19,0,1
BRDA:184,19,1,7
BRDA:202,20,0,0
BRDA:202,20,1,5
BRDA:212,21,0,1
BRDA:212,21,1,6
BRDA:229,22,0,1
BRDA:229,22,1,1
BRDA:309,23,0,1
BRDA:309,23,1,1
BRDA:344,24,0,4
BRDA:344,24,1,12
BRDA:345,25,0,4
BRDA:345,25,1,0
BRDA:355,26,0,2
BRDA:355,26,1,6
BRDA:367,27,0,2
BRDA:367,27,1,20
BRDA:375,28,0,2
BRDA:375,28,1,11
BRDA:386,29,0,0
BRDA:386,29,1,0
BRDA:414,30,0,0
BRDA:414,30,1,0
BRDA:414,31,0,0
BRDA:414,31,1,0
BRDA:414,31,2,0
BRDA:414,31,3,0
BRDA:415,32,0,0
BRDA:415,32,1,0
BRDA:423,33,0,1
BRDA:423,33,1,1
BRDA:459,34,0,1
BRDA:459,34,1,1
BRDA:471,35,0,0
BRDA:471,35,1,2
BRDA:475,36,0,0
BRDA:475,36,1,2
BRDA:480,37,0,1
BRDA:480,37,1,1
BRDA:489,38,0,0
BRDA:489,38,1,2
BRDA:493,39,0,0
BRDA:493,39,1,2
BRDA:500,40,0,1
BRDA:500,40,1,1
BRDA:502,41,0,1
BRDA:502,41,1,1
BRDA:510,42,0,0
BRDA:510,42,1,2
BRDA:525,43,0,0
BRDA:525,43,1,2
BRDA:544,44,0,0
BRDA:544,44,1,1
BRDA:553,45,0,13
BRDA:553,45,1,1
BRDA:555,46,0,0
BRDA:555,46,1,16
BRDA:569,47,0,0
BRDA:569,47,1,1
BRDA:583,48,0,0
BRDA:583,48,1,1
BRDA:630,49,0,0
BRDA:630,49,1,1
BRDA:631,50,0,0
BRDA:631,50,1,1
BRDA:641,51,0,0
BRDA:641,51,1,6
BRDA:646,52,0,3
BRDA:646,52,1,3
BRDA:646,53,0,6
BRDA:646,53,1,6
BRDA:646,53,2,3
BRDA:646,53,3,3
BRDA:646,53,4,2
BRDA:646,53,5,1
BRDA:649,54,0,1
BRDA:649,54,1,2
BRDA:658,55,0,3
BRDA:658,55,1,3
BRDA:658,56,0,6
BRDA:658,56,1,6
BRDA:658,56,2,3
BRDA:658,56,3,3
BRDA:658,56,4,2
BRDA:658,56,5,1
BRDA:661,57,0,1
BRDA:661,57,1,2
BRDA:666,58,0,1
BRDA:666,58,1,12
BRDA:666,59,0,13
BRDA:666,59,1,8
BRDA:681,60,0,1
BRDA:681,60,1,12
BRDA:693,61,0,3
BRDA:693,61,1,23
BRDA:693,62,0,26
BRDA:693,62,1,3
BRDA:695,63,0,2
BRDA:695,63,1,1
BRDA:715,64,0,1
BRDA:715,64,1,1
BRDA:716,65,0,1
BRDA:716,65,1,1
BRDA:776,66,0,4
BRDA:776,66,1,3
BRF:143
BRH:105
end_of_record
TN:
SF:/home/runner/work/graph-editor/graph-editor/src/store/newVectorHelpTemplate.ts
FNF:0
FNH:0
DA:1,6
DA:88,6
DA:91,6
LF:3
LH:3
BRF:0
BRH:0
end_of_record
TN:
SF:/home/runner/work/graph-editor/graph-editor/src/store/modules/keys.ts
FN:31,keys
FN:104,keyup
FN:108,keydown
FNF:3
FNH:3
FNDA:24,keys
FNDA:1,keyup
FNDA:23,keydown
DA:1,7
DA:5,7
DA:6,7
DA:7,7
DA:8,7
DA:9,7
DA:10,7
DA:11,7
DA:12,7
DA:13,7
DA:14,7
DA:15,7
DA:16,7
DA:17,7
DA:18,7
DA:34,24
DA:35,24
DA:36,24
DA:39,24
DA:40,1
DA:41,1
DA:42,1
DA:44,24
DA:45,1
DA:46,1
DA:47,1
DA:50,24
DA:51,2
DA:53,24
DA:54,2
DA:56,24
DA:57,2
DA:59,24
DA:60,2
DA:63,24
DA:64,1
DA:65,23
DA:66,1
DA:68,24
DA:69,1
DA:70,23
DA:71,1
DA:74,24
DA:75,1
DA:78,24
DA:79,1
DA:80,23
DA:81,1
DA:85,24
DA:86,1
DA:87,1
DA:88,23
DA:89,1
DA:90,1
DA:93,24
DA:94,1
DA:96,24
DA:97,1
DA:99,24
DA:100,1
DA:101,1
DA:105,1
DA:106,1
DA:109,23
DA:110,23
LF:65
LH:65
BRDA:34,0,0,24
BRDA:34,0,1,13
BRDA:39,1,0,1
BRDA:39,1,1,23
BRDA:39,2,0,24
BRDA:39,2,1,1
BRDA:44,3,0,1
BRDA:44,3,1,23
BRDA:44,4,0,24
BRDA:44,4,1,1
BRDA:50,5,0,2
BRDA:50,5,1,22
BRDA:51,6,0,1
BRDA:51,6,1,1
BRDA:53,7,0,2
BRDA:53,7,1,22
BRDA:54,8,0,1
BRDA:54,8,1,1
BRDA:56,9,0,2
BRDA:56,9,1,22
BRDA:57,10,0,1
BRDA:57,10,1,1
BRDA:59,11,0,2
BRDA:59,11,1,22
BRDA:60,12,0,1
BRDA:60,12,1,1
BRDA:63,13,0,1
BRDA:63,13,1,23
BRDA:63,14,0,24
BRDA:63,14,1,2
BRDA:63,14,2,2
BRDA:65,15,0,1
BRDA:65,15,1,22
BRDA:65,16,0,23
BRDA:65,16,1,1
BRDA:68,17,0,1
BRDA:68,17,1,23
BRDA:68,18,0,24
BRDA:68,18,1,2
BRDA:68,18,2,2
BRDA:70,19,0,1
BRDA:70,19,1,22
BRDA:70,20,0,23
BRDA:70,20,1,1
BRDA:74,21,0,1
BRDA:74,21,1,23
BRDA:78,22,0,1
BRDA:78,22,1,23
BRDA:78,23,0,24
BRDA:78,23,1,2
BRDA:78,23,2,2
BRDA:80,24,0,1
BRDA:80,24,1,22
BRDA:80,25,0,23
BRDA:80,25,1,1
BRDA:85,26,0,1
BRDA:85,26,1,23
BRDA:85,27,0,24
BRDA:85,27,1,2
BRDA:85,27,2,2
BRDA:88,28,0,1
BRDA:88,28,1,22
BRDA:88,29,0,23
BRDA:88,29,1,1
BRDA:93,30,0,1
BRDA:93,30,1,23
BRDA:93,31,0,24
BRDA:93,31,1,1
BRDA:93,31,2,1
BRDA:96,32,0,1
BRDA:96,32,1,23
BRDA:96,33,0,24
BRDA:96,33,1,1
BRDA:99,34,0,1
BRDA:99,34,1,23
BRF:75
BRH:75
end_of_record
TN:
SF:/home/runner/work/graph-editor/graph-editor/src/store/modules/localStoreDataProvider.ts
FN:37,updateToc
FN:54,(anonymous_1)
FN:56,(anonymous_2)
FN:110,(anonymous_3)
FN:123,(anonymous_4)
FN:143,(anonymous_5)
FN:144,(anonymous_6)
FN:191,(anonymous_7)
FNF:8
FNH:8
FNDA:4,updateToc
FNDA:3,(anonymous_1)
FNDA:7,(anonymous_2)
FNDA:4,(anonymous_3)
FNDA:7,(anonymous_4)
FNDA:3,(anonymous_5)
FNDA:4,(anonymous_6)
FNDA:3,(anonymous_7)
DA:1,2
DA:2,2
DA:3,2
DA:4,2
DA:5,2
DA:6,2
DA:38,4
DA:40,4
DA:41,1
DA:43,3
DA:44,3
DA:46,0
DA:49,4
DA:50,4
DA:52,2
DA:55,3
DA:56,3
DA:57,7
DA:58,2
DA:60,2
DA:61,2
DA:63,0
DA:65,2
DA:69,5
DA:70,2
DA:72,2
DA:73,2
DA:75,0
DA:77,2
DA:82,3
DA:84,3
DA:85,0
DA:86,3
DA:87,3
DA:88,3
DA:90,0
DA:93,3
DA:94,3
DA:95,2
DA:100,3
DA:104,3
DA:105,3
DA:107,1
DA:111,4
DA:113,4
DA:114,2
DA:116,2
DA:117,2
DA:119,1
DA:121,1
DA:124,7
DA:125,7
DA:126,7
DA:128,2
DA:129,5
DA:131,2
DA:132,2
DA:133,1
DA:134,1
DA:135,1
DA:136,1
DA:138,0
DA:141,2
DA:142,2
DA:143,2
DA:144,3
DA:145,4
DA:148,2
DA:149,2
DA:150,0
DA:152,2
DA:153,2
DA:154,2
DA:163,3
DA:164,1
DA:165,1
DA:166,1
DA:175,2
DA:176,1
DA:177,1
DA:178,1
DA:188,1
DA:192,3
DA:194,3
DA:195,1
DA:197,2
DA:198,2
DA:200,1
DA:203,1
DA:204,1
DA:205,1
DA:208,2
LF:92
LH:85
BRDA:40,0,0,1
BRDA:40,0,1,3
BRDA:57,1,0,2
BRDA:57,1,1,5
BRDA:58,2,0,2
BRDA:58,2,1,0
BRDA:69,3,0,2
BRDA:69,3,1,3
BRDA:70,4,0,2
BRDA:70,4,1,0
BRDA:82,5,0,3
BRDA:82,5,1,0
BRDA:84,6,0,0
BRDA:84,6,1,3
BRDA:86,7,0,3
BRDA:86,7,1,0
BRDA:93,8,0,3
BRDA:93,8,1,0
BRDA:94,9,0,2
BRDA:94,9,1,1
BRDA:105,10,0,1
BRDA:105,10,1,2
BRDA:105,11,0,3
BRDA:105,11,1,2
BRDA:111,12,0,4
BRDA:111,12,1,2
BRDA:113,13,0,2
BRDA:113,13,1,2
BRDA:126,14,0,2
BRDA:126,14,1,5
BRDA:129,15,0,2
BRDA:129,15,1,3
BRDA:132,16,0,1
BRDA:132,16,1,1
BRDA:134,17,0,1
BRDA:134,17,1,0
BRDA:149,18,0,0
BRDA:149,18,1,2
BRDA:163,19,0,1
BRDA:163,19,1,2
BRDA:175,20,0,1
BRDA:175,20,1,1
BRDA:194,21,0,1
BRDA:194,21,1,2
BRF:44
BRH:36
end_of_record
TN:
SF:/home/runner/work/graph-editor/graph-editor/src/store/modules/mouse.ts
FN:7,mouse
FN:21,expandGroupVectorArray
FN:26,(anonymous_2)
FN:26,(anonymous_3)
FN:29,(anonymous_4)
FN:30,(anonymous_5)
FN:42,remapVectors
FN:43,(anonymous_7)
FN:44,(anonymous_8)
FN:47,remapHovered
FN:48,(anonymous_10)
FN:57,(anonymous_11)
FN:147,(anonymous_12)
FN:148,(anonymous_13)
FN:149,(anonymous_14)
FN:171,(anonymous_15)
FN:172,(anonymous_16)
FN:215,(anonymous_17)
FN:237,(anonymous_18)
FN:238,(anonymous_19)
FN:253,(anonymous_20)
FN:270,(anonymous_21)
FN:293,(anonymous_22)
FN:294,(anonymous_23)
FN:295,(anonymous_24)
FN:308,(anonymous_25)
FN:310,(anonymous_26)
FN:318,(anonymous_27)
FN:320,(anonymous_28)
FNF:29
FNH:29
FNDA:21,mouse
FNDA:14,expandGroupVectorArray
FNDA:38,(anonymous_2)
FNDA:38,(anonymous_3)
FNDA:112,(anonymous_4)
FNDA:8,(anonymous_5)
FNDA:9,remapVectors
FNDA:72,(anonymous_7)
FNDA:176,(anonymous_8)
FNDA:1,remapHovered
FNDA:1,(anonymous_10)
FNDA:1,(anonymous_11)
FNDA:2,(anonymous_12)
FNDA:4,(anonymous_13)
FNDA:2,(anonymous_14)
FNDA:1,(anonymous_15)
FNDA:2,(anonymous_16)
FNDA:1,(anonymous_17)
FNDA:3,(anonymous_18)
FNDA:1,(anonymous_19)
FNDA:32,(anonymous_20)
FNDA:84,(anonymous_21)
FNDA:3,(anonymous_22)
FNDA:4,(anonymous_23)
FNDA:4,(anonymous_24)
FNDA:31,(anonymous_25)
FNDA:31,(anonymous_26)
FNDA:31,(anonymous_27)
FNDA:31,(anonymous_28)
DA:1,6
DA:2,6
DA:3,6
DA:4,6
DA:6,6
DA:14,21
DA:15,21
DA:16,21
DA:17,21
DA:22,14
DA:24,14
DA:26,38
DA:27,38
DA:29,14
DA:30,112
DA:31,2
DA:32,2
DA:35,14
DA:36,2
DA:43,9
DA:44,176
DA:48,1
DA:49,1
DA:53,21
DA:54,21
DA:55,21
DA:57,21
DA:58,1
DA:67,21
DA:68,1
DA:69,1
DA:78,21
DA:79,3
DA:82,21
DA:92,5
DA:93,4
DA:94,4
DA:95,4
DA:96,4
DA:98,4
DA:100,4
DA:101,4
DA:102,4
DA:103,4
DA:104,1
DA:105,1
DA:109,21
DA:110,2
DA:111,2
DA:113,21
DA:115,21
DA:116,21
DA:117,1
DA:118,1
DA:119,1
DA:120,1
DA:121,1
DA:122,1
DA:123,1
DA:127,1
DA:129,1
DA:131,0
DA:133,1
DA:134,1
DA:138,1
DA:139,0
DA:141,1
DA:146,21
DA:147,2
DA:148,4
DA:149,2
DA:150,2
DA:151,2
DA:152,2
DA:153,2
DA:154,2
DA:155,1
DA:157,2
DA:158,2
DA:159,1
DA:160,1
DA:161,1
DA:162,1
DA:164,1
DA:165,1
DA:170,21
DA:171,1
DA:172,2
DA:173,1
DA:174,1
DA:175,1
DA:176,1
DA:177,1
DA:178,1
DA:179,0
DA:181,1
DA:182,1
DA:183,1
DA:184,1
DA:185,1
DA:186,1
DA:187,1
DA:188,1
DA:189,1
DA:191,0
DA:192,0
DA:197,21
DA:198,7
DA:199,7
DA:200,7
DA:201,7
DA:202,7
DA:205,21
DA:207,4
DA:208,4
DA:209,4
DA:210,4
DA:213,21
DA:214,2
DA:215,2
DA:216,1
DA:221,1
DA:225,2
DA:228,2
DA:231,19
DA:232,7
DA:233,6
DA:234,6
DA:236,7
DA:237,3
DA:238,3
DA:239,3
DA:241,3
DA:243,7
DA:244,3
DA:247,3
DA:252,21
DA:253,4
DA:254,32
DA:255,32
DA:256,0
DA:258,32
DA:259,32
DA:265,32
DA:266,32
DA:270,84
DA:271,24
DA:273,24
DA:276,4
DA:279,21
DA:280,3
DA:281,3
DA:282,3
DA:283,1
DA:287,21
DA:288,2
DA:289,2
DA:292,21
DA:293,2
DA:294,4
DA:295,4
DA:296,3
DA:297,3
DA:298,3
DA:299,3
DA:304,21
DA:306,7
DA:307,7
DA:308,31
DA:309,7
DA:311,31
DA:312,31
DA:313,0
DA:315,31
DA:317,7
DA:318,31
DA:319,7
DA:321,31
DA:322,31
DA:323,0
DA:325,31
DA:327,7
DA:334,7
DA:343,14
DA:346,21
LF:185
LH:177
BRDA:15,0,0,21
BRDA:15,0,1,20
BRDA:16,1,0,21
BRDA:16,1,1,21
BRDA:17,2,0,12
BRDA:17,2,1,9
BRDA:17,3,0,12
BRDA:17,3,1,7
BRDA:30,4,0,2
BRDA:30,4,1,110
BRDA:30,5,0,112
BRDA:30,5,1,8
BRDA:35,6,0,2
BRDA:35,6,1,12
BRDA:67,7,0,1
BRDA:67,7,1,20
BRDA:67,8,0,21
BRDA:67,8,1,4
BRDA:67,8,2,1
BRDA:67,8,3,1
BRDA:67,8,4,1
BRDA:67,8,5,1
BRDA:78,9,0,3
BRDA:78,9,1,18
BRDA:78,10,0,21
BRDA:78,10,1,4
BRDA:78,10,2,3
BRDA:78,10,3,3
BRDA:78,10,4,3
BRDA:82,11,0,5
BRDA:82,11,1,16
BRDA:82,12,0,21
BRDA:82,12,1,16
BRDA:82,12,2,15
BRDA:82,12,3,13
BRDA:82,12,4,0
BRDA:82,12,5,0
BRDA:82,12,6,0
BRDA:82,12,7,0
BRDA:82,12,8,0
BRDA:92,13,0,4
BRDA:92,13,1,1
BRDA:92,14,0,5
BRDA:92,14,1,4
BRDA:104,15,0,1
BRDA:104,15,1,0
BRDA:109,16,0,2
BRDA:109,16,1,19
BRDA:109,17,0,21
BRDA:109,17,1,4
BRDA:109,17,2,4
BRDA:123,18,0,1
BRDA:123,18,1,0
BRDA:123,19,0,1
BRDA:123,19,1,1
BRDA:123,19,2,0
BRDA:123,19,3,0
BRDA:123,19,4,1
BRDA:123,19,5,1
BRDA:123,19,6,1
BRDA:123,19,7,1
BRDA:127,20,0,1
BRDA:127,20,1,0
BRDA:127,21,0,1
BRDA:127,21,1,1
BRDA:127,21,2,1
BRDA:129,22,0,0
BRDA:129,22,1,1
BRDA:129,23,0,1
BRDA:129,23,1,1
BRDA:129,24,0,1
BRDA:129,24,1,1
BRDA:129,24,2,1
BRDA:133,25,0,1
BRDA:133,25,1,0
BRDA:138,26,0,0
BRDA:138,26,1,1
BRDA:138,27,0,1
BRDA:138,27,1,1
BRDA:146,28,0,2
BRDA:146,28,1,19
BRDA:146,29,0,21
BRDA:146,29,1,4
BRDA:146,29,2,2
BRDA:146,29,3,2
BRDA:152,30,0,2
BRDA:152,30,1,1
BRDA:152,30,2,1
BRDA:154,31,0,1
BRDA:154,31,1,1
BRDA:157,32,0,2
BRDA:157,32,1,0
BRDA:157,33,0,2
BRDA:157,33,1,2
BRDA:158,34,0,1
BRDA:158,34,1,1
BRDA:170,35,0,1
BRDA:170,35,1,20
BRDA:170,36,0,21
BRDA:170,36,1,4
BRDA:170,36,2,2
BRDA:176,37,0,1
BRDA:176,37,1,0
BRDA:176,37,2,0
BRDA:178,38,0,0
BRDA:178,38,1,1
BRDA:181,39,0,1
BRDA:181,39,1,0
BRDA:181,40,0,1
BRDA:181,40,1,1
BRDA:182,41,0,1
BRDA:182,41,1,0
BRDA:197,42,0,7
BRDA:197,42,1,14
BRDA:197,43,0,21
BRDA:197,43,1,12
BRDA:205,44,0,4
BRDA:205,44,1,17
BRDA:205,45,0,21
BRDA:205,45,1,12
BRDA:205,45,2,7
BRDA:205,45,3,4
BRDA:205,45,4,4
BRDA:205,45,5,4
BRDA:213,46,0,2
BRDA:213,46,1,19
BRDA:213,47,0,21
BRDA:213,47,1,12
BRDA:213,47,2,7
BRDA:213,47,3,2
BRDA:213,47,4,2
BRDA:215,48,0,1
BRDA:215,48,1,1
BRDA:231,49,0,7
BRDA:231,49,1,12
BRDA:231,50,0,19
BRDA:231,50,1,12
BRDA:231,50,2,7
BRDA:231,50,3,7
BRDA:232,51,0,6
BRDA:232,51,1,1
BRDA:232,52,0,7
BRDA:232,52,1,1
BRDA:236,53,0,3
BRDA:236,53,1,4
BRDA:238,54,0,3
BRDA:238,54,1,0
BRDA:243,55,0,3
BRDA:243,55,1,4
BRDA:252,56,0,4
BRDA:252,56,1,17
BRDA:255,57,0,0
BRDA:255,57,1,32
BRDA:266,58,0,24
BRDA:266,58,1,8
BRDA:266,59,0,32
BRDA:266,59,1,24
BRDA:266,59,2,24
BRDA:266,59,3,24
BRDA:270,60,0,24
BRDA:270,60,1,0
BRDA:279,61,0,3
BRDA:279,61,1,18
BRDA:282,62,0,1
BRDA:282,62,1,2
BRDA:287,63,0,2
BRDA:287,63,1,19
BRDA:287,64,0,21
BRDA:287,64,1,0
BRDA:287,64,2,21
BRDA:292,65,0,2
BRDA:292,65,1,19
BRDA:292,66,0,21
BRDA:292,66,1,2
BRDA:304,67,0,7
BRDA:304,67,1,14
BRDA:312,68,0,0
BRDA:312,68,1,31
BRDA:322,69,0,0
BRDA:322,69,1,31
BRF:180
BRH:155
end_of_record
